<?xml version="1.0" encoding="UTF-8"?>
<robot generator="Robot 6.0.2 (Python 3.9.5 on win32)" generated="20230301 19:01:18.927" rpa="false" schemaversion="3">
<suite id="s1" name="Tests" source="C:\Users\Ashish\PycharmProjects\Robot_framework_makemytrip\tests">
<suite id="s1-s1" name="Test Three" source="C:\Users\Ashish\PycharmProjects\Robot_framework_makemytrip\tests\test_three.robot">
<kw name="Open the base url" library="initialize_resource" type="SETUP">
<if>
<branch type="IF" condition="'${browser}'=='chrome'">
<kw name="Open Browser" library="SeleniumLibrary">
<arg>${url}</arg>
<arg>browser=${browser}</arg>
<arg>options=add_argument("--disable-extensions");add_argument("--start-maximized")</arg>
<arg>desired_capabilities={"pageLoadStrategy": "none"}</arg>
<arg>executable_path=../Webdrivers/chromedriver.exe</arg>
<doc>Opens a new browser instance to the optional ``url``.</doc>
<status status="NOT RUN" starttime="20230301 19:01:19.383" endtime="20230301 19:01:19.384"/>
</kw>
<status status="NOT RUN" starttime="20230301 19:01:19.383" endtime="20230301 19:01:19.384"/>
</branch>
<branch type="ELSE IF" condition="'${browser}'=='firefox'">
<kw name="Open Browser" library="SeleniumLibrary">
<arg>${url}</arg>
<arg>browser=${browser}</arg>
<arg>options=add_argument("--disable-extensions");add_argument("--start-maximized")</arg>
<arg>desired_capabilities={"pageLoadStrategy": "none"}</arg>
<arg>executable_path=../Webdrivers/geckodriver.exe</arg>
<doc>Opens a new browser instance to the optional ``url``.</doc>
<msg timestamp="20230301 19:01:19.385" level="INFO">Opening browser 'firefox' to base url 'https://www.makemytrip.com/'.</msg>
<msg timestamp="20230301 19:01:19.388" level="INFO">Firefox driver log is always forced to to: C:\Users\Ashish\PycharmProjects\Robot_framework_makemytrip\tests\pabot_results\1\geckodriver-1.log</msg>
<status status="PASS" starttime="20230301 19:01:19.384" endtime="20230301 19:01:26.302"/>
</kw>
<status status="PASS" starttime="20230301 19:01:19.384" endtime="20230301 19:01:26.302"/>
</branch>
<status status="PASS" starttime="20230301 19:01:19.383" endtime="20230301 19:01:26.302"/>
</if>
<kw name="Set Browser Implicit Wait" library="SeleniumLibrary">
<arg>5</arg>
<doc>Sets the implicit wait value used by Selenium.</doc>
<status status="PASS" starttime="20230301 19:01:26.303" endtime="20230301 19:01:26.307"/>
</kw>
<kw name="Set Selenium Timeout" library="SeleniumLibrary">
<arg>15</arg>
<doc>Sets the timeout that is used by various keywords.</doc>
<status status="PASS" starttime="20230301 19:01:26.307" endtime="20230301 19:01:26.310"/>
</kw>
<kw name="Sleep" library="BuiltIn">
<arg>3</arg>
<doc>Pauses the test executed for the given time.</doc>
<msg timestamp="20230301 19:01:29.322" level="INFO">Slept 3 seconds</msg>
<status status="PASS" starttime="20230301 19:01:26.310" endtime="20230301 19:01:29.322"/>
</kw>
<status status="PASS" starttime="20230301 19:01:19.383" endtime="20230301 19:01:29.322"/>
</kw>
<test id="s1-s1-t1" name="select from and to airports" line="16">
<kw name="select airports from" library="homepage_resource">
<arg>MAA</arg>
<arg>BOM</arg>
<kw name="Sleep" library="BuiltIn">
<arg>5</arg>
<doc>Pauses the test executed for the given time.</doc>
<msg timestamp="20230301 19:01:34.327" level="INFO">Slept 5 seconds</msg>
<status status="PASS" starttime="20230301 19:01:29.323" endtime="20230301 19:01:34.327"/>
</kw>
<kw name="close additional windows" library="initialize_resource">
<kw name="Get Window Handles" library="SeleniumLibrary">
<var>@{window_titles}</var>
<doc>Returns all child window handles of the selected browser as a list.</doc>
<msg timestamp="20230301 19:01:34.330" level="INFO">@{window_titles} = [ cb102d9c-44cd-4bf7-b1e0-897d20b58bac ]</msg>
<status status="PASS" starttime="20230301 19:01:34.328" endtime="20230301 19:01:34.330"/>
</kw>
<kw name="Get Length" library="BuiltIn">
<var>${length_of_windows}</var>
<arg>${window_titles}</arg>
<doc>Returns and logs the length of the given item as an integer.</doc>
<msg timestamp="20230301 19:01:34.331" level="INFO">Length is 1</msg>
<msg timestamp="20230301 19:01:34.331" level="INFO">${length_of_windows} = 1</msg>
<status status="PASS" starttime="20230301 19:01:34.330" endtime="20230301 19:01:34.331"/>
</kw>
<kw name="Run Keyword If" library="BuiltIn">
<arg>'${length_of_windows}'&gt;'1'</arg>
<arg>run keywords</arg>
<arg>switch window</arg>
<arg>index=1</arg>
<arg>AND</arg>
<arg>close window</arg>
<arg>AND</arg>
<arg>switch window</arg>
<arg>index=0</arg>
<arg>ELSE</arg>
<arg>log</arg>
<arg>no additional tabs opened</arg>
<doc>Runs the given keyword with the given arguments, if ``condition`` is true.</doc>
<kw name="Log" library="BuiltIn">
<arg>no additional tabs opened</arg>
<doc>Logs the given message with the given level.</doc>
<msg timestamp="20230301 19:01:34.331" level="INFO">no additional tabs opened</msg>
<status status="PASS" starttime="20230301 19:01:34.331" endtime="20230301 19:01:34.331"/>
</kw>
<status status="PASS" starttime="20230301 19:01:34.331" endtime="20230301 19:01:34.331"/>
</kw>
<status status="PASS" starttime="20230301 19:01:34.327" endtime="20230301 19:01:34.332"/>
</kw>
<kw name="Click Element" library="SeleniumLibrary">
<arg>css:#fromCity</arg>
<doc>Click the element identified by ``locator``.</doc>
<msg timestamp="20230301 19:01:34.332" level="INFO">Clicking element 'css:#fromCity'.</msg>
<status status="PASS" starttime="20230301 19:01:34.332" endtime="20230301 19:01:34.620"/>
</kw>
<kw name="Sleep" library="BuiltIn">
<arg>2</arg>
<doc>Pauses the test executed for the given time.</doc>
<msg timestamp="20230301 19:01:36.621" level="INFO">Slept 2 seconds</msg>
<status status="PASS" starttime="20230301 19:01:34.620" endtime="20230301 19:01:36.621"/>
</kw>
<kw name="Input Text" library="SeleniumLibrary">
<arg>xpath://input[@placeholder='From']</arg>
<arg>${from}</arg>
<doc>Types the given ``text`` into the text field identified by ``locator``.</doc>
<msg timestamp="20230301 19:01:36.622" level="INFO">Typing text 'MAA' into text field 'xpath://input[@placeholder='From']'.</msg>
<status status="PASS" starttime="20230301 19:01:36.621" endtime="20230301 19:01:36.653"/>
</kw>
<kw name="Sleep" library="BuiltIn">
<arg>2</arg>
<doc>Pauses the test executed for the given time.</doc>
<msg timestamp="20230301 19:01:38.669" level="INFO">Slept 2 seconds</msg>
<status status="PASS" starttime="20230301 19:01:36.653" endtime="20230301 19:01:38.669"/>
</kw>
<kw name="Press Keys" library="SeleniumLibrary">
<arg>None</arg>
<arg>DOWN</arg>
<doc>Simulates the user pressing key(s) to an element or on the active browser.</doc>
<msg timestamp="20230301 19:01:38.670" level="INFO">Sending key(s) ('DOWN',) to page.</msg>
<msg timestamp="20230301 19:01:38.670" level="INFO">Pressing special key DOWN to browser.</msg>
<msg timestamp="20230301 19:01:38.670" level="INFO">Releasing special key DOWN.</msg>
<status status="PASS" starttime="20230301 19:01:38.669" endtime="20230301 19:01:38.682"/>
</kw>
<kw name="Press Keys" library="SeleniumLibrary">
<arg>None</arg>
<arg>ENTER</arg>
<doc>Simulates the user pressing key(s) to an element or on the active browser.</doc>
<msg timestamp="20230301 19:01:38.682" level="INFO">Sending key(s) ('ENTER',) to page.</msg>
<msg timestamp="20230301 19:01:38.682" level="INFO">Pressing special key ENTER to browser.</msg>
<msg timestamp="20230301 19:01:38.682" level="INFO">Releasing special key ENTER.</msg>
<status status="PASS" starttime="20230301 19:01:38.682" endtime="20230301 19:01:38.708"/>
</kw>
<kw name="Click Element" library="SeleniumLibrary">
<arg>css:#toCity</arg>
<doc>Click the element identified by ``locator``.</doc>
<msg timestamp="20230301 19:01:38.708" level="INFO">Clicking element 'css:#toCity'.</msg>
<status status="PASS" starttime="20230301 19:01:38.708" endtime="20230301 19:01:38.951"/>
</kw>
<kw name="Input Text" library="SeleniumLibrary">
<arg>xpath://input[@placeholder='To']</arg>
<arg>${to}</arg>
<doc>Types the given ``text`` into the text field identified by ``locator``.</doc>
<msg timestamp="20230301 19:01:38.952" level="INFO">Typing text 'BOM' into text field 'xpath://input[@placeholder='To']'.</msg>
<status status="PASS" starttime="20230301 19:01:38.952" endtime="20230301 19:01:38.973"/>
</kw>
<kw name="Sleep" library="BuiltIn">
<arg>2</arg>
<doc>Pauses the test executed for the given time.</doc>
<msg timestamp="20230301 19:01:40.978" level="INFO">Slept 2 seconds</msg>
<status status="PASS" starttime="20230301 19:01:38.973" endtime="20230301 19:01:40.978"/>
</kw>
<kw name="Press Keys" library="SeleniumLibrary">
<arg>None</arg>
<arg>DOWN</arg>
<doc>Simulates the user pressing key(s) to an element or on the active browser.</doc>
<msg timestamp="20230301 19:01:40.979" level="INFO">Sending key(s) ('DOWN',) to page.</msg>
<msg timestamp="20230301 19:01:40.979" level="INFO">Pressing special key DOWN to browser.</msg>
<msg timestamp="20230301 19:01:40.979" level="INFO">Releasing special key DOWN.</msg>
<status status="PASS" starttime="20230301 19:01:40.978" endtime="20230301 19:01:40.996"/>
</kw>
<kw name="Press Keys" library="SeleniumLibrary">
<arg>None</arg>
<arg>ENTER</arg>
<doc>Simulates the user pressing key(s) to an element or on the active browser.</doc>
<msg timestamp="20230301 19:01:40.997" level="INFO">Sending key(s) ('ENTER',) to page.</msg>
<msg timestamp="20230301 19:01:40.997" level="INFO">Pressing special key ENTER to browser.</msg>
<msg timestamp="20230301 19:01:40.997" level="INFO">Releasing special key ENTER.</msg>
<status status="PASS" starttime="20230301 19:01:40.996" endtime="20230301 19:01:41.057"/>
</kw>
<status status="PASS" starttime="20230301 19:01:29.323" endtime="20230301 19:01:41.057"/>
</kw>
<status status="PASS" starttime="20230301 19:01:29.322" endtime="20230301 19:01:41.058"/>
</test>
<test id="s1-s1-t2" name="select departure date" line="19">
<kw name="Create List" library="BuiltIn">
<var>@{Departure_date}</var>
<arg>Sat</arg>
<arg>May</arg>
<arg>13</arg>
<arg>2023</arg>
<doc>Returns a list containing given items.</doc>
<msg timestamp="20230301 19:01:41.059" level="INFO">@{Departure_date} = [ Sat | May | 13 | 2023 ]</msg>
<status status="PASS" starttime="20230301 19:01:41.059" endtime="20230301 19:01:41.059"/>
</kw>
<kw name="select departure date" library="homepage_resource">
<arg>${Departure_date}</arg>
<kw name="Compute Selector" library="Dateselection">
<arg>${Departure_date}[0]</arg>
<arg>${Departure_date}[1]</arg>
<arg>${Departure_date}[2]</arg>
<arg>${Departure_date}[3]</arg>
<msg timestamp="20230301 19:01:41.060" level="INFO">Clicking element 'xpath://div[@aria-label='Sat May 13 2023']'.</msg>
<msg timestamp="20230301 19:01:46.076" level="INFO">Clicking element 'xpath://span[@aria-label='Next Month']'.</msg>
<msg timestamp="20230301 19:01:46.314" level="INFO">Clicking element 'xpath://div[@aria-label='Sat May 13 2023']'.</msg>
<status status="PASS" starttime="20230301 19:01:41.060" endtime="20230301 19:01:46.541"/>
</kw>
<status status="PASS" starttime="20230301 19:01:41.059" endtime="20230301 19:01:46.541"/>
</kw>
<status status="PASS" starttime="20230301 19:01:41.058" endtime="20230301 19:01:46.541"/>
</test>
<test id="s1-s1-t3" name="click on search" line="23">
<kw name="click on search" library="homepage_resource">
<kw name="Click Element" library="SeleniumLibrary">
<arg>xpath://a[contains(text(),'Search')]</arg>
<doc>Click the element identified by ``locator``.</doc>
<msg timestamp="20230301 19:01:46.543" level="INFO">Clicking element 'xpath://a[contains(text(),'Search')]'.</msg>
<status status="PASS" starttime="20230301 19:01:46.543" endtime="20230301 19:01:48.358"/>
</kw>
<kw name="Sleep" library="BuiltIn">
<arg>10</arg>
<doc>Pauses the test executed for the given time.</doc>
<msg timestamp="20230301 19:01:58.359" level="INFO">Slept 10 seconds</msg>
<status status="PASS" starttime="20230301 19:01:48.358" endtime="20230301 19:01:58.359"/>
</kw>
<status status="PASS" starttime="20230301 19:01:46.542" endtime="20230301 19:01:58.359"/>
</kw>
<status status="PASS" starttime="20230301 19:01:46.542" endtime="20230301 19:01:58.359"/>
</test>
<test id="s1-s1-t4" name="close pop up" line="26">
<kw name="Element Occurrence" library="Searchpageelements">
<arg>xpath://span[@class='bgProperties icon20 overlayCrossIcon']</arg>
<arg>timeout=10</arg>
<msg timestamp="20230301 19:02:01.385" level="INFO">Clicking element 'xpath://span[@class='bgProperties icon20 overlayCrossIcon']'.</msg>
<status status="PASS" starttime="20230301 19:01:58.360" endtime="20230301 19:02:01.630"/>
</kw>
<status status="PASS" starttime="20230301 19:01:58.360" endtime="20230301 19:02:01.630"/>
</test>
<test id="s1-s1-t5" name="expand and fetch all flights details available one way" line="29">
<kw name="expand all flights available in page" library="flight_details">
<kw name="Sleep" library="BuiltIn">
<arg>2</arg>
<doc>Pauses the test executed for the given time.</doc>
<msg timestamp="20230301 19:02:03.641" level="INFO">Slept 2 seconds</msg>
<status status="PASS" starttime="20230301 19:02:01.631" endtime="20230301 19:02:03.641"/>
</kw>
<kw name="Execute Javascript" library="SeleniumLibrary">
<arg>window.scrollTo(0,document.body.scrollHeight)</arg>
<doc>Executes the given JavaScript code with possible arguments.</doc>
<msg timestamp="20230301 19:02:03.642" level="INFO">Executing JavaScript:
window.scrollTo(0,document.body.scrollHeight)
Without any arguments.</msg>
<status status="PASS" starttime="20230301 19:02:03.641" endtime="20230301 19:02:03.722"/>
</kw>
<kw name="Execute Javascript" library="SeleniumLibrary">
<arg>window.scrollTo(0,document.body.scrollHeight)</arg>
<doc>Executes the given JavaScript code with possible arguments.</doc>
<msg timestamp="20230301 19:02:03.722" level="INFO">Executing JavaScript:
window.scrollTo(0,document.body.scrollHeight)
Without any arguments.</msg>
<status status="PASS" starttime="20230301 19:02:03.722" endtime="20230301 19:02:03.751"/>
</kw>
<kw name="Sleep" library="BuiltIn">
<arg>2</arg>
<doc>Pauses the test executed for the given time.</doc>
<msg timestamp="20230301 19:02:05.759" level="INFO">Slept 2 seconds</msg>
<status status="PASS" starttime="20230301 19:02:03.751" endtime="20230301 19:02:05.759"/>
</kw>
<kw name="Get Element Count" library="SeleniumLibrary">
<var>${get_expand_count}</var>
<arg>xpath://div[contains(@class,'groupBookingCard')]</arg>
<doc>Returns the number of elements matching ``locator``.</doc>
<msg timestamp="20230301 19:02:05.763" level="INFO">${get_expand_count} = 1</msg>
<status status="PASS" starttime="20230301 19:02:05.759" endtime="20230301 19:02:05.763"/>
</kw>
<for flavor="IN RANGE">
<var>${i}</var>
<value>1</value>
<value>${get_expand_count+1}</value>
<iter>
<var name="${i}">1</var>
<kw name="Click Element" library="SeleniumLibrary">
<arg>xpath://div[contains(@class,'groupBookingCard')][${i}]/div[2]/div/div/div[2]/div[4]/div/button</arg>
<doc>Click the element identified by ``locator``.</doc>
<msg timestamp="20230301 19:02:05.765" level="INFO">Clicking element 'xpath://div[contains(@class,'groupBookingCard')][1]/div[2]/div/div/div[2]/div[4]/div/button'.</msg>
<status status="PASS" starttime="20230301 19:02:05.764" endtime="20230301 19:02:06.155"/>
</kw>
<status status="PASS" starttime="20230301 19:02:05.764" endtime="20230301 19:02:06.155"/>
</iter>
<status status="PASS" starttime="20230301 19:02:05.763" endtime="20230301 19:02:06.155"/>
</for>
<status status="PASS" starttime="20230301 19:02:01.631" endtime="20230301 19:02:06.156"/>
</kw>
<kw name="extract flight details one way" library="flight_details">
<kw name="Set Variable" library="BuiltIn">
<var>${flights}</var>
<arg>xpath://div[contains(@id,'flight_list_item')]</arg>
<doc>Returns the given values which can then be assigned to a variables.</doc>
<msg timestamp="20230301 19:02:06.156" level="INFO">${flights} = xpath://div[contains(@id,'flight_list_item')]</msg>
<status status="PASS" starttime="20230301 19:02:06.156" endtime="20230301 19:02:06.156"/>
</kw>
<kw name="Get Element Count" library="SeleniumLibrary">
<var>${flights_count}</var>
<arg>xpath://div[contains(@id,'flight_list_item')]</arg>
<doc>Returns the number of elements matching ``locator``.</doc>
<msg timestamp="20230301 19:02:06.162" level="INFO">${flights_count} = 41</msg>
<status status="PASS" starttime="20230301 19:02:06.156" endtime="20230301 19:02:06.162"/>
</kw>
<for flavor="IN RANGE">
<var>${i}</var>
<value>1</value>
<value>${flights_count+1}</value>
<iter>
<var name="${i}">1</var>
<kw name="Get Element Count" library="SeleniumLibrary">
<var>${count_individual_xpath}</var>
<arg>xpath://div[contains(@id,'flight_list_item')][${i}]/div/div[2]/div/div/p[1]</arg>
<doc>Returns the number of elements matching ``locator``.</doc>
<msg timestamp="20230301 19:02:06.166" level="INFO">${count_individual_xpath} = 2</msg>
<status status="PASS" starttime="20230301 19:02:06.163" endtime="20230301 19:02:06.166"/>
</kw>
<if>
<branch type="IF" condition="${count_individual_xpath} &gt; 0">
<kw name="Wait Until Page Contains Element" library="SeleniumLibrary">
<arg>xpath://div[contains(@id,'flight_list_item')][${i}]/div/div[2]/div/div/p[1]</arg>
<doc>Waits until the element ``locator`` appears on the current page.</doc>
<status status="PASS" starttime="20230301 19:02:06.166" endtime="20230301 19:02:06.169"/>
</kw>
<kw name="Get Text" library="SeleniumLibrary">
<var>${fight_name}</var>
<arg>xpath://div[contains(@id,'flight_list_item')][${i}]/div/div[2]/div/div/p[1]</arg>
<doc>Returns the text value of the element identified by ``locator``.</doc>
<msg timestamp="20230301 19:02:06.184" level="INFO">${fight_name} = Air India</msg>
<status status="PASS" starttime="20230301 19:02:06.169" endtime="20230301 19:02:06.184"/>
</kw>
<kw name="Log" library="BuiltIn">
<arg>${fight_name}</arg>
<doc>Logs the given message with the given level.</doc>
<msg timestamp="20230301 19:02:06.185" level="INFO">Air India</msg>
<status status="PASS" starttime="20230301 19:02:06.184" endtime="20230301 19:02:06.185"/>
</kw>
<status status="PASS" starttime="20230301 19:02:06.166" endtime="20230301 19:02:06.185"/>
</branch>
<status status="PASS" starttime="20230301 19:02:06.166" endtime="20230301 19:02:06.185"/>
</if>
<status status="PASS" starttime="20230301 19:02:06.162" endtime="20230301 19:02:06.185"/>
</iter>
<iter>
<var name="${i}">2</var>
<kw name="Get Element Count" library="SeleniumLibrary">
<var>${count_individual_xpath}</var>
<arg>xpath://div[contains(@id,'flight_list_item')][${i}]/div/div[2]/div/div/p[1]</arg>
<doc>Returns the number of elements matching ``locator``.</doc>
<msg timestamp="20230301 19:02:06.188" level="INFO">${count_individual_xpath} = 2</msg>
<status status="PASS" starttime="20230301 19:02:06.185" endtime="20230301 19:02:06.188"/>
</kw>
<if>
<branch type="IF" condition="${count_individual_xpath} &gt; 0">
<kw name="Wait Until Page Contains Element" library="SeleniumLibrary">
<arg>xpath://div[contains(@id,'flight_list_item')][${i}]/div/div[2]/div/div/p[1]</arg>
<doc>Waits until the element ``locator`` appears on the current page.</doc>
<status status="PASS" starttime="20230301 19:02:06.188" endtime="20230301 19:02:06.191"/>
</kw>
<kw name="Get Text" library="SeleniumLibrary">
<var>${fight_name}</var>
<arg>xpath://div[contains(@id,'flight_list_item')][${i}]/div/div[2]/div/div/p[1]</arg>
<doc>Returns the text value of the element identified by ``locator``.</doc>
<msg timestamp="20230301 19:02:06.196" level="INFO">${fight_name} = Air India</msg>
<status status="PASS" starttime="20230301 19:02:06.191" endtime="20230301 19:02:06.196"/>
</kw>
<kw name="Log" library="BuiltIn">
<arg>${fight_name}</arg>
<doc>Logs the given message with the given level.</doc>
<msg timestamp="20230301 19:02:06.197" level="INFO">Air India</msg>
<status status="PASS" starttime="20230301 19:02:06.196" endtime="20230301 19:02:06.197"/>
</kw>
<status status="PASS" starttime="20230301 19:02:06.188" endtime="20230301 19:02:06.197"/>
</branch>
<status status="PASS" starttime="20230301 19:02:06.188" endtime="20230301 19:02:06.197"/>
</if>
<status status="PASS" starttime="20230301 19:02:06.185" endtime="20230301 19:02:06.197"/>
</iter>
<iter>
<var name="${i}">3</var>
<kw name="Get Element Count" library="SeleniumLibrary">
<var>${count_individual_xpath}</var>
<arg>xpath://div[contains(@id,'flight_list_item')][${i}]/div/div[2]/div/div/p[1]</arg>
<doc>Returns the number of elements matching ``locator``.</doc>
<msg timestamp="20230301 19:02:06.200" level="INFO">${count_individual_xpath} = 2</msg>
<status status="PASS" starttime="20230301 19:02:06.197" endtime="20230301 19:02:06.200"/>
</kw>
<if>
<branch type="IF" condition="${count_individual_xpath} &gt; 0">
<kw name="Wait Until Page Contains Element" library="SeleniumLibrary">
<arg>xpath://div[contains(@id,'flight_list_item')][${i}]/div/div[2]/div/div/p[1]</arg>
<doc>Waits until the element ``locator`` appears on the current page.</doc>
<status status="PASS" starttime="20230301 19:02:06.200" endtime="20230301 19:02:06.202"/>
</kw>
<kw name="Get Text" library="SeleniumLibrary">
<var>${fight_name}</var>
<arg>xpath://div[contains(@id,'flight_list_item')][${i}]/div/div[2]/div/div/p[1]</arg>
<doc>Returns the text value of the element identified by ``locator``.</doc>
<msg timestamp="20230301 19:02:06.208" level="INFO">${fight_name} = Akasa Air</msg>
<status status="PASS" starttime="20230301 19:02:06.203" endtime="20230301 19:02:06.208"/>
</kw>
<kw name="Log" library="BuiltIn">
<arg>${fight_name}</arg>
<doc>Logs the given message with the given level.</doc>
<msg timestamp="20230301 19:02:06.209" level="INFO">Akasa Air</msg>
<status status="PASS" starttime="20230301 19:02:06.209" endtime="20230301 19:02:06.209"/>
</kw>
<status status="PASS" starttime="20230301 19:02:06.200" endtime="20230301 19:02:06.209"/>
</branch>
<status status="PASS" starttime="20230301 19:02:06.200" endtime="20230301 19:02:06.209"/>
</if>
<status status="PASS" starttime="20230301 19:02:06.197" endtime="20230301 19:02:06.209"/>
</iter>
<iter>
<var name="${i}">4</var>
<kw name="Get Element Count" library="SeleniumLibrary">
<var>${count_individual_xpath}</var>
<arg>xpath://div[contains(@id,'flight_list_item')][${i}]/div/div[2]/div/div/p[1]</arg>
<doc>Returns the number of elements matching ``locator``.</doc>
<msg timestamp="20230301 19:02:06.213" level="INFO">${count_individual_xpath} = 2</msg>
<status status="PASS" starttime="20230301 19:02:06.210" endtime="20230301 19:02:06.213"/>
</kw>
<if>
<branch type="IF" condition="${count_individual_xpath} &gt; 0">
<kw name="Wait Until Page Contains Element" library="SeleniumLibrary">
<arg>xpath://div[contains(@id,'flight_list_item')][${i}]/div/div[2]/div/div/p[1]</arg>
<doc>Waits until the element ``locator`` appears on the current page.</doc>
<status status="PASS" starttime="20230301 19:02:06.213" endtime="20230301 19:02:06.216"/>
</kw>
<kw name="Get Text" library="SeleniumLibrary">
<var>${fight_name}</var>
<arg>xpath://div[contains(@id,'flight_list_item')][${i}]/div/div[2]/div/div/p[1]</arg>
<doc>Returns the text value of the element identified by ``locator``.</doc>
<msg timestamp="20230301 19:02:06.222" level="INFO">${fight_name} = Akasa Air</msg>
<status status="PASS" starttime="20230301 19:02:06.216" endtime="20230301 19:02:06.222"/>
</kw>
<kw name="Log" library="BuiltIn">
<arg>${fight_name}</arg>
<doc>Logs the given message with the given level.</doc>
<msg timestamp="20230301 19:02:06.222" level="INFO">Akasa Air</msg>
<status status="PASS" starttime="20230301 19:02:06.222" endtime="20230301 19:02:06.222"/>
</kw>
<status status="PASS" starttime="20230301 19:02:06.213" endtime="20230301 19:02:06.222"/>
</branch>
<status status="PASS" starttime="20230301 19:02:06.213" endtime="20230301 19:02:06.222"/>
</if>
<status status="PASS" starttime="20230301 19:02:06.209" endtime="20230301 19:02:06.222"/>
</iter>
<iter>
<var name="${i}">5</var>
<kw name="Get Element Count" library="SeleniumLibrary">
<var>${count_individual_xpath}</var>
<arg>xpath://div[contains(@id,'flight_list_item')][${i}]/div/div[2]/div/div/p[1]</arg>
<doc>Returns the number of elements matching ``locator``.</doc>
<msg timestamp="20230301 19:02:06.225" level="INFO">${count_individual_xpath} = 2</msg>
<status status="PASS" starttime="20230301 19:02:06.223" endtime="20230301 19:02:06.225"/>
</kw>
<if>
<branch type="IF" condition="${count_individual_xpath} &gt; 0">
<kw name="Wait Until Page Contains Element" library="SeleniumLibrary">
<arg>xpath://div[contains(@id,'flight_list_item')][${i}]/div/div[2]/div/div/p[1]</arg>
<doc>Waits until the element ``locator`` appears on the current page.</doc>
<status status="PASS" starttime="20230301 19:02:06.226" endtime="20230301 19:02:06.228"/>
</kw>
<kw name="Get Text" library="SeleniumLibrary">
<var>${fight_name}</var>
<arg>xpath://div[contains(@id,'flight_list_item')][${i}]/div/div[2]/div/div/p[1]</arg>
<doc>Returns the text value of the element identified by ``locator``.</doc>
<msg timestamp="20230301 19:02:06.235" level="INFO">${fight_name} = Air India</msg>
<status status="PASS" starttime="20230301 19:02:06.228" endtime="20230301 19:02:06.235"/>
</kw>
<kw name="Log" library="BuiltIn">
<arg>${fight_name}</arg>
<doc>Logs the given message with the given level.</doc>
<msg timestamp="20230301 19:02:06.235" level="INFO">Air India</msg>
<status status="PASS" starttime="20230301 19:02:06.235" endtime="20230301 19:02:06.235"/>
</kw>
<status status="PASS" starttime="20230301 19:02:06.225" endtime="20230301 19:02:06.235"/>
</branch>
<status status="PASS" starttime="20230301 19:02:06.225" endtime="20230301 19:02:06.235"/>
</if>
<status status="PASS" starttime="20230301 19:02:06.222" endtime="20230301 19:02:06.235"/>
</iter>
<iter>
<var name="${i}">6</var>
<kw name="Get Element Count" library="SeleniumLibrary">
<var>${count_individual_xpath}</var>
<arg>xpath://div[contains(@id,'flight_list_item')][${i}]/div/div[2]/div/div/p[1]</arg>
<doc>Returns the number of elements matching ``locator``.</doc>
<msg timestamp="20230301 19:02:06.240" level="INFO">${count_individual_xpath} = 2</msg>
<status status="PASS" starttime="20230301 19:02:06.236" endtime="20230301 19:02:06.240"/>
</kw>
<if>
<branch type="IF" condition="${count_individual_xpath} &gt; 0">
<kw name="Wait Until Page Contains Element" library="SeleniumLibrary">
<arg>xpath://div[contains(@id,'flight_list_item')][${i}]/div/div[2]/div/div/p[1]</arg>
<doc>Waits until the element ``locator`` appears on the current page.</doc>
<status status="PASS" starttime="20230301 19:02:06.240" endtime="20230301 19:02:06.243"/>
</kw>
<kw name="Get Text" library="SeleniumLibrary">
<var>${fight_name}</var>
<arg>xpath://div[contains(@id,'flight_list_item')][${i}]/div/div[2]/div/div/p[1]</arg>
<doc>Returns the text value of the element identified by ``locator``.</doc>
<msg timestamp="20230301 19:02:06.250" level="INFO">${fight_name} = Vistara</msg>
<status status="PASS" starttime="20230301 19:02:06.243" endtime="20230301 19:02:06.250"/>
</kw>
<kw name="Log" library="BuiltIn">
<arg>${fight_name}</arg>
<doc>Logs the given message with the given level.</doc>
<msg timestamp="20230301 19:02:06.250" level="INFO">Vistara</msg>
<status status="PASS" starttime="20230301 19:02:06.250" endtime="20230301 19:02:06.250"/>
</kw>
<status status="PASS" starttime="20230301 19:02:06.240" endtime="20230301 19:02:06.250"/>
</branch>
<status status="PASS" starttime="20230301 19:02:06.240" endtime="20230301 19:02:06.250"/>
</if>
<status status="PASS" starttime="20230301 19:02:06.235" endtime="20230301 19:02:06.250"/>
</iter>
<iter>
<var name="${i}">7</var>
<kw name="Get Element Count" library="SeleniumLibrary">
<var>${count_individual_xpath}</var>
<arg>xpath://div[contains(@id,'flight_list_item')][${i}]/div/div[2]/div/div/p[1]</arg>
<doc>Returns the number of elements matching ``locator``.</doc>
<msg timestamp="20230301 19:02:06.254" level="INFO">${count_individual_xpath} = 2</msg>
<status status="PASS" starttime="20230301 19:02:06.251" endtime="20230301 19:02:06.254"/>
</kw>
<if>
<branch type="IF" condition="${count_individual_xpath} &gt; 0">
<kw name="Wait Until Page Contains Element" library="SeleniumLibrary">
<arg>xpath://div[contains(@id,'flight_list_item')][${i}]/div/div[2]/div/div/p[1]</arg>
<doc>Waits until the element ``locator`` appears on the current page.</doc>
<status status="PASS" starttime="20230301 19:02:06.254" endtime="20230301 19:02:06.257"/>
</kw>
<kw name="Get Text" library="SeleniumLibrary">
<var>${fight_name}</var>
<arg>xpath://div[contains(@id,'flight_list_item')][${i}]/div/div[2]/div/div/p[1]</arg>
<doc>Returns the text value of the element identified by ``locator``.</doc>
<msg timestamp="20230301 19:02:06.262" level="INFO">${fight_name} = Vistara</msg>
<status status="PASS" starttime="20230301 19:02:06.257" endtime="20230301 19:02:06.262"/>
</kw>
<kw name="Log" library="BuiltIn">
<arg>${fight_name}</arg>
<doc>Logs the given message with the given level.</doc>
<msg timestamp="20230301 19:02:06.262" level="INFO">Vistara</msg>
<status status="PASS" starttime="20230301 19:02:06.262" endtime="20230301 19:02:06.262"/>
</kw>
<status status="PASS" starttime="20230301 19:02:06.254" endtime="20230301 19:02:06.263"/>
</branch>
<status status="PASS" starttime="20230301 19:02:06.254" endtime="20230301 19:02:06.263"/>
</if>
<status status="PASS" starttime="20230301 19:02:06.250" endtime="20230301 19:02:06.263"/>
</iter>
<iter>
<var name="${i}">8</var>
<kw name="Get Element Count" library="SeleniumLibrary">
<var>${count_individual_xpath}</var>
<arg>xpath://div[contains(@id,'flight_list_item')][${i}]/div/div[2]/div/div/p[1]</arg>
<doc>Returns the number of elements matching ``locator``.</doc>
<msg timestamp="20230301 19:02:06.265" level="INFO">${count_individual_xpath} = 2</msg>
<status status="PASS" starttime="20230301 19:02:06.263" endtime="20230301 19:02:06.266"/>
</kw>
<if>
<branch type="IF" condition="${count_individual_xpath} &gt; 0">
<kw name="Wait Until Page Contains Element" library="SeleniumLibrary">
<arg>xpath://div[contains(@id,'flight_list_item')][${i}]/div/div[2]/div/div/p[1]</arg>
<doc>Waits until the element ``locator`` appears on the current page.</doc>
<status status="PASS" starttime="20230301 19:02:06.266" endtime="20230301 19:02:06.268"/>
</kw>
<kw name="Get Text" library="SeleniumLibrary">
<var>${fight_name}</var>
<arg>xpath://div[contains(@id,'flight_list_item')][${i}]/div/div[2]/div/div/p[1]</arg>
<doc>Returns the text value of the element identified by ``locator``.</doc>
<msg timestamp="20230301 19:02:06.274" level="INFO">${fight_name} = SpiceJet</msg>
<status status="PASS" starttime="20230301 19:02:06.269" endtime="20230301 19:02:06.274"/>
</kw>
<kw name="Log" library="BuiltIn">
<arg>${fight_name}</arg>
<doc>Logs the given message with the given level.</doc>
<msg timestamp="20230301 19:02:06.275" level="INFO">SpiceJet</msg>
<status status="PASS" starttime="20230301 19:02:06.274" endtime="20230301 19:02:06.275"/>
</kw>
<status status="PASS" starttime="20230301 19:02:06.266" endtime="20230301 19:02:06.275"/>
</branch>
<status status="PASS" starttime="20230301 19:02:06.266" endtime="20230301 19:02:06.275"/>
</if>
<status status="PASS" starttime="20230301 19:02:06.263" endtime="20230301 19:02:06.275"/>
</iter>
<iter>
<var name="${i}">9</var>
<kw name="Get Element Count" library="SeleniumLibrary">
<var>${count_individual_xpath}</var>
<arg>xpath://div[contains(@id,'flight_list_item')][${i}]/div/div[2]/div/div/p[1]</arg>
<doc>Returns the number of elements matching ``locator``.</doc>
<msg timestamp="20230301 19:02:06.278" level="INFO">${count_individual_xpath} = 2</msg>
<status status="PASS" starttime="20230301 19:02:06.275" endtime="20230301 19:02:06.278"/>
</kw>
<if>
<branch type="IF" condition="${count_individual_xpath} &gt; 0">
<kw name="Wait Until Page Contains Element" library="SeleniumLibrary">
<arg>xpath://div[contains(@id,'flight_list_item')][${i}]/div/div[2]/div/div/p[1]</arg>
<doc>Waits until the element ``locator`` appears on the current page.</doc>
<status status="PASS" starttime="20230301 19:02:06.278" endtime="20230301 19:02:06.281"/>
</kw>
<kw name="Get Text" library="SeleniumLibrary">
<var>${fight_name}</var>
<arg>xpath://div[contains(@id,'flight_list_item')][${i}]/div/div[2]/div/div/p[1]</arg>
<doc>Returns the text value of the element identified by ``locator``.</doc>
<msg timestamp="20230301 19:02:06.286" level="INFO">${fight_name} = IndiGo</msg>
<status status="PASS" starttime="20230301 19:02:06.281" endtime="20230301 19:02:06.286"/>
</kw>
<kw name="Log" library="BuiltIn">
<arg>${fight_name}</arg>
<doc>Logs the given message with the given level.</doc>
<msg timestamp="20230301 19:02:06.286" level="INFO">IndiGo</msg>
<status status="PASS" starttime="20230301 19:02:06.286" endtime="20230301 19:02:06.286"/>
</kw>
<status status="PASS" starttime="20230301 19:02:06.278" endtime="20230301 19:02:06.286"/>
</branch>
<status status="PASS" starttime="20230301 19:02:06.278" endtime="20230301 19:02:06.286"/>
</if>
<status status="PASS" starttime="20230301 19:02:06.275" endtime="20230301 19:02:06.286"/>
</iter>
<iter>
<var name="${i}">10</var>
<kw name="Get Element Count" library="SeleniumLibrary">
<var>${count_individual_xpath}</var>
<arg>xpath://div[contains(@id,'flight_list_item')][${i}]/div/div[2]/div/div/p[1]</arg>
<doc>Returns the number of elements matching ``locator``.</doc>
<msg timestamp="20230301 19:02:06.289" level="INFO">${count_individual_xpath} = 2</msg>
<status status="PASS" starttime="20230301 19:02:06.287" endtime="20230301 19:02:06.290"/>
</kw>
<if>
<branch type="IF" condition="${count_individual_xpath} &gt; 0">
<kw name="Wait Until Page Contains Element" library="SeleniumLibrary">
<arg>xpath://div[contains(@id,'flight_list_item')][${i}]/div/div[2]/div/div/p[1]</arg>
<doc>Waits until the element ``locator`` appears on the current page.</doc>
<status status="PASS" starttime="20230301 19:02:06.290" endtime="20230301 19:02:06.292"/>
</kw>
<kw name="Get Text" library="SeleniumLibrary">
<var>${fight_name}</var>
<arg>xpath://div[contains(@id,'flight_list_item')][${i}]/div/div[2]/div/div/p[1]</arg>
<doc>Returns the text value of the element identified by ``locator``.</doc>
<msg timestamp="20230301 19:02:06.297" level="INFO">${fight_name} = IndiGo</msg>
<status status="PASS" starttime="20230301 19:02:06.292" endtime="20230301 19:02:06.297"/>
</kw>
<kw name="Log" library="BuiltIn">
<arg>${fight_name}</arg>
<doc>Logs the given message with the given level.</doc>
<msg timestamp="20230301 19:02:06.298" level="INFO">IndiGo</msg>
<status status="PASS" starttime="20230301 19:02:06.298" endtime="20230301 19:02:06.298"/>
</kw>
<status status="PASS" starttime="20230301 19:02:06.290" endtime="20230301 19:02:06.298"/>
</branch>
<status status="PASS" starttime="20230301 19:02:06.290" endtime="20230301 19:02:06.298"/>
</if>
<status status="PASS" starttime="20230301 19:02:06.287" endtime="20230301 19:02:06.298"/>
</iter>
<iter>
<var name="${i}">11</var>
<kw name="Get Element Count" library="SeleniumLibrary">
<var>${count_individual_xpath}</var>
<arg>xpath://div[contains(@id,'flight_list_item')][${i}]/div/div[2]/div/div/p[1]</arg>
<doc>Returns the number of elements matching ``locator``.</doc>
<msg timestamp="20230301 19:02:06.302" level="INFO">${count_individual_xpath} = 2</msg>
<status status="PASS" starttime="20230301 19:02:06.299" endtime="20230301 19:02:06.302"/>
</kw>
<if>
<branch type="IF" condition="${count_individual_xpath} &gt; 0">
<kw name="Wait Until Page Contains Element" library="SeleniumLibrary">
<arg>xpath://div[contains(@id,'flight_list_item')][${i}]/div/div[2]/div/div/p[1]</arg>
<doc>Waits until the element ``locator`` appears on the current page.</doc>
<status status="PASS" starttime="20230301 19:02:06.302" endtime="20230301 19:02:06.304"/>
</kw>
<kw name="Get Text" library="SeleniumLibrary">
<var>${fight_name}</var>
<arg>xpath://div[contains(@id,'flight_list_item')][${i}]/div/div[2]/div/div/p[1]</arg>
<doc>Returns the text value of the element identified by ``locator``.</doc>
<msg timestamp="20230301 19:02:06.310" level="INFO">${fight_name} = IndiGo</msg>
<status status="PASS" starttime="20230301 19:02:06.304" endtime="20230301 19:02:06.310"/>
</kw>
<kw name="Log" library="BuiltIn">
<arg>${fight_name}</arg>
<doc>Logs the given message with the given level.</doc>
<msg timestamp="20230301 19:02:06.310" level="INFO">IndiGo</msg>
<status status="PASS" starttime="20230301 19:02:06.310" endtime="20230301 19:02:06.310"/>
</kw>
<status status="PASS" starttime="20230301 19:02:06.302" endtime="20230301 19:02:06.310"/>
</branch>
<status status="PASS" starttime="20230301 19:02:06.302" endtime="20230301 19:02:06.310"/>
</if>
<status status="PASS" starttime="20230301 19:02:06.298" endtime="20230301 19:02:06.310"/>
</iter>
<iter>
<var name="${i}">12</var>
<kw name="Get Element Count" library="SeleniumLibrary">
<var>${count_individual_xpath}</var>
<arg>xpath://div[contains(@id,'flight_list_item')][${i}]/div/div[2]/div/div/p[1]</arg>
<doc>Returns the number of elements matching ``locator``.</doc>
<msg timestamp="20230301 19:02:06.314" level="INFO">${count_individual_xpath} = 2</msg>
<status status="PASS" starttime="20230301 19:02:06.311" endtime="20230301 19:02:06.314"/>
</kw>
<if>
<branch type="IF" condition="${count_individual_xpath} &gt; 0">
<kw name="Wait Until Page Contains Element" library="SeleniumLibrary">
<arg>xpath://div[contains(@id,'flight_list_item')][${i}]/div/div[2]/div/div/p[1]</arg>
<doc>Waits until the element ``locator`` appears on the current page.</doc>
<status status="PASS" starttime="20230301 19:02:06.314" endtime="20230301 19:02:06.317"/>
</kw>
<kw name="Get Text" library="SeleniumLibrary">
<var>${fight_name}</var>
<arg>xpath://div[contains(@id,'flight_list_item')][${i}]/div/div[2]/div/div/p[1]</arg>
<doc>Returns the text value of the element identified by ``locator``.</doc>
<msg timestamp="20230301 19:02:06.322" level="INFO">${fight_name} = IndiGo</msg>
<status status="PASS" starttime="20230301 19:02:06.317" endtime="20230301 19:02:06.322"/>
</kw>
<kw name="Log" library="BuiltIn">
<arg>${fight_name}</arg>
<doc>Logs the given message with the given level.</doc>
<msg timestamp="20230301 19:02:06.323" level="INFO">IndiGo</msg>
<status status="PASS" starttime="20230301 19:02:06.322" endtime="20230301 19:02:06.323"/>
</kw>
<status status="PASS" starttime="20230301 19:02:06.314" endtime="20230301 19:02:06.323"/>
</branch>
<status status="PASS" starttime="20230301 19:02:06.314" endtime="20230301 19:02:06.323"/>
</if>
<status status="PASS" starttime="20230301 19:02:06.311" endtime="20230301 19:02:06.323"/>
</iter>
<iter>
<var name="${i}">13</var>
<kw name="Get Element Count" library="SeleniumLibrary">
<var>${count_individual_xpath}</var>
<arg>xpath://div[contains(@id,'flight_list_item')][${i}]/div/div[2]/div/div/p[1]</arg>
<doc>Returns the number of elements matching ``locator``.</doc>
<msg timestamp="20230301 19:02:06.325" level="INFO">${count_individual_xpath} = 2</msg>
<status status="PASS" starttime="20230301 19:02:06.323" endtime="20230301 19:02:06.325"/>
</kw>
<if>
<branch type="IF" condition="${count_individual_xpath} &gt; 0">
<kw name="Wait Until Page Contains Element" library="SeleniumLibrary">
<arg>xpath://div[contains(@id,'flight_list_item')][${i}]/div/div[2]/div/div/p[1]</arg>
<doc>Waits until the element ``locator`` appears on the current page.</doc>
<status status="PASS" starttime="20230301 19:02:06.326" endtime="20230301 19:02:06.328"/>
</kw>
<kw name="Get Text" library="SeleniumLibrary">
<var>${fight_name}</var>
<arg>xpath://div[contains(@id,'flight_list_item')][${i}]/div/div[2]/div/div/p[1]</arg>
<doc>Returns the text value of the element identified by ``locator``.</doc>
<msg timestamp="20230301 19:02:06.334" level="INFO">${fight_name} = IndiGo</msg>
<status status="PASS" starttime="20230301 19:02:06.329" endtime="20230301 19:02:06.334"/>
</kw>
<kw name="Log" library="BuiltIn">
<arg>${fight_name}</arg>
<doc>Logs the given message with the given level.</doc>
<msg timestamp="20230301 19:02:06.335" level="INFO">IndiGo</msg>
<status status="PASS" starttime="20230301 19:02:06.334" endtime="20230301 19:02:06.335"/>
</kw>
<status status="PASS" starttime="20230301 19:02:06.326" endtime="20230301 19:02:06.335"/>
</branch>
<status status="PASS" starttime="20230301 19:02:06.326" endtime="20230301 19:02:06.335"/>
</if>
<status status="PASS" starttime="20230301 19:02:06.323" endtime="20230301 19:02:06.335"/>
</iter>
<iter>
<var name="${i}">14</var>
<kw name="Get Element Count" library="SeleniumLibrary">
<var>${count_individual_xpath}</var>
<arg>xpath://div[contains(@id,'flight_list_item')][${i}]/div/div[2]/div/div/p[1]</arg>
<doc>Returns the number of elements matching ``locator``.</doc>
<msg timestamp="20230301 19:02:06.338" level="INFO">${count_individual_xpath} = 2</msg>
<status status="PASS" starttime="20230301 19:02:06.335" endtime="20230301 19:02:06.338"/>
</kw>
<if>
<branch type="IF" condition="${count_individual_xpath} &gt; 0">
<kw name="Wait Until Page Contains Element" library="SeleniumLibrary">
<arg>xpath://div[contains(@id,'flight_list_item')][${i}]/div/div[2]/div/div/p[1]</arg>
<doc>Waits until the element ``locator`` appears on the current page.</doc>
<status status="PASS" starttime="20230301 19:02:06.338" endtime="20230301 19:02:06.340"/>
</kw>
<kw name="Get Text" library="SeleniumLibrary">
<var>${fight_name}</var>
<arg>xpath://div[contains(@id,'flight_list_item')][${i}]/div/div[2]/div/div/p[1]</arg>
<doc>Returns the text value of the element identified by ``locator``.</doc>
<msg timestamp="20230301 19:02:06.346" level="INFO">${fight_name} = IndiGo</msg>
<status status="PASS" starttime="20230301 19:02:06.341" endtime="20230301 19:02:06.346"/>
</kw>
<kw name="Log" library="BuiltIn">
<arg>${fight_name}</arg>
<doc>Logs the given message with the given level.</doc>
<msg timestamp="20230301 19:02:06.346" level="INFO">IndiGo</msg>
<status status="PASS" starttime="20230301 19:02:06.346" endtime="20230301 19:02:06.346"/>
</kw>
<status status="PASS" starttime="20230301 19:02:06.338" endtime="20230301 19:02:06.346"/>
</branch>
<status status="PASS" starttime="20230301 19:02:06.338" endtime="20230301 19:02:06.346"/>
</if>
<status status="PASS" starttime="20230301 19:02:06.335" endtime="20230301 19:02:06.346"/>
</iter>
<iter>
<var name="${i}">15</var>
<kw name="Get Element Count" library="SeleniumLibrary">
<var>${count_individual_xpath}</var>
<arg>xpath://div[contains(@id,'flight_list_item')][${i}]/div/div[2]/div/div/p[1]</arg>
<doc>Returns the number of elements matching ``locator``.</doc>
<msg timestamp="20230301 19:02:06.349" level="INFO">${count_individual_xpath} = 2</msg>
<status status="PASS" starttime="20230301 19:02:06.347" endtime="20230301 19:02:06.350"/>
</kw>
<if>
<branch type="IF" condition="${count_individual_xpath} &gt; 0">
<kw name="Wait Until Page Contains Element" library="SeleniumLibrary">
<arg>xpath://div[contains(@id,'flight_list_item')][${i}]/div/div[2]/div/div/p[1]</arg>
<doc>Waits until the element ``locator`` appears on the current page.</doc>
<status status="PASS" starttime="20230301 19:02:06.350" endtime="20230301 19:02:06.352"/>
</kw>
<kw name="Get Text" library="SeleniumLibrary">
<var>${fight_name}</var>
<arg>xpath://div[contains(@id,'flight_list_item')][${i}]/div/div[2]/div/div/p[1]</arg>
<doc>Returns the text value of the element identified by ``locator``.</doc>
<msg timestamp="20230301 19:02:06.358" level="INFO">${fight_name} = IndiGo</msg>
<status status="PASS" starttime="20230301 19:02:06.352" endtime="20230301 19:02:06.358"/>
</kw>
<kw name="Log" library="BuiltIn">
<arg>${fight_name}</arg>
<doc>Logs the given message with the given level.</doc>
<msg timestamp="20230301 19:02:06.359" level="INFO">IndiGo</msg>
<status status="PASS" starttime="20230301 19:02:06.358" endtime="20230301 19:02:06.359"/>
</kw>
<status status="PASS" starttime="20230301 19:02:06.350" endtime="20230301 19:02:06.359"/>
</branch>
<status status="PASS" starttime="20230301 19:02:06.350" endtime="20230301 19:02:06.359"/>
</if>
<status status="PASS" starttime="20230301 19:02:06.346" endtime="20230301 19:02:06.359"/>
</iter>
<iter>
<var name="${i}">16</var>
<kw name="Get Element Count" library="SeleniumLibrary">
<var>${count_individual_xpath}</var>
<arg>xpath://div[contains(@id,'flight_list_item')][${i}]/div/div[2]/div/div/p[1]</arg>
<doc>Returns the number of elements matching ``locator``.</doc>
<msg timestamp="20230301 19:02:06.362" level="INFO">${count_individual_xpath} = 2</msg>
<status status="PASS" starttime="20230301 19:02:06.359" endtime="20230301 19:02:06.362"/>
</kw>
<if>
<branch type="IF" condition="${count_individual_xpath} &gt; 0">
<kw name="Wait Until Page Contains Element" library="SeleniumLibrary">
<arg>xpath://div[contains(@id,'flight_list_item')][${i}]/div/div[2]/div/div/p[1]</arg>
<doc>Waits until the element ``locator`` appears on the current page.</doc>
<status status="PASS" starttime="20230301 19:02:06.362" endtime="20230301 19:02:06.365"/>
</kw>
<kw name="Get Text" library="SeleniumLibrary">
<var>${fight_name}</var>
<arg>xpath://div[contains(@id,'flight_list_item')][${i}]/div/div[2]/div/div/p[1]</arg>
<doc>Returns the text value of the element identified by ``locator``.</doc>
<msg timestamp="20230301 19:02:06.371" level="INFO">${fight_name} = IndiGo</msg>
<status status="PASS" starttime="20230301 19:02:06.365" endtime="20230301 19:02:06.371"/>
</kw>
<kw name="Log" library="BuiltIn">
<arg>${fight_name}</arg>
<doc>Logs the given message with the given level.</doc>
<msg timestamp="20230301 19:02:06.371" level="INFO">IndiGo</msg>
<status status="PASS" starttime="20230301 19:02:06.371" endtime="20230301 19:02:06.371"/>
</kw>
<status status="PASS" starttime="20230301 19:02:06.362" endtime="20230301 19:02:06.371"/>
</branch>
<status status="PASS" starttime="20230301 19:02:06.362" endtime="20230301 19:02:06.371"/>
</if>
<status status="PASS" starttime="20230301 19:02:06.359" endtime="20230301 19:02:06.371"/>
</iter>
<iter>
<var name="${i}">17</var>
<kw name="Get Element Count" library="SeleniumLibrary">
<var>${count_individual_xpath}</var>
<arg>xpath://div[contains(@id,'flight_list_item')][${i}]/div/div[2]/div/div/p[1]</arg>
<doc>Returns the number of elements matching ``locator``.</doc>
<msg timestamp="20230301 19:02:06.374" level="INFO">${count_individual_xpath} = 2</msg>
<status status="PASS" starttime="20230301 19:02:06.371" endtime="20230301 19:02:06.374"/>
</kw>
<if>
<branch type="IF" condition="${count_individual_xpath} &gt; 0">
<kw name="Wait Until Page Contains Element" library="SeleniumLibrary">
<arg>xpath://div[contains(@id,'flight_list_item')][${i}]/div/div[2]/div/div/p[1]</arg>
<doc>Waits until the element ``locator`` appears on the current page.</doc>
<status status="PASS" starttime="20230301 19:02:06.374" endtime="20230301 19:02:06.377"/>
</kw>
<kw name="Get Text" library="SeleniumLibrary">
<var>${fight_name}</var>
<arg>xpath://div[contains(@id,'flight_list_item')][${i}]/div/div[2]/div/div/p[1]</arg>
<doc>Returns the text value of the element identified by ``locator``.</doc>
<msg timestamp="20230301 19:02:06.382" level="INFO">${fight_name} = Vistara</msg>
<status status="PASS" starttime="20230301 19:02:06.377" endtime="20230301 19:02:06.382"/>
</kw>
<kw name="Log" library="BuiltIn">
<arg>${fight_name}</arg>
<doc>Logs the given message with the given level.</doc>
<msg timestamp="20230301 19:02:06.382" level="INFO">Vistara</msg>
<status status="PASS" starttime="20230301 19:02:06.382" endtime="20230301 19:02:06.382"/>
</kw>
<status status="PASS" starttime="20230301 19:02:06.374" endtime="20230301 19:02:06.382"/>
</branch>
<status status="PASS" starttime="20230301 19:02:06.374" endtime="20230301 19:02:06.382"/>
</if>
<status status="PASS" starttime="20230301 19:02:06.371" endtime="20230301 19:02:06.382"/>
</iter>
<iter>
<var name="${i}">18</var>
<kw name="Get Element Count" library="SeleniumLibrary">
<var>${count_individual_xpath}</var>
<arg>xpath://div[contains(@id,'flight_list_item')][${i}]/div/div[2]/div/div/p[1]</arg>
<doc>Returns the number of elements matching ``locator``.</doc>
<msg timestamp="20230301 19:02:06.385" level="INFO">${count_individual_xpath} = 2</msg>
<status status="PASS" starttime="20230301 19:02:06.382" endtime="20230301 19:02:06.385"/>
</kw>
<if>
<branch type="IF" condition="${count_individual_xpath} &gt; 0">
<kw name="Wait Until Page Contains Element" library="SeleniumLibrary">
<arg>xpath://div[contains(@id,'flight_list_item')][${i}]/div/div[2]/div/div/p[1]</arg>
<doc>Waits until the element ``locator`` appears on the current page.</doc>
<status status="PASS" starttime="20230301 19:02:06.386" endtime="20230301 19:02:06.388"/>
</kw>
<kw name="Get Text" library="SeleniumLibrary">
<var>${fight_name}</var>
<arg>xpath://div[contains(@id,'flight_list_item')][${i}]/div/div[2]/div/div/p[1]</arg>
<doc>Returns the text value of the element identified by ``locator``.</doc>
<msg timestamp="20230301 19:02:06.393" level="INFO">${fight_name} = Go First</msg>
<status status="PASS" starttime="20230301 19:02:06.388" endtime="20230301 19:02:06.393"/>
</kw>
<kw name="Log" library="BuiltIn">
<arg>${fight_name}</arg>
<doc>Logs the given message with the given level.</doc>
<msg timestamp="20230301 19:02:06.394" level="INFO">Go First</msg>
<status status="PASS" starttime="20230301 19:02:06.393" endtime="20230301 19:02:06.394"/>
</kw>
<status status="PASS" starttime="20230301 19:02:06.385" endtime="20230301 19:02:06.394"/>
</branch>
<status status="PASS" starttime="20230301 19:02:06.385" endtime="20230301 19:02:06.394"/>
</if>
<status status="PASS" starttime="20230301 19:02:06.382" endtime="20230301 19:02:06.394"/>
</iter>
<iter>
<var name="${i}">19</var>
<kw name="Get Element Count" library="SeleniumLibrary">
<var>${count_individual_xpath}</var>
<arg>xpath://div[contains(@id,'flight_list_item')][${i}]/div/div[2]/div/div/p[1]</arg>
<doc>Returns the number of elements matching ``locator``.</doc>
<msg timestamp="20230301 19:02:06.396" level="INFO">${count_individual_xpath} = 2</msg>
<status status="PASS" starttime="20230301 19:02:06.394" endtime="20230301 19:02:06.396"/>
</kw>
<if>
<branch type="IF" condition="${count_individual_xpath} &gt; 0">
<kw name="Wait Until Page Contains Element" library="SeleniumLibrary">
<arg>xpath://div[contains(@id,'flight_list_item')][${i}]/div/div[2]/div/div/p[1]</arg>
<doc>Waits until the element ``locator`` appears on the current page.</doc>
<status status="PASS" starttime="20230301 19:02:06.397" endtime="20230301 19:02:06.399"/>
</kw>
<kw name="Get Text" library="SeleniumLibrary">
<var>${fight_name}</var>
<arg>xpath://div[contains(@id,'flight_list_item')][${i}]/div/div[2]/div/div/p[1]</arg>
<doc>Returns the text value of the element identified by ``locator``.</doc>
<msg timestamp="20230301 19:02:06.405" level="INFO">${fight_name} = Vistara</msg>
<status status="PASS" starttime="20230301 19:02:06.399" endtime="20230301 19:02:06.405"/>
</kw>
<kw name="Log" library="BuiltIn">
<arg>${fight_name}</arg>
<doc>Logs the given message with the given level.</doc>
<msg timestamp="20230301 19:02:06.406" level="INFO">Vistara</msg>
<status status="PASS" starttime="20230301 19:02:06.405" endtime="20230301 19:02:06.406"/>
</kw>
<status status="PASS" starttime="20230301 19:02:06.397" endtime="20230301 19:02:06.406"/>
</branch>
<status status="PASS" starttime="20230301 19:02:06.397" endtime="20230301 19:02:06.406"/>
</if>
<status status="PASS" starttime="20230301 19:02:06.394" endtime="20230301 19:02:06.406"/>
</iter>
<iter>
<var name="${i}">20</var>
<kw name="Get Element Count" library="SeleniumLibrary">
<var>${count_individual_xpath}</var>
<arg>xpath://div[contains(@id,'flight_list_item')][${i}]/div/div[2]/div/div/p[1]</arg>
<doc>Returns the number of elements matching ``locator``.</doc>
<msg timestamp="20230301 19:02:06.410" level="INFO">${count_individual_xpath} = 1</msg>
<status status="PASS" starttime="20230301 19:02:06.406" endtime="20230301 19:02:06.410"/>
</kw>
<if>
<branch type="IF" condition="${count_individual_xpath} &gt; 0">
<kw name="Wait Until Page Contains Element" library="SeleniumLibrary">
<arg>xpath://div[contains(@id,'flight_list_item')][${i}]/div/div[2]/div/div/p[1]</arg>
<doc>Waits until the element ``locator`` appears on the current page.</doc>
<status status="PASS" starttime="20230301 19:02:06.410" endtime="20230301 19:02:06.413"/>
</kw>
<kw name="Get Text" library="SeleniumLibrary">
<var>${fight_name}</var>
<arg>xpath://div[contains(@id,'flight_list_item')][${i}]/div/div[2]/div/div/p[1]</arg>
<doc>Returns the text value of the element identified by ``locator``.</doc>
<msg timestamp="20230301 19:02:06.419" level="INFO">${fight_name} = AirAsia</msg>
<status status="PASS" starttime="20230301 19:02:06.413" endtime="20230301 19:02:06.419"/>
</kw>
<kw name="Log" library="BuiltIn">
<arg>${fight_name}</arg>
<doc>Logs the given message with the given level.</doc>
<msg timestamp="20230301 19:02:06.419" level="INFO">AirAsia</msg>
<status status="PASS" starttime="20230301 19:02:06.419" endtime="20230301 19:02:06.419"/>
</kw>
<status status="PASS" starttime="20230301 19:02:06.410" endtime="20230301 19:02:06.419"/>
</branch>
<status status="PASS" starttime="20230301 19:02:06.410" endtime="20230301 19:02:06.420"/>
</if>
<status status="PASS" starttime="20230301 19:02:06.406" endtime="20230301 19:02:06.420"/>
</iter>
<iter>
<var name="${i}">21</var>
<kw name="Get Element Count" library="SeleniumLibrary">
<var>${count_individual_xpath}</var>
<arg>xpath://div[contains(@id,'flight_list_item')][${i}]/div/div[2]/div/div/p[1]</arg>
<doc>Returns the number of elements matching ``locator``.</doc>
<msg timestamp="20230301 19:02:06.423" level="INFO">${count_individual_xpath} = 1</msg>
<status status="PASS" starttime="20230301 19:02:06.420" endtime="20230301 19:02:06.423"/>
</kw>
<if>
<branch type="IF" condition="${count_individual_xpath} &gt; 0">
<kw name="Wait Until Page Contains Element" library="SeleniumLibrary">
<arg>xpath://div[contains(@id,'flight_list_item')][${i}]/div/div[2]/div/div/p[1]</arg>
<doc>Waits until the element ``locator`` appears on the current page.</doc>
<status status="PASS" starttime="20230301 19:02:06.423" endtime="20230301 19:02:06.425"/>
</kw>
<kw name="Get Text" library="SeleniumLibrary">
<var>${fight_name}</var>
<arg>xpath://div[contains(@id,'flight_list_item')][${i}]/div/div[2]/div/div/p[1]</arg>
<doc>Returns the text value of the element identified by ``locator``.</doc>
<msg timestamp="20230301 19:02:06.431" level="INFO">${fight_name} = AirAsia</msg>
<status status="PASS" starttime="20230301 19:02:06.425" endtime="20230301 19:02:06.431"/>
</kw>
<kw name="Log" library="BuiltIn">
<arg>${fight_name}</arg>
<doc>Logs the given message with the given level.</doc>
<msg timestamp="20230301 19:02:06.431" level="INFO">AirAsia</msg>
<status status="PASS" starttime="20230301 19:02:06.431" endtime="20230301 19:02:06.432"/>
</kw>
<status status="PASS" starttime="20230301 19:02:06.423" endtime="20230301 19:02:06.432"/>
</branch>
<status status="PASS" starttime="20230301 19:02:06.423" endtime="20230301 19:02:06.432"/>
</if>
<status status="PASS" starttime="20230301 19:02:06.420" endtime="20230301 19:02:06.432"/>
</iter>
<iter>
<var name="${i}">22</var>
<kw name="Get Element Count" library="SeleniumLibrary">
<var>${count_individual_xpath}</var>
<arg>xpath://div[contains(@id,'flight_list_item')][${i}]/div/div[2]/div/div/p[1]</arg>
<doc>Returns the number of elements matching ``locator``.</doc>
<msg timestamp="20230301 19:02:06.434" level="INFO">${count_individual_xpath} = 1</msg>
<status status="PASS" starttime="20230301 19:02:06.432" endtime="20230301 19:02:06.434"/>
</kw>
<if>
<branch type="IF" condition="${count_individual_xpath} &gt; 0">
<kw name="Wait Until Page Contains Element" library="SeleniumLibrary">
<arg>xpath://div[contains(@id,'flight_list_item')][${i}]/div/div[2]/div/div/p[1]</arg>
<doc>Waits until the element ``locator`` appears on the current page.</doc>
<status status="PASS" starttime="20230301 19:02:06.435" endtime="20230301 19:02:06.438"/>
</kw>
<kw name="Get Text" library="SeleniumLibrary">
<var>${fight_name}</var>
<arg>xpath://div[contains(@id,'flight_list_item')][${i}]/div/div[2]/div/div/p[1]</arg>
<doc>Returns the text value of the element identified by ``locator``.</doc>
<msg timestamp="20230301 19:02:06.443" level="INFO">${fight_name} = Air India</msg>
<status status="PASS" starttime="20230301 19:02:06.438" endtime="20230301 19:02:06.443"/>
</kw>
<kw name="Log" library="BuiltIn">
<arg>${fight_name}</arg>
<doc>Logs the given message with the given level.</doc>
<msg timestamp="20230301 19:02:06.443" level="INFO">Air India</msg>
<status status="PASS" starttime="20230301 19:02:06.443" endtime="20230301 19:02:06.443"/>
</kw>
<status status="PASS" starttime="20230301 19:02:06.435" endtime="20230301 19:02:06.443"/>
</branch>
<status status="PASS" starttime="20230301 19:02:06.435" endtime="20230301 19:02:06.443"/>
</if>
<status status="PASS" starttime="20230301 19:02:06.432" endtime="20230301 19:02:06.443"/>
</iter>
<iter>
<var name="${i}">23</var>
<kw name="Get Element Count" library="SeleniumLibrary">
<var>${count_individual_xpath}</var>
<arg>xpath://div[contains(@id,'flight_list_item')][${i}]/div/div[2]/div/div/p[1]</arg>
<doc>Returns the number of elements matching ``locator``.</doc>
<msg timestamp="20230301 19:02:11.456" level="INFO">${count_individual_xpath} = 0</msg>
<status status="PASS" starttime="20230301 19:02:06.444" endtime="20230301 19:02:11.456"/>
</kw>
<if>
<branch type="IF" condition="${count_individual_xpath} &gt; 0">
<kw name="Wait Until Page Contains Element" library="SeleniumLibrary">
<arg>xpath://div[contains(@id,'flight_list_item')][${i}]/div/div[2]/div/div/p[1]</arg>
<doc>Waits until the element ``locator`` appears on the current page.</doc>
<status status="NOT RUN" starttime="20230301 19:02:11.457" endtime="20230301 19:02:11.457"/>
</kw>
<kw name="Get Text" library="SeleniumLibrary">
<var>${fight_name}</var>
<arg>xpath://div[contains(@id,'flight_list_item')][${i}]/div/div[2]/div/div/p[1]</arg>
<doc>Returns the text value of the element identified by ``locator``.</doc>
<status status="NOT RUN" starttime="20230301 19:02:11.457" endtime="20230301 19:02:11.457"/>
</kw>
<kw name="Log" library="BuiltIn">
<arg>${fight_name}</arg>
<doc>Logs the given message with the given level.</doc>
<status status="NOT RUN" starttime="20230301 19:02:11.457" endtime="20230301 19:02:11.458"/>
</kw>
<status status="NOT RUN" starttime="20230301 19:02:11.456" endtime="20230301 19:02:11.458"/>
</branch>
<status status="PASS" starttime="20230301 19:02:11.456" endtime="20230301 19:02:11.458"/>
</if>
<status status="PASS" starttime="20230301 19:02:06.443" endtime="20230301 19:02:11.458"/>
</iter>
<iter>
<var name="${i}">24</var>
<kw name="Get Element Count" library="SeleniumLibrary">
<var>${count_individual_xpath}</var>
<arg>xpath://div[contains(@id,'flight_list_item')][${i}]/div/div[2]/div/div/p[1]</arg>
<doc>Returns the number of elements matching ``locator``.</doc>
<msg timestamp="20230301 19:02:16.463" level="INFO">${count_individual_xpath} = 0</msg>
<status status="PASS" starttime="20230301 19:02:11.458" endtime="20230301 19:02:16.463"/>
</kw>
<if>
<branch type="IF" condition="${count_individual_xpath} &gt; 0">
<kw name="Wait Until Page Contains Element" library="SeleniumLibrary">
<arg>xpath://div[contains(@id,'flight_list_item')][${i}]/div/div[2]/div/div/p[1]</arg>
<doc>Waits until the element ``locator`` appears on the current page.</doc>
<status status="NOT RUN" starttime="20230301 19:02:16.464" endtime="20230301 19:02:16.464"/>
</kw>
<kw name="Get Text" library="SeleniumLibrary">
<var>${fight_name}</var>
<arg>xpath://div[contains(@id,'flight_list_item')][${i}]/div/div[2]/div/div/p[1]</arg>
<doc>Returns the text value of the element identified by ``locator``.</doc>
<status status="NOT RUN" starttime="20230301 19:02:16.464" endtime="20230301 19:02:16.464"/>
</kw>
<kw name="Log" library="BuiltIn">
<arg>${fight_name}</arg>
<doc>Logs the given message with the given level.</doc>
<status status="NOT RUN" starttime="20230301 19:02:16.464" endtime="20230301 19:02:16.464"/>
</kw>
<status status="NOT RUN" starttime="20230301 19:02:16.463" endtime="20230301 19:02:16.464"/>
</branch>
<status status="PASS" starttime="20230301 19:02:16.463" endtime="20230301 19:02:16.465"/>
</if>
<status status="PASS" starttime="20230301 19:02:11.458" endtime="20230301 19:02:16.465"/>
</iter>
<iter>
<var name="${i}">25</var>
<kw name="Get Element Count" library="SeleniumLibrary">
<var>${count_individual_xpath}</var>
<arg>xpath://div[contains(@id,'flight_list_item')][${i}]/div/div[2]/div/div/p[1]</arg>
<doc>Returns the number of elements matching ``locator``.</doc>
<msg timestamp="20230301 19:02:21.471" level="INFO">${count_individual_xpath} = 0</msg>
<status status="PASS" starttime="20230301 19:02:16.465" endtime="20230301 19:02:21.471"/>
</kw>
<if>
<branch type="IF" condition="${count_individual_xpath} &gt; 0">
<kw name="Wait Until Page Contains Element" library="SeleniumLibrary">
<arg>xpath://div[contains(@id,'flight_list_item')][${i}]/div/div[2]/div/div/p[1]</arg>
<doc>Waits until the element ``locator`` appears on the current page.</doc>
<status status="NOT RUN" starttime="20230301 19:02:21.472" endtime="20230301 19:02:21.472"/>
</kw>
<kw name="Get Text" library="SeleniumLibrary">
<var>${fight_name}</var>
<arg>xpath://div[contains(@id,'flight_list_item')][${i}]/div/div[2]/div/div/p[1]</arg>
<doc>Returns the text value of the element identified by ``locator``.</doc>
<status status="NOT RUN" starttime="20230301 19:02:21.472" endtime="20230301 19:02:21.472"/>
</kw>
<kw name="Log" library="BuiltIn">
<arg>${fight_name}</arg>
<doc>Logs the given message with the given level.</doc>
<status status="NOT RUN" starttime="20230301 19:02:21.472" endtime="20230301 19:02:21.473"/>
</kw>
<status status="NOT RUN" starttime="20230301 19:02:21.472" endtime="20230301 19:02:21.473"/>
</branch>
<status status="PASS" starttime="20230301 19:02:21.472" endtime="20230301 19:02:21.473"/>
</if>
<status status="PASS" starttime="20230301 19:02:16.465" endtime="20230301 19:02:21.473"/>
</iter>
<iter>
<var name="${i}">26</var>
<kw name="Get Element Count" library="SeleniumLibrary">
<var>${count_individual_xpath}</var>
<arg>xpath://div[contains(@id,'flight_list_item')][${i}]/div/div[2]/div/div/p[1]</arg>
<doc>Returns the number of elements matching ``locator``.</doc>
<msg timestamp="20230301 19:02:26.484" level="INFO">${count_individual_xpath} = 0</msg>
<status status="PASS" starttime="20230301 19:02:21.473" endtime="20230301 19:02:26.484"/>
</kw>
<if>
<branch type="IF" condition="${count_individual_xpath} &gt; 0">
<kw name="Wait Until Page Contains Element" library="SeleniumLibrary">
<arg>xpath://div[contains(@id,'flight_list_item')][${i}]/div/div[2]/div/div/p[1]</arg>
<doc>Waits until the element ``locator`` appears on the current page.</doc>
<status status="NOT RUN" starttime="20230301 19:02:26.485" endtime="20230301 19:02:26.485"/>
</kw>
<kw name="Get Text" library="SeleniumLibrary">
<var>${fight_name}</var>
<arg>xpath://div[contains(@id,'flight_list_item')][${i}]/div/div[2]/div/div/p[1]</arg>
<doc>Returns the text value of the element identified by ``locator``.</doc>
<status status="NOT RUN" starttime="20230301 19:02:26.485" endtime="20230301 19:02:26.485"/>
</kw>
<kw name="Log" library="BuiltIn">
<arg>${fight_name}</arg>
<doc>Logs the given message with the given level.</doc>
<status status="NOT RUN" starttime="20230301 19:02:26.485" endtime="20230301 19:02:26.485"/>
</kw>
<status status="NOT RUN" starttime="20230301 19:02:26.484" endtime="20230301 19:02:26.485"/>
</branch>
<status status="PASS" starttime="20230301 19:02:26.484" endtime="20230301 19:02:26.485"/>
</if>
<status status="PASS" starttime="20230301 19:02:21.473" endtime="20230301 19:02:26.485"/>
</iter>
<iter>
<var name="${i}">27</var>
<kw name="Get Element Count" library="SeleniumLibrary">
<var>${count_individual_xpath}</var>
<arg>xpath://div[contains(@id,'flight_list_item')][${i}]/div/div[2]/div/div/p[1]</arg>
<doc>Returns the number of elements matching ``locator``.</doc>
<msg timestamp="20230301 19:02:31.501" level="INFO">${count_individual_xpath} = 0</msg>
<status status="PASS" starttime="20230301 19:02:26.486" endtime="20230301 19:02:31.501"/>
</kw>
<if>
<branch type="IF" condition="${count_individual_xpath} &gt; 0">
<kw name="Wait Until Page Contains Element" library="SeleniumLibrary">
<arg>xpath://div[contains(@id,'flight_list_item')][${i}]/div/div[2]/div/div/p[1]</arg>
<doc>Waits until the element ``locator`` appears on the current page.</doc>
<status status="NOT RUN" starttime="20230301 19:02:31.502" endtime="20230301 19:02:31.502"/>
</kw>
<kw name="Get Text" library="SeleniumLibrary">
<var>${fight_name}</var>
<arg>xpath://div[contains(@id,'flight_list_item')][${i}]/div/div[2]/div/div/p[1]</arg>
<doc>Returns the text value of the element identified by ``locator``.</doc>
<status status="NOT RUN" starttime="20230301 19:02:31.502" endtime="20230301 19:02:31.502"/>
</kw>
<kw name="Log" library="BuiltIn">
<arg>${fight_name}</arg>
<doc>Logs the given message with the given level.</doc>
<status status="NOT RUN" starttime="20230301 19:02:31.502" endtime="20230301 19:02:31.503"/>
</kw>
<status status="NOT RUN" starttime="20230301 19:02:31.502" endtime="20230301 19:02:31.503"/>
</branch>
<status status="PASS" starttime="20230301 19:02:31.502" endtime="20230301 19:02:31.503"/>
</if>
<status status="PASS" starttime="20230301 19:02:26.486" endtime="20230301 19:02:31.503"/>
</iter>
<iter>
<var name="${i}">28</var>
<kw name="Get Element Count" library="SeleniumLibrary">
<var>${count_individual_xpath}</var>
<arg>xpath://div[contains(@id,'flight_list_item')][${i}]/div/div[2]/div/div/p[1]</arg>
<doc>Returns the number of elements matching ``locator``.</doc>
<msg timestamp="20230301 19:02:36.507" level="INFO">${count_individual_xpath} = 0</msg>
<status status="PASS" starttime="20230301 19:02:31.503" endtime="20230301 19:02:36.507"/>
</kw>
<if>
<branch type="IF" condition="${count_individual_xpath} &gt; 0">
<kw name="Wait Until Page Contains Element" library="SeleniumLibrary">
<arg>xpath://div[contains(@id,'flight_list_item')][${i}]/div/div[2]/div/div/p[1]</arg>
<doc>Waits until the element ``locator`` appears on the current page.</doc>
<status status="NOT RUN" starttime="20230301 19:02:36.508" endtime="20230301 19:02:36.508"/>
</kw>
<kw name="Get Text" library="SeleniumLibrary">
<var>${fight_name}</var>
<arg>xpath://div[contains(@id,'flight_list_item')][${i}]/div/div[2]/div/div/p[1]</arg>
<doc>Returns the text value of the element identified by ``locator``.</doc>
<status status="NOT RUN" starttime="20230301 19:02:36.508" endtime="20230301 19:02:36.508"/>
</kw>
<kw name="Log" library="BuiltIn">
<arg>${fight_name}</arg>
<doc>Logs the given message with the given level.</doc>
<status status="NOT RUN" starttime="20230301 19:02:36.508" endtime="20230301 19:02:36.508"/>
</kw>
<status status="NOT RUN" starttime="20230301 19:02:36.507" endtime="20230301 19:02:36.508"/>
</branch>
<status status="PASS" starttime="20230301 19:02:36.507" endtime="20230301 19:02:36.508"/>
</if>
<status status="PASS" starttime="20230301 19:02:31.503" endtime="20230301 19:02:36.508"/>
</iter>
<iter>
<var name="${i}">29</var>
<kw name="Get Element Count" library="SeleniumLibrary">
<var>${count_individual_xpath}</var>
<arg>xpath://div[contains(@id,'flight_list_item')][${i}]/div/div[2]/div/div/p[1]</arg>
<doc>Returns the number of elements matching ``locator``.</doc>
<msg timestamp="20230301 19:02:41.522" level="INFO">${count_individual_xpath} = 0</msg>
<status status="PASS" starttime="20230301 19:02:36.509" endtime="20230301 19:02:41.522"/>
</kw>
<if>
<branch type="IF" condition="${count_individual_xpath} &gt; 0">
<kw name="Wait Until Page Contains Element" library="SeleniumLibrary">
<arg>xpath://div[contains(@id,'flight_list_item')][${i}]/div/div[2]/div/div/p[1]</arg>
<doc>Waits until the element ``locator`` appears on the current page.</doc>
<status status="NOT RUN" starttime="20230301 19:02:41.522" endtime="20230301 19:02:41.522"/>
</kw>
<kw name="Get Text" library="SeleniumLibrary">
<var>${fight_name}</var>
<arg>xpath://div[contains(@id,'flight_list_item')][${i}]/div/div[2]/div/div/p[1]</arg>
<doc>Returns the text value of the element identified by ``locator``.</doc>
<status status="NOT RUN" starttime="20230301 19:02:41.522" endtime="20230301 19:02:41.522"/>
</kw>
<kw name="Log" library="BuiltIn">
<arg>${fight_name}</arg>
<doc>Logs the given message with the given level.</doc>
<status status="NOT RUN" starttime="20230301 19:02:41.523" endtime="20230301 19:02:41.523"/>
</kw>
<status status="NOT RUN" starttime="20230301 19:02:41.522" endtime="20230301 19:02:41.523"/>
</branch>
<status status="PASS" starttime="20230301 19:02:41.522" endtime="20230301 19:02:41.523"/>
</if>
<status status="PASS" starttime="20230301 19:02:36.508" endtime="20230301 19:02:41.523"/>
</iter>
<iter>
<var name="${i}">30</var>
<kw name="Get Element Count" library="SeleniumLibrary">
<var>${count_individual_xpath}</var>
<arg>xpath://div[contains(@id,'flight_list_item')][${i}]/div/div[2]/div/div/p[1]</arg>
<doc>Returns the number of elements matching ``locator``.</doc>
<msg timestamp="20230301 19:02:46.529" level="INFO">${count_individual_xpath} = 0</msg>
<status status="PASS" starttime="20230301 19:02:41.523" endtime="20230301 19:02:46.529"/>
</kw>
<if>
<branch type="IF" condition="${count_individual_xpath} &gt; 0">
<kw name="Wait Until Page Contains Element" library="SeleniumLibrary">
<arg>xpath://div[contains(@id,'flight_list_item')][${i}]/div/div[2]/div/div/p[1]</arg>
<doc>Waits until the element ``locator`` appears on the current page.</doc>
<status status="NOT RUN" starttime="20230301 19:02:46.529" endtime="20230301 19:02:46.529"/>
</kw>
<kw name="Get Text" library="SeleniumLibrary">
<var>${fight_name}</var>
<arg>xpath://div[contains(@id,'flight_list_item')][${i}]/div/div[2]/div/div/p[1]</arg>
<doc>Returns the text value of the element identified by ``locator``.</doc>
<status status="NOT RUN" starttime="20230301 19:02:46.529" endtime="20230301 19:02:46.530"/>
</kw>
<kw name="Log" library="BuiltIn">
<arg>${fight_name}</arg>
<doc>Logs the given message with the given level.</doc>
<status status="NOT RUN" starttime="20230301 19:02:46.530" endtime="20230301 19:02:46.530"/>
</kw>
<status status="NOT RUN" starttime="20230301 19:02:46.529" endtime="20230301 19:02:46.530"/>
</branch>
<status status="PASS" starttime="20230301 19:02:46.529" endtime="20230301 19:02:46.530"/>
</if>
<status status="PASS" starttime="20230301 19:02:41.523" endtime="20230301 19:02:46.530"/>
</iter>
<iter>
<var name="${i}">31</var>
<kw name="Get Element Count" library="SeleniumLibrary">
<var>${count_individual_xpath}</var>
<arg>xpath://div[contains(@id,'flight_list_item')][${i}]/div/div[2]/div/div/p[1]</arg>
<doc>Returns the number of elements matching ``locator``.</doc>
<msg timestamp="20230301 19:02:51.543" level="INFO">${count_individual_xpath} = 0</msg>
<status status="PASS" starttime="20230301 19:02:46.530" endtime="20230301 19:02:51.543"/>
</kw>
<if>
<branch type="IF" condition="${count_individual_xpath} &gt; 0">
<kw name="Wait Until Page Contains Element" library="SeleniumLibrary">
<arg>xpath://div[contains(@id,'flight_list_item')][${i}]/div/div[2]/div/div/p[1]</arg>
<doc>Waits until the element ``locator`` appears on the current page.</doc>
<status status="NOT RUN" starttime="20230301 19:02:51.544" endtime="20230301 19:02:51.544"/>
</kw>
<kw name="Get Text" library="SeleniumLibrary">
<var>${fight_name}</var>
<arg>xpath://div[contains(@id,'flight_list_item')][${i}]/div/div[2]/div/div/p[1]</arg>
<doc>Returns the text value of the element identified by ``locator``.</doc>
<status status="NOT RUN" starttime="20230301 19:02:51.544" endtime="20230301 19:02:51.544"/>
</kw>
<kw name="Log" library="BuiltIn">
<arg>${fight_name}</arg>
<doc>Logs the given message with the given level.</doc>
<status status="NOT RUN" starttime="20230301 19:02:51.544" endtime="20230301 19:02:51.544"/>
</kw>
<status status="NOT RUN" starttime="20230301 19:02:51.544" endtime="20230301 19:02:51.544"/>
</branch>
<status status="PASS" starttime="20230301 19:02:51.544" endtime="20230301 19:02:51.545"/>
</if>
<status status="PASS" starttime="20230301 19:02:46.530" endtime="20230301 19:02:51.545"/>
</iter>
<iter>
<var name="${i}">32</var>
<kw name="Get Element Count" library="SeleniumLibrary">
<var>${count_individual_xpath}</var>
<arg>xpath://div[contains(@id,'flight_list_item')][${i}]/div/div[2]/div/div/p[1]</arg>
<doc>Returns the number of elements matching ``locator``.</doc>
<msg timestamp="20230301 19:02:56.552" level="INFO">${count_individual_xpath} = 0</msg>
<status status="PASS" starttime="20230301 19:02:51.545" endtime="20230301 19:02:56.552"/>
</kw>
<if>
<branch type="IF" condition="${count_individual_xpath} &gt; 0">
<kw name="Wait Until Page Contains Element" library="SeleniumLibrary">
<arg>xpath://div[contains(@id,'flight_list_item')][${i}]/div/div[2]/div/div/p[1]</arg>
<doc>Waits until the element ``locator`` appears on the current page.</doc>
<status status="NOT RUN" starttime="20230301 19:02:56.553" endtime="20230301 19:02:56.553"/>
</kw>
<kw name="Get Text" library="SeleniumLibrary">
<var>${fight_name}</var>
<arg>xpath://div[contains(@id,'flight_list_item')][${i}]/div/div[2]/div/div/p[1]</arg>
<doc>Returns the text value of the element identified by ``locator``.</doc>
<status status="NOT RUN" starttime="20230301 19:02:56.553" endtime="20230301 19:02:56.553"/>
</kw>
<kw name="Log" library="BuiltIn">
<arg>${fight_name}</arg>
<doc>Logs the given message with the given level.</doc>
<status status="NOT RUN" starttime="20230301 19:02:56.553" endtime="20230301 19:02:56.553"/>
</kw>
<status status="NOT RUN" starttime="20230301 19:02:56.552" endtime="20230301 19:02:56.553"/>
</branch>
<status status="PASS" starttime="20230301 19:02:56.552" endtime="20230301 19:02:56.553"/>
</if>
<status status="PASS" starttime="20230301 19:02:51.545" endtime="20230301 19:02:56.553"/>
</iter>
<iter>
<var name="${i}">33</var>
<kw name="Get Element Count" library="SeleniumLibrary">
<var>${count_individual_xpath}</var>
<arg>xpath://div[contains(@id,'flight_list_item')][${i}]/div/div[2]/div/div/p[1]</arg>
<doc>Returns the number of elements matching ``locator``.</doc>
<msg timestamp="20230301 19:03:01.571" level="INFO">${count_individual_xpath} = 0</msg>
<status status="PASS" starttime="20230301 19:02:56.554" endtime="20230301 19:03:01.571"/>
</kw>
<if>
<branch type="IF" condition="${count_individual_xpath} &gt; 0">
<kw name="Wait Until Page Contains Element" library="SeleniumLibrary">
<arg>xpath://div[contains(@id,'flight_list_item')][${i}]/div/div[2]/div/div/p[1]</arg>
<doc>Waits until the element ``locator`` appears on the current page.</doc>
<status status="NOT RUN" starttime="20230301 19:03:01.571" endtime="20230301 19:03:01.571"/>
</kw>
<kw name="Get Text" library="SeleniumLibrary">
<var>${fight_name}</var>
<arg>xpath://div[contains(@id,'flight_list_item')][${i}]/div/div[2]/div/div/p[1]</arg>
<doc>Returns the text value of the element identified by ``locator``.</doc>
<status status="NOT RUN" starttime="20230301 19:03:01.571" endtime="20230301 19:03:01.571"/>
</kw>
<kw name="Log" library="BuiltIn">
<arg>${fight_name}</arg>
<doc>Logs the given message with the given level.</doc>
<status status="NOT RUN" starttime="20230301 19:03:01.571" endtime="20230301 19:03:01.572"/>
</kw>
<status status="NOT RUN" starttime="20230301 19:03:01.571" endtime="20230301 19:03:01.572"/>
</branch>
<status status="PASS" starttime="20230301 19:03:01.571" endtime="20230301 19:03:01.572"/>
</if>
<status status="PASS" starttime="20230301 19:02:56.554" endtime="20230301 19:03:01.572"/>
</iter>
<iter>
<var name="${i}">34</var>
<kw name="Get Element Count" library="SeleniumLibrary">
<var>${count_individual_xpath}</var>
<arg>xpath://div[contains(@id,'flight_list_item')][${i}]/div/div[2]/div/div/p[1]</arg>
<doc>Returns the number of elements matching ``locator``.</doc>
<msg timestamp="20230301 19:03:06.574" level="INFO">${count_individual_xpath} = 0</msg>
<status status="PASS" starttime="20230301 19:03:01.572" endtime="20230301 19:03:06.575"/>
</kw>
<if>
<branch type="IF" condition="${count_individual_xpath} &gt; 0">
<kw name="Wait Until Page Contains Element" library="SeleniumLibrary">
<arg>xpath://div[contains(@id,'flight_list_item')][${i}]/div/div[2]/div/div/p[1]</arg>
<doc>Waits until the element ``locator`` appears on the current page.</doc>
<status status="NOT RUN" starttime="20230301 19:03:06.575" endtime="20230301 19:03:06.575"/>
</kw>
<kw name="Get Text" library="SeleniumLibrary">
<var>${fight_name}</var>
<arg>xpath://div[contains(@id,'flight_list_item')][${i}]/div/div[2]/div/div/p[1]</arg>
<doc>Returns the text value of the element identified by ``locator``.</doc>
<status status="NOT RUN" starttime="20230301 19:03:06.575" endtime="20230301 19:03:06.575"/>
</kw>
<kw name="Log" library="BuiltIn">
<arg>${fight_name}</arg>
<doc>Logs the given message with the given level.</doc>
<status status="NOT RUN" starttime="20230301 19:03:06.575" endtime="20230301 19:03:06.576"/>
</kw>
<status status="NOT RUN" starttime="20230301 19:03:06.575" endtime="20230301 19:03:06.576"/>
</branch>
<status status="PASS" starttime="20230301 19:03:06.575" endtime="20230301 19:03:06.576"/>
</if>
<status status="PASS" starttime="20230301 19:03:01.572" endtime="20230301 19:03:06.576"/>
</iter>
<iter>
<var name="${i}">35</var>
<kw name="Get Element Count" library="SeleniumLibrary">
<var>${count_individual_xpath}</var>
<arg>xpath://div[contains(@id,'flight_list_item')][${i}]/div/div[2]/div/div/p[1]</arg>
<doc>Returns the number of elements matching ``locator``.</doc>
<msg timestamp="20230301 19:03:11.590" level="INFO">${count_individual_xpath} = 0</msg>
<status status="PASS" starttime="20230301 19:03:06.576" endtime="20230301 19:03:11.590"/>
</kw>
<if>
<branch type="IF" condition="${count_individual_xpath} &gt; 0">
<kw name="Wait Until Page Contains Element" library="SeleniumLibrary">
<arg>xpath://div[contains(@id,'flight_list_item')][${i}]/div/div[2]/div/div/p[1]</arg>
<doc>Waits until the element ``locator`` appears on the current page.</doc>
<status status="NOT RUN" starttime="20230301 19:03:11.591" endtime="20230301 19:03:11.591"/>
</kw>
<kw name="Get Text" library="SeleniumLibrary">
<var>${fight_name}</var>
<arg>xpath://div[contains(@id,'flight_list_item')][${i}]/div/div[2]/div/div/p[1]</arg>
<doc>Returns the text value of the element identified by ``locator``.</doc>
<status status="NOT RUN" starttime="20230301 19:03:11.591" endtime="20230301 19:03:11.591"/>
</kw>
<kw name="Log" library="BuiltIn">
<arg>${fight_name}</arg>
<doc>Logs the given message with the given level.</doc>
<status status="NOT RUN" starttime="20230301 19:03:11.591" endtime="20230301 19:03:11.591"/>
</kw>
<status status="NOT RUN" starttime="20230301 19:03:11.591" endtime="20230301 19:03:11.591"/>
</branch>
<status status="PASS" starttime="20230301 19:03:11.591" endtime="20230301 19:03:11.592"/>
</if>
<status status="PASS" starttime="20230301 19:03:06.576" endtime="20230301 19:03:11.592"/>
</iter>
<iter>
<var name="${i}">36</var>
<kw name="Get Element Count" library="SeleniumLibrary">
<var>${count_individual_xpath}</var>
<arg>xpath://div[contains(@id,'flight_list_item')][${i}]/div/div[2]/div/div/p[1]</arg>
<doc>Returns the number of elements matching ``locator``.</doc>
<msg timestamp="20230301 19:03:16.593" level="INFO">${count_individual_xpath} = 0</msg>
<status status="PASS" starttime="20230301 19:03:11.592" endtime="20230301 19:03:16.594"/>
</kw>
<if>
<branch type="IF" condition="${count_individual_xpath} &gt; 0">
<kw name="Wait Until Page Contains Element" library="SeleniumLibrary">
<arg>xpath://div[contains(@id,'flight_list_item')][${i}]/div/div[2]/div/div/p[1]</arg>
<doc>Waits until the element ``locator`` appears on the current page.</doc>
<status status="NOT RUN" starttime="20230301 19:03:16.594" endtime="20230301 19:03:16.594"/>
</kw>
<kw name="Get Text" library="SeleniumLibrary">
<var>${fight_name}</var>
<arg>xpath://div[contains(@id,'flight_list_item')][${i}]/div/div[2]/div/div/p[1]</arg>
<doc>Returns the text value of the element identified by ``locator``.</doc>
<status status="NOT RUN" starttime="20230301 19:03:16.594" endtime="20230301 19:03:16.594"/>
</kw>
<kw name="Log" library="BuiltIn">
<arg>${fight_name}</arg>
<doc>Logs the given message with the given level.</doc>
<status status="NOT RUN" starttime="20230301 19:03:16.594" endtime="20230301 19:03:16.595"/>
</kw>
<status status="NOT RUN" starttime="20230301 19:03:16.594" endtime="20230301 19:03:16.595"/>
</branch>
<status status="PASS" starttime="20230301 19:03:16.594" endtime="20230301 19:03:16.595"/>
</if>
<status status="PASS" starttime="20230301 19:03:11.592" endtime="20230301 19:03:16.595"/>
</iter>
<iter>
<var name="${i}">37</var>
<kw name="Get Element Count" library="SeleniumLibrary">
<var>${count_individual_xpath}</var>
<arg>xpath://div[contains(@id,'flight_list_item')][${i}]/div/div[2]/div/div/p[1]</arg>
<doc>Returns the number of elements matching ``locator``.</doc>
<msg timestamp="20230301 19:03:21.607" level="INFO">${count_individual_xpath} = 0</msg>
<status status="PASS" starttime="20230301 19:03:16.595" endtime="20230301 19:03:21.607"/>
</kw>
<if>
<branch type="IF" condition="${count_individual_xpath} &gt; 0">
<kw name="Wait Until Page Contains Element" library="SeleniumLibrary">
<arg>xpath://div[contains(@id,'flight_list_item')][${i}]/div/div[2]/div/div/p[1]</arg>
<doc>Waits until the element ``locator`` appears on the current page.</doc>
<status status="NOT RUN" starttime="20230301 19:03:21.608" endtime="20230301 19:03:21.608"/>
</kw>
<kw name="Get Text" library="SeleniumLibrary">
<var>${fight_name}</var>
<arg>xpath://div[contains(@id,'flight_list_item')][${i}]/div/div[2]/div/div/p[1]</arg>
<doc>Returns the text value of the element identified by ``locator``.</doc>
<status status="NOT RUN" starttime="20230301 19:03:21.608" endtime="20230301 19:03:21.608"/>
</kw>
<kw name="Log" library="BuiltIn">
<arg>${fight_name}</arg>
<doc>Logs the given message with the given level.</doc>
<status status="NOT RUN" starttime="20230301 19:03:21.608" endtime="20230301 19:03:21.608"/>
</kw>
<status status="NOT RUN" starttime="20230301 19:03:21.608" endtime="20230301 19:03:21.608"/>
</branch>
<status status="PASS" starttime="20230301 19:03:21.607" endtime="20230301 19:03:21.608"/>
</if>
<status status="PASS" starttime="20230301 19:03:16.595" endtime="20230301 19:03:21.608"/>
</iter>
<iter>
<var name="${i}">38</var>
<kw name="Get Element Count" library="SeleniumLibrary">
<var>${count_individual_xpath}</var>
<arg>xpath://div[contains(@id,'flight_list_item')][${i}]/div/div[2]/div/div/p[1]</arg>
<doc>Returns the number of elements matching ``locator``.</doc>
<msg timestamp="20230301 19:03:26.616" level="INFO">${count_individual_xpath} = 0</msg>
<status status="PASS" starttime="20230301 19:03:21.609" endtime="20230301 19:03:26.616"/>
</kw>
<if>
<branch type="IF" condition="${count_individual_xpath} &gt; 0">
<kw name="Wait Until Page Contains Element" library="SeleniumLibrary">
<arg>xpath://div[contains(@id,'flight_list_item')][${i}]/div/div[2]/div/div/p[1]</arg>
<doc>Waits until the element ``locator`` appears on the current page.</doc>
<status status="NOT RUN" starttime="20230301 19:03:26.616" endtime="20230301 19:03:26.617"/>
</kw>
<kw name="Get Text" library="SeleniumLibrary">
<var>${fight_name}</var>
<arg>xpath://div[contains(@id,'flight_list_item')][${i}]/div/div[2]/div/div/p[1]</arg>
<doc>Returns the text value of the element identified by ``locator``.</doc>
<status status="NOT RUN" starttime="20230301 19:03:26.617" endtime="20230301 19:03:26.617"/>
</kw>
<kw name="Log" library="BuiltIn">
<arg>${fight_name}</arg>
<doc>Logs the given message with the given level.</doc>
<status status="NOT RUN" starttime="20230301 19:03:26.617" endtime="20230301 19:03:26.617"/>
</kw>
<status status="NOT RUN" starttime="20230301 19:03:26.616" endtime="20230301 19:03:26.617"/>
</branch>
<status status="PASS" starttime="20230301 19:03:26.616" endtime="20230301 19:03:26.617"/>
</if>
<status status="PASS" starttime="20230301 19:03:21.609" endtime="20230301 19:03:26.617"/>
</iter>
<iter>
<var name="${i}">39</var>
<kw name="Get Element Count" library="SeleniumLibrary">
<var>${count_individual_xpath}</var>
<arg>xpath://div[contains(@id,'flight_list_item')][${i}]/div/div[2]/div/div/p[1]</arg>
<doc>Returns the number of elements matching ``locator``.</doc>
<msg timestamp="20230301 19:03:31.621" level="INFO">${count_individual_xpath} = 0</msg>
<status status="PASS" starttime="20230301 19:03:26.617" endtime="20230301 19:03:31.621"/>
</kw>
<if>
<branch type="IF" condition="${count_individual_xpath} &gt; 0">
<kw name="Wait Until Page Contains Element" library="SeleniumLibrary">
<arg>xpath://div[contains(@id,'flight_list_item')][${i}]/div/div[2]/div/div/p[1]</arg>
<doc>Waits until the element ``locator`` appears on the current page.</doc>
<status status="NOT RUN" starttime="20230301 19:03:31.622" endtime="20230301 19:03:31.622"/>
</kw>
<kw name="Get Text" library="SeleniumLibrary">
<var>${fight_name}</var>
<arg>xpath://div[contains(@id,'flight_list_item')][${i}]/div/div[2]/div/div/p[1]</arg>
<doc>Returns the text value of the element identified by ``locator``.</doc>
<status status="NOT RUN" starttime="20230301 19:03:31.622" endtime="20230301 19:03:31.622"/>
</kw>
<kw name="Log" library="BuiltIn">
<arg>${fight_name}</arg>
<doc>Logs the given message with the given level.</doc>
<status status="NOT RUN" starttime="20230301 19:03:31.622" endtime="20230301 19:03:31.622"/>
</kw>
<status status="NOT RUN" starttime="20230301 19:03:31.621" endtime="20230301 19:03:31.622"/>
</branch>
<status status="PASS" starttime="20230301 19:03:31.621" endtime="20230301 19:03:31.622"/>
</if>
<status status="PASS" starttime="20230301 19:03:26.617" endtime="20230301 19:03:31.622"/>
</iter>
<iter>
<var name="${i}">40</var>
<kw name="Get Element Count" library="SeleniumLibrary">
<var>${count_individual_xpath}</var>
<arg>xpath://div[contains(@id,'flight_list_item')][${i}]/div/div[2]/div/div/p[1]</arg>
<doc>Returns the number of elements matching ``locator``.</doc>
<msg timestamp="20230301 19:03:36.634" level="INFO">${count_individual_xpath} = 0</msg>
<status status="PASS" starttime="20230301 19:03:31.623" endtime="20230301 19:03:36.634"/>
</kw>
<if>
<branch type="IF" condition="${count_individual_xpath} &gt; 0">
<kw name="Wait Until Page Contains Element" library="SeleniumLibrary">
<arg>xpath://div[contains(@id,'flight_list_item')][${i}]/div/div[2]/div/div/p[1]</arg>
<doc>Waits until the element ``locator`` appears on the current page.</doc>
<status status="NOT RUN" starttime="20230301 19:03:36.635" endtime="20230301 19:03:36.635"/>
</kw>
<kw name="Get Text" library="SeleniumLibrary">
<var>${fight_name}</var>
<arg>xpath://div[contains(@id,'flight_list_item')][${i}]/div/div[2]/div/div/p[1]</arg>
<doc>Returns the text value of the element identified by ``locator``.</doc>
<status status="NOT RUN" starttime="20230301 19:03:36.635" endtime="20230301 19:03:36.635"/>
</kw>
<kw name="Log" library="BuiltIn">
<arg>${fight_name}</arg>
<doc>Logs the given message with the given level.</doc>
<status status="NOT RUN" starttime="20230301 19:03:36.635" endtime="20230301 19:03:36.635"/>
</kw>
<status status="NOT RUN" starttime="20230301 19:03:36.634" endtime="20230301 19:03:36.635"/>
</branch>
<status status="PASS" starttime="20230301 19:03:36.634" endtime="20230301 19:03:36.635"/>
</if>
<status status="PASS" starttime="20230301 19:03:31.623" endtime="20230301 19:03:36.635"/>
</iter>
<iter>
<var name="${i}">41</var>
<kw name="Get Element Count" library="SeleniumLibrary">
<var>${count_individual_xpath}</var>
<arg>xpath://div[contains(@id,'flight_list_item')][${i}]/div/div[2]/div/div/p[1]</arg>
<doc>Returns the number of elements matching ``locator``.</doc>
<msg timestamp="20230301 19:03:41.649" level="INFO">${count_individual_xpath} = 0</msg>
<status status="PASS" starttime="20230301 19:03:36.636" endtime="20230301 19:03:41.649"/>
</kw>
<if>
<branch type="IF" condition="${count_individual_xpath} &gt; 0">
<kw name="Wait Until Page Contains Element" library="SeleniumLibrary">
<arg>xpath://div[contains(@id,'flight_list_item')][${i}]/div/div[2]/div/div/p[1]</arg>
<doc>Waits until the element ``locator`` appears on the current page.</doc>
<status status="NOT RUN" starttime="20230301 19:03:41.649" endtime="20230301 19:03:41.649"/>
</kw>
<kw name="Get Text" library="SeleniumLibrary">
<var>${fight_name}</var>
<arg>xpath://div[contains(@id,'flight_list_item')][${i}]/div/div[2]/div/div/p[1]</arg>
<doc>Returns the text value of the element identified by ``locator``.</doc>
<status status="NOT RUN" starttime="20230301 19:03:41.649" endtime="20230301 19:03:41.649"/>
</kw>
<kw name="Log" library="BuiltIn">
<arg>${fight_name}</arg>
<doc>Logs the given message with the given level.</doc>
<status status="NOT RUN" starttime="20230301 19:03:41.650" endtime="20230301 19:03:41.650"/>
</kw>
<status status="NOT RUN" starttime="20230301 19:03:41.649" endtime="20230301 19:03:41.650"/>
</branch>
<status status="PASS" starttime="20230301 19:03:41.649" endtime="20230301 19:03:41.650"/>
</if>
<status status="PASS" starttime="20230301 19:03:36.636" endtime="20230301 19:03:41.650"/>
</iter>
<status status="PASS" starttime="20230301 19:02:06.162" endtime="20230301 19:03:41.650"/>
</for>
<status status="PASS" starttime="20230301 19:02:06.156" endtime="20230301 19:03:41.650"/>
</kw>
<status status="PASS" starttime="20230301 19:02:01.630" endtime="20230301 19:03:41.650"/>
</test>
<kw name="close all windows" library="initialize_resource" type="TEARDOWN">
<kw name="Close Window" library="SeleniumLibrary">
<doc>Closes currently opened and selected browser window/tab.</doc>
<status status="PASS" starttime="20230301 19:03:41.651" endtime="20230301 19:03:42.728"/>
</kw>
<status status="PASS" starttime="20230301 19:03:41.651" endtime="20230301 19:03:42.728"/>
</kw>
<doc>Validation of Login Page contents search page
Login to ibibo website
Enter Valid and Invalid cases</doc>
<status status="PASS" starttime="20230301 19:01:18.949" endtime="20230301 19:03:42.728"/>
</suite>
<status status="PASS" starttime="20230301 19:01:18.934" endtime="20230301 19:03:42.730"/>
</suite>
<statistics>
<total>
<stat pass="5" fail="0" skip="0">All Tests</stat>
</total>
<tag>
</tag>
<suite>
<stat pass="5" fail="0" skip="0" id="s1" name="Tests">Tests</stat>
<stat pass="5" fail="0" skip="0" id="s1-s1" name="Test Three">Tests.Test Three</stat>
</suite>
</statistics>
<errors>
</errors>
</robot>
