<?xml version="1.0" encoding="UTF-8"?>
<robot generator="Robot 6.0.2 (Python 3.9.5 on win32)" generated="20230226 21:22:04.933" rpa="false" schemaversion="3">
<suite id="s1" name="Test One" source="C:\Users\Ashish\PycharmProjects\Robot_framework_makemytrip\tests\test_one.robot">
<kw name="Open the base url" library="initialize_resource" type="SETUP">
<kw name="Open Browser" library="SeleniumLibrary">
<arg>${url}</arg>
<arg>browser=chrome</arg>
<arg>options=add_argument("--disable-extensions");add_argument("--start-maximized")</arg>
<arg>desired_capabilities={"pageLoadStrategy": "none"}</arg>
<arg>executable_path=../Webdrivers/chromedriver.exe</arg>
<doc>Opens a new browser instance to the optional ``url``.</doc>
<msg timestamp="20230226 21:22:05.197" level="INFO">Opening browser 'chrome' to base url 'https://www.makemytrip.com/'.</msg>
<status status="PASS" starttime="20230226 21:22:05.196" endtime="20230226 21:22:08.238"/>
</kw>
<kw name="Set Browser Implicit Wait" library="SeleniumLibrary">
<arg>5</arg>
<doc>Sets the implicit wait value used by Selenium.</doc>
<status status="PASS" starttime="20230226 21:22:08.238" endtime="20230226 21:22:08.239"/>
</kw>
<kw name="Set Selenium Timeout" library="SeleniumLibrary">
<arg>15</arg>
<doc>Sets the timeout that is used by various keywords.</doc>
<status status="PASS" starttime="20230226 21:22:08.239" endtime="20230226 21:22:08.239"/>
</kw>
<kw name="Sleep" library="BuiltIn">
<arg>3</arg>
<doc>Pauses the test executed for the given time.</doc>
<msg timestamp="20230226 21:22:11.243" level="INFO">Slept 3 seconds</msg>
<status status="PASS" starttime="20230226 21:22:08.239" endtime="20230226 21:22:11.243"/>
</kw>
<status status="PASS" starttime="20230226 21:22:05.196" endtime="20230226 21:22:11.243"/>
</kw>
<test id="s1-t1" name="close all pop-ups in MMT Page" line="16">
<kw name="close all pop-ups" library="initialize_resource">
<kw name="Select Frame" library="SeleniumLibrary">
<arg>xpath://iframe[@id='webklipper-publisher-widget-container-notification-frame']</arg>
<doc>Sets frame identified by ``locator`` as the current frame.</doc>
<msg timestamp="20230226 21:22:11.245" level="INFO">Selecting frame 'xpath://iframe[@id='webklipper-publisher-widget-container-notification-frame']'.</msg>
<msg timestamp="20230226 21:22:16.419" level="INFO" html="true">&lt;/td&gt;&lt;/tr&gt;&lt;tr&gt;&lt;td colspan="3"&gt;&lt;a href="selenium-screenshot-3.png"&gt;&lt;img src="selenium-screenshot-3.png" width="800px"&gt;&lt;/a&gt;</msg>
<msg timestamp="20230226 21:22:16.419" level="FAIL">Element with locator 'xpath://iframe[@id='webklipper-publisher-widget-container-notification-frame']' not found.</msg>
<status status="FAIL" starttime="20230226 21:22:11.244" endtime="20230226 21:22:16.449"/>
</kw>
<kw name="Get Element Count" library="SeleniumLibrary">
<var>${val}</var>
<arg>${pop_up_one}</arg>
<doc>Returns the number of elements matching ``locator``.</doc>
<status status="NOT RUN" starttime="20230226 21:22:16.449" endtime="20230226 21:22:16.449"/>
</kw>
<if>
<branch type="IF" condition="'${val}'=='1'">
<kw name="Click Element" library="SeleniumLibrary">
<arg>css:#webklipper-publisher-widget-container-notification-close-div</arg>
<doc>Click the element identified by ``locator``.</doc>
<status status="NOT RUN" starttime="20230226 21:22:16.449" endtime="20230226 21:22:16.449"/>
</kw>
<status status="NOT RUN" starttime="20230226 21:22:16.449" endtime="20230226 21:22:16.449"/>
</branch>
<branch type="ELSE">
<kw name="Log" library="BuiltIn">
<arg>Link is not present in the web page.</arg>
<doc>Logs the given message with the given level.</doc>
<status status="NOT RUN" starttime="20230226 21:22:16.449" endtime="20230226 21:22:16.449"/>
</kw>
<status status="NOT RUN" starttime="20230226 21:22:16.449" endtime="20230226 21:22:16.449"/>
</branch>
<status status="NOT RUN" starttime="20230226 21:22:16.449" endtime="20230226 21:22:16.449"/>
</if>
<status status="FAIL" starttime="20230226 21:22:11.244" endtime="20230226 21:22:16.450"/>
</kw>
<tag>smoke</tag>
<status status="FAIL" starttime="20230226 21:22:11.243" endtime="20230226 21:22:16.450">Element with locator 'xpath://iframe[@id='webklipper-publisher-widget-container-notification-frame']' not found.</status>
</test>
<test id="s1-t2" name="select round trip in MMT landing Page" line="20">
<kw name="select round trip" library="homepage_resource">
<kw name="Sleep" library="BuiltIn">
<arg>3</arg>
<doc>Pauses the test executed for the given time.</doc>
<msg timestamp="20230226 21:22:19.455" level="INFO">Slept 3 seconds</msg>
<status status="PASS" starttime="20230226 21:22:16.451" endtime="20230226 21:22:19.455"/>
</kw>
<kw name="Click Element" library="SeleniumLibrary">
<arg>xpath://body/div[@id='root']/div[1]/div[2]/div[1]/div[1]/div[1]/ul[1]/li[2]/span[1]</arg>
<doc>Click the element identified by ``locator``.</doc>
<msg timestamp="20230226 21:22:19.455" level="INFO">Clicking element 'xpath://body/div[@id='root']/div[1]/div[2]/div[1]/div[1]/div[1]/ul[1]/li[2]/span[1]'.</msg>
<status status="PASS" starttime="20230226 21:22:19.455" endtime="20230226 21:22:19.529"/>
</kw>
<status status="PASS" starttime="20230226 21:22:16.451" endtime="20230226 21:22:19.530"/>
</kw>
<status status="PASS" starttime="20230226 21:22:16.451" endtime="20230226 21:22:19.530"/>
</test>
<test id="s1-t3" name="select from and to airports" line="23">
<kw name="select airports from" library="homepage_resource">
<arg>BLR</arg>
<arg>HYD</arg>
<kw name="Sleep" library="BuiltIn">
<arg>5</arg>
<doc>Pauses the test executed for the given time.</doc>
<msg timestamp="20230226 21:22:24.535" level="INFO">Slept 5 seconds</msg>
<status status="PASS" starttime="20230226 21:22:19.532" endtime="20230226 21:22:24.535"/>
</kw>
<kw name="close additional windows" library="initialize_resource">
<kw name="Get Window Handles" library="SeleniumLibrary">
<var>@{window_titles}</var>
<doc>Returns all child window handles of the selected browser as a list.</doc>
<msg timestamp="20230226 21:22:24.536" level="INFO">@{window_titles} = [ CDwindow-35FC8AEBE022650A6F0FFDB57F3BB8AC ]</msg>
<status status="PASS" starttime="20230226 21:22:24.535" endtime="20230226 21:22:24.536"/>
</kw>
<kw name="Get Length" library="BuiltIn">
<var>${length_of_windows}</var>
<arg>${window_titles}</arg>
<doc>Returns and logs the length of the given item as an integer.</doc>
<msg timestamp="20230226 21:22:24.537" level="INFO">Length is 1</msg>
<msg timestamp="20230226 21:22:24.537" level="INFO">${length_of_windows} = 1</msg>
<status status="PASS" starttime="20230226 21:22:24.536" endtime="20230226 21:22:24.537"/>
</kw>
<kw name="Run Keyword If" library="BuiltIn">
<arg>'${length_of_windows}'&gt;'1'</arg>
<arg>run keywords</arg>
<arg>switch window</arg>
<arg>index=1</arg>
<arg>AND</arg>
<arg>close window</arg>
<arg>AND</arg>
<arg>switch window</arg>
<arg>index=0</arg>
<arg>ELSE</arg>
<arg>log</arg>
<arg>no additional tabs opened</arg>
<doc>Runs the given keyword with the given arguments, if ``condition`` is true.</doc>
<kw name="Log" library="BuiltIn">
<arg>no additional tabs opened</arg>
<doc>Logs the given message with the given level.</doc>
<msg timestamp="20230226 21:22:24.537" level="INFO">no additional tabs opened</msg>
<status status="PASS" starttime="20230226 21:22:24.537" endtime="20230226 21:22:24.537"/>
</kw>
<status status="PASS" starttime="20230226 21:22:24.537" endtime="20230226 21:22:24.537"/>
</kw>
<status status="PASS" starttime="20230226 21:22:24.535" endtime="20230226 21:22:24.537"/>
</kw>
<kw name="Click Element" library="SeleniumLibrary">
<arg>css:#fromCity</arg>
<doc>Click the element identified by ``locator``.</doc>
<msg timestamp="20230226 21:22:24.538" level="INFO">Clicking element 'css:#fromCity'.</msg>
<status status="PASS" starttime="20230226 21:22:24.537" endtime="20230226 21:22:24.601"/>
</kw>
<kw name="Sleep" library="BuiltIn">
<arg>2</arg>
<doc>Pauses the test executed for the given time.</doc>
<msg timestamp="20230226 21:22:26.606" level="INFO">Slept 2 seconds</msg>
<status status="PASS" starttime="20230226 21:22:24.601" endtime="20230226 21:22:26.606"/>
</kw>
<kw name="Input Text" library="SeleniumLibrary">
<arg>xpath://input[@placeholder='From']</arg>
<arg>${from}</arg>
<doc>Types the given ``text`` into the text field identified by ``locator``.</doc>
<msg timestamp="20230226 21:22:26.608" level="INFO">Typing text 'BLR' into text field 'xpath://input[@placeholder='From']'.</msg>
<status status="PASS" starttime="20230226 21:22:26.607" endtime="20230226 21:22:26.672"/>
</kw>
<kw name="Sleep" library="BuiltIn">
<arg>2</arg>
<doc>Pauses the test executed for the given time.</doc>
<msg timestamp="20230226 21:22:28.681" level="INFO">Slept 2 seconds</msg>
<status status="PASS" starttime="20230226 21:22:26.673" endtime="20230226 21:22:28.681"/>
</kw>
<kw name="Press Keys" library="SeleniumLibrary">
<arg>None</arg>
<arg>DOWN</arg>
<doc>Simulates the user pressing key(s) to an element or on the active browser.</doc>
<msg timestamp="20230226 21:22:28.682" level="INFO">Sending key(s) ('DOWN',) to page.</msg>
<msg timestamp="20230226 21:22:28.682" level="INFO">Pressing special key DOWN to browser.</msg>
<msg timestamp="20230226 21:22:28.682" level="INFO">Releasing special key DOWN.</msg>
<status status="PASS" starttime="20230226 21:22:28.681" endtime="20230226 21:22:28.692"/>
</kw>
<kw name="Press Keys" library="SeleniumLibrary">
<arg>None</arg>
<arg>ENTER</arg>
<doc>Simulates the user pressing key(s) to an element or on the active browser.</doc>
<msg timestamp="20230226 21:22:28.693" level="INFO">Sending key(s) ('ENTER',) to page.</msg>
<msg timestamp="20230226 21:22:28.693" level="INFO">Pressing special key ENTER to browser.</msg>
<msg timestamp="20230226 21:22:28.693" level="INFO">Releasing special key ENTER.</msg>
<status status="PASS" starttime="20230226 21:22:28.692" endtime="20230226 21:22:28.732"/>
</kw>
<kw name="Click Element" library="SeleniumLibrary">
<arg>css:#toCity</arg>
<doc>Click the element identified by ``locator``.</doc>
<msg timestamp="20230226 21:22:28.732" level="INFO">Clicking element 'css:#toCity'.</msg>
<status status="PASS" starttime="20230226 21:22:28.732" endtime="20230226 21:22:28.818"/>
</kw>
<kw name="Input Text" library="SeleniumLibrary">
<arg>xpath://input[@placeholder='To']</arg>
<arg>${to}</arg>
<doc>Types the given ``text`` into the text field identified by ``locator``.</doc>
<msg timestamp="20230226 21:22:28.820" level="INFO">Typing text 'HYD' into text field 'xpath://input[@placeholder='To']'.</msg>
<status status="PASS" starttime="20230226 21:22:28.819" endtime="20230226 21:22:28.886"/>
</kw>
<kw name="Sleep" library="BuiltIn">
<arg>2</arg>
<doc>Pauses the test executed for the given time.</doc>
<msg timestamp="20230226 21:22:30.892" level="INFO">Slept 2 seconds</msg>
<status status="PASS" starttime="20230226 21:22:28.886" endtime="20230226 21:22:30.892"/>
</kw>
<kw name="Press Keys" library="SeleniumLibrary">
<arg>None</arg>
<arg>DOWN</arg>
<doc>Simulates the user pressing key(s) to an element or on the active browser.</doc>
<msg timestamp="20230226 21:22:30.892" level="INFO">Sending key(s) ('DOWN',) to page.</msg>
<msg timestamp="20230226 21:22:30.892" level="INFO">Pressing special key DOWN to browser.</msg>
<msg timestamp="20230226 21:22:30.892" level="INFO">Releasing special key DOWN.</msg>
<status status="PASS" starttime="20230226 21:22:30.892" endtime="20230226 21:22:30.898"/>
</kw>
<kw name="Press Keys" library="SeleniumLibrary">
<arg>None</arg>
<arg>ENTER</arg>
<doc>Simulates the user pressing key(s) to an element or on the active browser.</doc>
<msg timestamp="20230226 21:22:30.899" level="INFO">Sending key(s) ('ENTER',) to page.</msg>
<msg timestamp="20230226 21:22:30.899" level="INFO">Pressing special key ENTER to browser.</msg>
<msg timestamp="20230226 21:22:30.899" level="INFO">Releasing special key ENTER.</msg>
<status status="PASS" starttime="20230226 21:22:30.898" endtime="20230226 21:22:30.945"/>
</kw>
<status status="PASS" starttime="20230226 21:22:19.531" endtime="20230226 21:22:30.945"/>
</kw>
<status status="PASS" starttime="20230226 21:22:19.531" endtime="20230226 21:22:30.946"/>
</test>
<test id="s1-t4" name="select departure and arrival dates in MMT" line="26">
<kw name="Create List" library="BuiltIn">
<var>@{Arrival_date}</var>
<arg>Sat</arg>
<arg>May</arg>
<arg>13</arg>
<arg>2023</arg>
<doc>Returns a list containing given items.</doc>
<msg timestamp="20230226 21:22:30.947" level="INFO">@{Arrival_date} = [ Sat | May | 13 | 2023 ]</msg>
<status status="PASS" starttime="20230226 21:22:30.947" endtime="20230226 21:22:30.947"/>
</kw>
<kw name="Create List" library="BuiltIn">
<var>@{Departure_date}</var>
<arg>Tue</arg>
<arg>May</arg>
<arg>09</arg>
<arg>2023</arg>
<doc>Returns a list containing given items.</doc>
<msg timestamp="20230226 21:22:30.947" level="INFO">@{Departure_date} = [ Tue | May | 09 | 2023 ]</msg>
<status status="PASS" starttime="20230226 21:22:30.947" endtime="20230226 21:22:30.947"/>
</kw>
<kw name="select departure and arrival dates" library="homepage_resource">
<arg>${Departure_date}</arg>
<arg>${Arrival_date}</arg>
<kw name="Compute Selector" library="Dateselection">
<arg>${Departure_date}[0]</arg>
<arg>${Departure_date}[1]</arg>
<arg>${Departure_date}[2]</arg>
<arg>${Departure_date}[3]</arg>
<msg timestamp="20230226 21:22:30.948" level="INFO">Clicking element 'xpath://div[@aria-label='Tue May 09 2023']'.</msg>
<msg timestamp="20230226 21:22:36.013" level="INFO">Clicking element 'xpath://span[@aria-label='Next Month']'.</msg>
<msg timestamp="20230226 21:22:36.065" level="INFO">Clicking element 'xpath://div[@aria-label='Tue May 09 2023']'.</msg>
<msg timestamp="20230226 21:22:41.088" level="INFO">Clicking element 'xpath://span[@aria-label='Next Month']'.</msg>
<msg timestamp="20230226 21:22:41.127" level="INFO">Clicking element 'xpath://div[@aria-label='Tue May 09 2023']'.</msg>
<status status="PASS" starttime="20230226 21:22:30.948" endtime="20230226 21:22:41.184"/>
</kw>
<kw name="Compute Selector" library="Dateselection">
<arg>${Arrival_date}[0]</arg>
<arg>${Arrival_date}[1]</arg>
<arg>${Arrival_date}[2]</arg>
<arg>${Arrival_date}[3]</arg>
<msg timestamp="20230226 21:22:41.184" level="INFO">Clicking element 'xpath://div[@aria-label='Sat May 13 2023']'.</msg>
<status status="PASS" starttime="20230226 21:22:41.184" endtime="20230226 21:22:41.247"/>
</kw>
<status status="PASS" starttime="20230226 21:22:30.947" endtime="20230226 21:22:41.247"/>
</kw>
<status status="PASS" starttime="20230226 21:22:30.946" endtime="20230226 21:22:41.247"/>
</test>
<test id="s1-t5" name="click on travellers and class" line="31">
<kw name="select travellers class" library="homepage_resource">
<kw name="Sleep" library="BuiltIn">
<arg>5</arg>
<doc>Pauses the test executed for the given time.</doc>
<msg timestamp="20230226 21:22:46.258" level="INFO">Slept 5 seconds</msg>
<status status="PASS" starttime="20230226 21:22:41.249" endtime="20230226 21:22:46.258"/>
</kw>
<kw name="Click Element" library="SeleniumLibrary">
<arg>xpath://span[contains(text(),'Travellers &amp; Class')]</arg>
<doc>Click the element identified by ``locator``.</doc>
<msg timestamp="20230226 21:22:46.259" level="INFO">Clicking element 'xpath://span[contains(text(),'Travellers &amp; Class')]'.</msg>
<status status="PASS" starttime="20230226 21:22:46.258" endtime="20230226 21:22:46.333"/>
</kw>
<kw name="Click Element" library="SeleniumLibrary">
<arg>xpath://li[@data-cy='adults-2']</arg>
<doc>Click the element identified by ``locator``.</doc>
<msg timestamp="20230226 21:22:46.334" level="INFO">Clicking element 'xpath://li[@data-cy='adults-2']'.</msg>
<status status="PASS" starttime="20230226 21:22:46.333" endtime="20230226 21:22:46.404"/>
</kw>
<kw name="Click Element" library="SeleniumLibrary">
<arg>xpath://li[@data-cy='children-1']</arg>
<doc>Click the element identified by ``locator``.</doc>
<msg timestamp="20230226 21:22:46.404" level="INFO">Clicking element 'xpath://li[@data-cy='children-1']'.</msg>
<status status="PASS" starttime="20230226 21:22:46.404" endtime="20230226 21:22:46.466"/>
</kw>
<kw name="Click Element" library="SeleniumLibrary">
<arg>xpath://li[@data-cy='infants-1']</arg>
<doc>Click the element identified by ``locator``.</doc>
<msg timestamp="20230226 21:22:46.467" level="INFO">Clicking element 'xpath://li[@data-cy='infants-1']'.</msg>
<status status="PASS" starttime="20230226 21:22:46.467" endtime="20230226 21:22:46.523"/>
</kw>
<kw name="Click Element" library="SeleniumLibrary">
<arg>xpath://li[@data-cy='travelClass-1']</arg>
<doc>Click the element identified by ``locator``.</doc>
<msg timestamp="20230226 21:22:46.524" level="INFO">Clicking element 'xpath://li[@data-cy='travelClass-1']'.</msg>
<status status="PASS" starttime="20230226 21:22:46.523" endtime="20230226 21:22:46.585"/>
</kw>
<kw name="Click Element" library="SeleniumLibrary">
<arg>xpath://button[@data-cy='travellerApplyBtn']</arg>
<doc>Click the element identified by ``locator``.</doc>
<msg timestamp="20230226 21:22:46.586" level="INFO">Clicking element 'xpath://button[@data-cy='travellerApplyBtn']'.</msg>
<status status="PASS" starttime="20230226 21:22:46.585" endtime="20230226 21:22:46.640"/>
</kw>
<kw name="Sleep" library="BuiltIn">
<arg>2</arg>
<doc>Pauses the test executed for the given time.</doc>
<msg timestamp="20230226 21:22:48.656" level="INFO">Slept 2 seconds</msg>
<status status="PASS" starttime="20230226 21:22:46.640" endtime="20230226 21:22:48.656"/>
</kw>
<status status="PASS" starttime="20230226 21:22:41.248" endtime="20230226 21:22:48.656"/>
</kw>
<kw name="validate the content" library="homepage_resource">
<kw name="Element Attribute Value Should Be" library="SeleniumLibrary">
<arg>css:#travellers</arg>
<arg>value</arg>
<arg>1 Infant, 1 Adult, 2 Childrens</arg>
<doc>Verifies element identified by ``locator`` contains expected attribute value.</doc>
<msg timestamp="20230226 21:22:48.719" level="INFO">Element 'css:#travellers' attribute 'value' contains value '1 Infant, 1 Adult, 2 Childrens'.</msg>
<status status="PASS" starttime="20230226 21:22:48.656" endtime="20230226 21:22:48.719"/>
</kw>
<kw name="Element Text Should Be" library="SeleniumLibrary">
<arg>xpath://p[contains(text(),'Premium Economy')]</arg>
<arg>Premium Economy</arg>
<doc>Verifies that element ``locator`` contains exact the text ``expected``.</doc>
<msg timestamp="20230226 21:22:48.720" level="INFO">Verifying element 'xpath://p[contains(text(),'Premium Economy')]' contains exact text 'Premium Economy'.</msg>
<status status="PASS" starttime="20230226 21:22:48.719" endtime="20230226 21:22:48.735"/>
</kw>
<status status="PASS" starttime="20230226 21:22:48.656" endtime="20230226 21:22:48.735"/>
</kw>
<tag>smoke</tag>
<status status="PASS" starttime="20230226 21:22:41.248" endtime="20230226 21:22:48.736"/>
</test>
<test id="s1-t6" name="click on search" line="36">
<kw name="click on search" library="homepage_resource">
<kw name="Click Element" library="SeleniumLibrary">
<arg>xpath://a[contains(text(),'Search')]</arg>
<doc>Click the element identified by ``locator``.</doc>
<msg timestamp="20230226 21:22:48.737" level="INFO">Clicking element 'xpath://a[contains(text(),'Search')]'.</msg>
<status status="PASS" starttime="20230226 21:22:48.737" endtime="20230226 21:22:50.632"/>
</kw>
<kw name="Sleep" library="BuiltIn">
<arg>10</arg>
<doc>Pauses the test executed for the given time.</doc>
<msg timestamp="20230226 21:23:00.649" level="INFO">Slept 10 seconds</msg>
<status status="PASS" starttime="20230226 21:22:50.632" endtime="20230226 21:23:00.649"/>
</kw>
<status status="PASS" starttime="20230226 21:22:48.737" endtime="20230226 21:23:00.649"/>
</kw>
<tag>smoke</tag>
<status status="PASS" starttime="20230226 21:22:48.736" endtime="20230226 21:23:00.649"/>
</test>
<kw name="close all windows" library="initialize_resource" type="TEARDOWN">
<kw name="Close Window" library="SeleniumLibrary">
<doc>Closes currently opened and selected browser window/tab.</doc>
<status status="PASS" starttime="20230226 21:23:00.651" endtime="20230226 21:23:00.752"/>
</kw>
<status status="PASS" starttime="20230226 21:23:00.650" endtime="20230226 21:23:00.753"/>
</kw>
<doc>Validation of Login Page contents
Login to ibibo website
Enter Valid and Invalid cases</doc>
<status status="FAIL" starttime="20230226 21:22:04.935" endtime="20230226 21:23:00.753"/>
</suite>
<statistics>
<total>
<stat pass="5" fail="1" skip="0">All Tests</stat>
</total>
<tag>
<stat pass="2" fail="1" skip="0">smoke</stat>
</tag>
<suite>
<stat pass="5" fail="1" skip="0" id="s1" name="Test One">Test One</stat>
</suite>
</statistics>
<errors>
</errors>
</robot>
