<?xml version="1.0" encoding="UTF-8"?>
<robot generator="Robot 6.0.2 (Python 3.9.5 on win32)" generated="20230225 18:59:26.398" rpa="false" schemaversion="3">
<suite id="s1" name="Test One" source="C:\Users\Ashish\PycharmProjects\Robot_framework_makemytrip\Tests\test_one.robot">
<kw name="Open the base url" library="initialize_resource" type="SETUP">
<kw name="Open Browser" library="SeleniumLibrary">
<arg>${url}</arg>
<arg>browser=chrome</arg>
<arg>options=add_argument("--disable-extensions");add_argument("--start-maximized")</arg>
<arg>desired_capabilities={"pageLoadStrategy": "none"}</arg>
<arg>executable_path=../Webdrivers/chromedriver.exe</arg>
<doc>Opens a new browser instance to the optional ``url``.</doc>
<msg timestamp="20230225 18:59:26.612" level="INFO">Opening browser 'chrome' to base url 'https://www.makemytrip.com/'.</msg>
<status status="PASS" starttime="20230225 18:59:26.611" endtime="20230225 18:59:31.361"/>
</kw>
<kw name="Set Browser Implicit Wait" library="SeleniumLibrary">
<arg>5</arg>
<doc>Sets the implicit wait value used by Selenium.</doc>
<status status="PASS" starttime="20230225 18:59:31.361" endtime="20230225 18:59:31.366"/>
</kw>
<kw name="Set Selenium Timeout" library="SeleniumLibrary">
<arg>15</arg>
<doc>Sets the timeout that is used by various keywords.</doc>
<status status="PASS" starttime="20230225 18:59:31.366" endtime="20230225 18:59:31.369"/>
</kw>
<kw name="Sleep" library="BuiltIn">
<arg>3</arg>
<doc>Pauses the test executed for the given time.</doc>
<msg timestamp="20230225 18:59:34.385" level="INFO">Slept 3 seconds</msg>
<status status="PASS" starttime="20230225 18:59:31.370" endtime="20230225 18:59:34.385"/>
</kw>
<status status="PASS" starttime="20230225 18:59:26.610" endtime="20230225 18:59:34.385"/>
</kw>
<test id="s1-t1" name="close all pop-ups in MMT Page" line="16">
<kw name="close all pop-ups" library="initialize_resource">
<kw name="Select Frame" library="SeleniumLibrary">
<arg>xpath://iframe[@id='webklipper-publisher-widget-container-notification-frame']</arg>
<doc>Sets frame identified by ``locator`` as the current frame.</doc>
<msg timestamp="20230225 18:59:34.387" level="INFO">Selecting frame 'xpath://iframe[@id='webklipper-publisher-widget-container-notification-frame']'.</msg>
<msg timestamp="20230225 18:59:39.560" level="INFO" html="true">&lt;/td&gt;&lt;/tr&gt;&lt;tr&gt;&lt;td colspan="3"&gt;&lt;a href="selenium-screenshot-1.png"&gt;&lt;img src="selenium-screenshot-1.png" width="800px"&gt;&lt;/a&gt;</msg>
<msg timestamp="20230225 18:59:39.560" level="FAIL">Element with locator 'xpath://iframe[@id='webklipper-publisher-widget-container-notification-frame']' not found.</msg>
<status status="FAIL" starttime="20230225 18:59:34.386" endtime="20230225 18:59:39.561"/>
</kw>
<kw name="Get Element Count" library="SeleniumLibrary">
<var>${val}</var>
<arg>${pop_up_one}</arg>
<doc>Returns the number of elements matching ``locator``.</doc>
<status status="NOT RUN" starttime="20230225 18:59:39.562" endtime="20230225 18:59:39.562"/>
</kw>
<if>
<branch type="IF" condition="'${val}'=='1'">
<kw name="Click Element" library="SeleniumLibrary">
<arg>css:#webklipper-publisher-widget-container-notification-close-div</arg>
<doc>Click the element identified by ``locator``.</doc>
<status status="NOT RUN" starttime="20230225 18:59:39.562" endtime="20230225 18:59:39.562"/>
</kw>
<status status="NOT RUN" starttime="20230225 18:59:39.562" endtime="20230225 18:59:39.562"/>
</branch>
<branch type="ELSE">
<kw name="Log" library="BuiltIn">
<arg>Link is not present in the web page.</arg>
<doc>Logs the given message with the given level.</doc>
<status status="NOT RUN" starttime="20230225 18:59:39.562" endtime="20230225 18:59:39.563"/>
</kw>
<status status="NOT RUN" starttime="20230225 18:59:39.562" endtime="20230225 18:59:39.563"/>
</branch>
<status status="NOT RUN" starttime="20230225 18:59:39.562" endtime="20230225 18:59:39.563"/>
</if>
<status status="FAIL" starttime="20230225 18:59:34.386" endtime="20230225 18:59:39.563"/>
</kw>
<tag>smoke</tag>
<status status="FAIL" starttime="20230225 18:59:34.385" endtime="20230225 18:59:39.563">Element with locator 'xpath://iframe[@id='webklipper-publisher-widget-container-notification-frame']' not found.</status>
</test>
<kw name="close all windows" library="initialize_resource" type="TEARDOWN">
<kw name="Close Window" library="SeleniumLibrary">
<doc>Closes currently opened and selected browser window/tab.</doc>
<status status="PASS" starttime="20230225 18:59:39.565" endtime="20230225 18:59:39.664"/>
</kw>
<status status="PASS" starttime="20230225 18:59:39.564" endtime="20230225 18:59:39.664"/>
</kw>
<doc>Validation of Login Page contents
Login to ibibo website
Enter Valid and Invalid cases</doc>
<status status="FAIL" starttime="20230225 18:59:26.407" endtime="20230225 18:59:39.664"/>
</suite>
<statistics>
<total>
<stat pass="0" fail="1" skip="0">All Tests</stat>
</total>
<tag>
<stat pass="0" fail="1" skip="0">smoke</stat>
</tag>
<suite>
<stat pass="0" fail="1" skip="0" id="s1" name="Test One">Test One</stat>
</suite>
</statistics>
<errors>
</errors>
</robot>
