<?xml version="1.0" encoding="UTF-8"?>
<robot generator="Robot 6.0.2 (Python 3.9.5 on win32)" generated="20230225 18:59:26.378" rpa="false" schemaversion="3">
<suite id="s1" name="Test One" source="C:\Users\Ashish\PycharmProjects\Robot_framework_makemytrip\Tests\test_one.robot">
<kw name="Open the base url" library="initialize_resource" type="SETUP">
<kw name="Open Browser" library="SeleniumLibrary">
<arg>${url}</arg>
<arg>browser=chrome</arg>
<arg>options=add_argument("--disable-extensions");add_argument("--start-maximized")</arg>
<arg>desired_capabilities={"pageLoadStrategy": "none"}</arg>
<arg>executable_path=../Webdrivers/chromedriver.exe</arg>
<doc>Opens a new browser instance to the optional ``url``.</doc>
<msg timestamp="20230225 18:59:26.596" level="INFO">Opening browser 'chrome' to base url 'https://www.makemytrip.com/'.</msg>
<status status="PASS" starttime="20230225 18:59:26.595" endtime="20230225 18:59:32.682"/>
</kw>
<kw name="Set Browser Implicit Wait" library="SeleniumLibrary">
<arg>5</arg>
<doc>Sets the implicit wait value used by Selenium.</doc>
<status status="PASS" starttime="20230225 18:59:32.682" endtime="20230225 18:59:32.683"/>
</kw>
<kw name="Set Selenium Timeout" library="SeleniumLibrary">
<arg>15</arg>
<doc>Sets the timeout that is used by various keywords.</doc>
<status status="PASS" starttime="20230225 18:59:32.684" endtime="20230225 18:59:32.686"/>
</kw>
<kw name="Sleep" library="BuiltIn">
<arg>3</arg>
<doc>Pauses the test executed for the given time.</doc>
<msg timestamp="20230225 18:59:35.699" level="INFO">Slept 3 seconds</msg>
<status status="PASS" starttime="20230225 18:59:32.686" endtime="20230225 18:59:35.699"/>
</kw>
<status status="PASS" starttime="20230225 18:59:26.595" endtime="20230225 18:59:35.699"/>
</kw>
<test id="s1-t1" name="select round trip in MMT landing Page" line="20">
<kw name="select round trip" library="homepage_resource">
<kw name="Sleep" library="BuiltIn">
<arg>3</arg>
<doc>Pauses the test executed for the given time.</doc>
<msg timestamp="20230225 18:59:38.708" level="INFO">Slept 3 seconds</msg>
<status status="PASS" starttime="20230225 18:59:35.700" endtime="20230225 18:59:38.708"/>
</kw>
<kw name="Click Element" library="SeleniumLibrary">
<arg>xpath://body/div[@id='root']/div[1]/div[2]/div[1]/div[1]/div[1]/ul[1]/li[2]/span[1]</arg>
<doc>Click the element identified by ``locator``.</doc>
<msg timestamp="20230225 18:59:38.709" level="INFO">Clicking element 'xpath://body/div[@id='root']/div[1]/div[2]/div[1]/div[1]/div[1]/ul[1]/li[2]/span[1]'.</msg>
<status status="PASS" starttime="20230225 18:59:38.708" endtime="20230225 18:59:38.859"/>
</kw>
<status status="PASS" starttime="20230225 18:59:35.700" endtime="20230225 18:59:38.859"/>
</kw>
<status status="PASS" starttime="20230225 18:59:35.699" endtime="20230225 18:59:38.859"/>
</test>
<kw name="close all windows" library="initialize_resource" type="TEARDOWN">
<kw name="Close Window" library="SeleniumLibrary">
<doc>Closes currently opened and selected browser window/tab.</doc>
<status status="PASS" starttime="20230225 18:59:38.860" endtime="20230225 18:59:38.957"/>
</kw>
<status status="PASS" starttime="20230225 18:59:38.860" endtime="20230225 18:59:38.958"/>
</kw>
<doc>Validation of Login Page contents
Login to ibibo website
Enter Valid and Invalid cases</doc>
<status status="PASS" starttime="20230225 18:59:26.387" endtime="20230225 18:59:38.959"/>
</suite>
<statistics>
<total>
<stat pass="1" fail="0" skip="0">All Tests</stat>
</total>
<tag>
</tag>
<suite>
<stat pass="1" fail="0" skip="0" id="s1" name="Test One">Test One</stat>
</suite>
</statistics>
<errors>
</errors>
</robot>
