<?xml version="1.0" encoding="UTF-8"?>
<robot generator="Robot 6.0.2 (Python 3.9.5 on win32)" generated="20230225 18:59:26.393" rpa="false" schemaversion="3">
<suite id="s1" name="Test One" source="C:\Users\Ashish\PycharmProjects\Robot_framework_makemytrip\Tests\test_one.robot">
<kw name="Open the base url" library="initialize_resource" type="SETUP">
<kw name="Open Browser" library="SeleniumLibrary">
<arg>${url}</arg>
<arg>browser=chrome</arg>
<arg>options=add_argument("--disable-extensions");add_argument("--start-maximized")</arg>
<arg>desired_capabilities={"pageLoadStrategy": "none"}</arg>
<arg>executable_path=../Webdrivers/chromedriver.exe</arg>
<doc>Opens a new browser instance to the optional ``url``.</doc>
<msg timestamp="20230225 18:59:26.614" level="INFO">Opening browser 'chrome' to base url 'https://www.makemytrip.com/'.</msg>
<status status="PASS" starttime="20230225 18:59:26.613" endtime="20230225 18:59:30.187"/>
</kw>
<kw name="Set Browser Implicit Wait" library="SeleniumLibrary">
<arg>5</arg>
<doc>Sets the implicit wait value used by Selenium.</doc>
<status status="PASS" starttime="20230225 18:59:30.188" endtime="20230225 18:59:30.230"/>
</kw>
<kw name="Set Selenium Timeout" library="SeleniumLibrary">
<arg>15</arg>
<doc>Sets the timeout that is used by various keywords.</doc>
<status status="PASS" starttime="20230225 18:59:30.231" endtime="20230225 18:59:30.234"/>
</kw>
<kw name="Sleep" library="BuiltIn">
<arg>3</arg>
<doc>Pauses the test executed for the given time.</doc>
<msg timestamp="20230225 18:59:33.242" level="INFO">Slept 3 seconds</msg>
<status status="PASS" starttime="20230225 18:59:30.235" endtime="20230225 18:59:33.242"/>
</kw>
<status status="PASS" starttime="20230225 18:59:26.612" endtime="20230225 18:59:33.242"/>
</kw>
<test id="s1-t1" name="click on search" line="36">
<kw name="click on search" library="homepage_resource">
<kw name="Click Element" library="SeleniumLibrary">
<arg>xpath://a[contains(text(),'Search')]</arg>
<doc>Click the element identified by ``locator``.</doc>
<msg timestamp="20230225 18:59:33.245" level="INFO">Clicking element 'xpath://a[contains(text(),'Search')]'.</msg>
<status status="PASS" starttime="20230225 18:59:33.244" endtime="20230225 18:59:35.118"/>
</kw>
<kw name="Sleep" library="BuiltIn">
<arg>10</arg>
<doc>Pauses the test executed for the given time.</doc>
<msg timestamp="20230225 18:59:45.126" level="INFO">Slept 10 seconds</msg>
<status status="PASS" starttime="20230225 18:59:35.118" endtime="20230225 18:59:45.126"/>
</kw>
<status status="PASS" starttime="20230225 18:59:33.244" endtime="20230225 18:59:45.126"/>
</kw>
<tag>smoke</tag>
<status status="PASS" starttime="20230225 18:59:33.242" endtime="20230225 18:59:45.126"/>
</test>
<kw name="close all windows" library="initialize_resource" type="TEARDOWN">
<kw name="Close Window" library="SeleniumLibrary">
<doc>Closes currently opened and selected browser window/tab.</doc>
<status status="PASS" starttime="20230225 18:59:45.127" endtime="20230225 18:59:45.220"/>
</kw>
<status status="PASS" starttime="20230225 18:59:45.127" endtime="20230225 18:59:45.220"/>
</kw>
<doc>Validation of Login Page contents
Login to ibibo website
Enter Valid and Invalid cases</doc>
<status status="PASS" starttime="20230225 18:59:26.401" endtime="20230225 18:59:45.220"/>
</suite>
<statistics>
<total>
<stat pass="1" fail="0" skip="0">All Tests</stat>
</total>
<tag>
<stat pass="1" fail="0" skip="0">smoke</stat>
</tag>
<suite>
<stat pass="1" fail="0" skip="0" id="s1" name="Test One">Test One</stat>
</suite>
</statistics>
<errors>
</errors>
</robot>
