<?xml version="1.0" encoding="UTF-8"?>
<robot generator="Robot 6.0.2 (Python 3.9.5 on win32)" generated="20230301 19:01:18.928" rpa="false" schemaversion="3">
<suite id="s1" name="Tests" source="C:\Users\Ashish\PycharmProjects\Robot_framework_makemytrip\tests">
<suite id="s1-s1" name="Test Two" source="C:\Users\Ashish\PycharmProjects\Robot_framework_makemytrip\tests\test_two.robot">
<kw name="Open the base url" library="initialize_resource" type="SETUP">
<if>
<branch type="IF" condition="'${browser}'=='chrome'">
<kw name="Open Browser" library="SeleniumLibrary">
<arg>${url}</arg>
<arg>browser=${browser}</arg>
<arg>options=add_argument("--disable-extensions");add_argument("--start-maximized")</arg>
<arg>desired_capabilities={"pageLoadStrategy": "none"}</arg>
<arg>executable_path=../Webdrivers/chromedriver.exe</arg>
<doc>Opens a new browser instance to the optional ``url``.</doc>
<status status="NOT RUN" starttime="20230301 19:01:19.383" endtime="20230301 19:01:19.383"/>
</kw>
<status status="NOT RUN" starttime="20230301 19:01:19.383" endtime="20230301 19:01:19.383"/>
</branch>
<branch type="ELSE IF" condition="'${browser}'=='firefox'">
<kw name="Open Browser" library="SeleniumLibrary">
<arg>${url}</arg>
<arg>browser=${browser}</arg>
<arg>options=add_argument("--disable-extensions");add_argument("--start-maximized")</arg>
<arg>desired_capabilities={"pageLoadStrategy": "none"}</arg>
<arg>executable_path=../Webdrivers/geckodriver.exe</arg>
<doc>Opens a new browser instance to the optional ``url``.</doc>
<msg timestamp="20230301 19:01:19.384" level="INFO">Opening browser 'firefox' to base url 'https://www.makemytrip.com/'.</msg>
<msg timestamp="20230301 19:01:19.387" level="INFO">Firefox driver log is always forced to to: C:\Users\Ashish\PycharmProjects\Robot_framework_makemytrip\tests\pabot_results\2\geckodriver-1.log</msg>
<status status="PASS" starttime="20230301 19:01:19.384" endtime="20230301 19:01:27.330"/>
</kw>
<status status="PASS" starttime="20230301 19:01:19.383" endtime="20230301 19:01:27.331"/>
</branch>
<status status="PASS" starttime="20230301 19:01:19.383" endtime="20230301 19:01:27.331"/>
</if>
<kw name="Set Browser Implicit Wait" library="SeleniumLibrary">
<arg>5</arg>
<doc>Sets the implicit wait value used by Selenium.</doc>
<status status="PASS" starttime="20230301 19:01:27.331" endtime="20230301 19:01:27.337"/>
</kw>
<kw name="Set Selenium Timeout" library="SeleniumLibrary">
<arg>15</arg>
<doc>Sets the timeout that is used by various keywords.</doc>
<status status="PASS" starttime="20230301 19:01:27.337" endtime="20230301 19:01:27.343"/>
</kw>
<kw name="Sleep" library="BuiltIn">
<arg>3</arg>
<doc>Pauses the test executed for the given time.</doc>
<msg timestamp="20230301 19:01:30.355" level="INFO">Slept 3 seconds</msg>
<status status="PASS" starttime="20230301 19:01:27.343" endtime="20230301 19:01:30.355"/>
</kw>
<status status="PASS" starttime="20230301 19:01:19.382" endtime="20230301 19:01:30.355"/>
</kw>
<test id="s1-s1-t1" name="close all pop-ups in MMT Page" line="16">
<kw name="close all pop-ups" library="initialize_resource">
<kw name="Select Frame" library="SeleniumLibrary">
<arg>xpath://iframe[@id='webklipper-publisher-widget-container-notification-frame']</arg>
<doc>Sets frame identified by ``locator`` as the current frame.</doc>
<msg timestamp="20230301 19:01:30.356" level="INFO">Selecting frame 'xpath://iframe[@id='webklipper-publisher-widget-container-notification-frame']'.</msg>
<msg timestamp="20230301 19:01:35.453" level="INFO" html="true">&lt;/td&gt;&lt;/tr&gt;&lt;tr&gt;&lt;td colspan="3"&gt;&lt;a href="selenium-screenshot-1.png"&gt;&lt;img src="selenium-screenshot-1.png" width="800px"&gt;&lt;/a&gt;</msg>
<msg timestamp="20230301 19:01:35.453" level="FAIL">Element with locator 'xpath://iframe[@id='webklipper-publisher-widget-container-notification-frame']' not found.</msg>
<status status="FAIL" starttime="20230301 19:01:30.356" endtime="20230301 19:01:35.454"/>
</kw>
<kw name="Get Element Count" library="SeleniumLibrary">
<var>${val}</var>
<arg>${pop_up_one}</arg>
<doc>Returns the number of elements matching ``locator``.</doc>
<status status="NOT RUN" starttime="20230301 19:01:35.454" endtime="20230301 19:01:35.454"/>
</kw>
<if>
<branch type="IF" condition="'${val}'=='1'">
<kw name="Click Element" library="SeleniumLibrary">
<arg>css:#webklipper-publisher-widget-container-notification-close-div</arg>
<doc>Click the element identified by ``locator``.</doc>
<status status="NOT RUN" starttime="20230301 19:01:35.454" endtime="20230301 19:01:35.455"/>
</kw>
<status status="NOT RUN" starttime="20230301 19:01:35.454" endtime="20230301 19:01:35.455"/>
</branch>
<branch type="ELSE">
<kw name="Log" library="BuiltIn">
<arg>Link is not present in the web page.</arg>
<doc>Logs the given message with the given level.</doc>
<status status="NOT RUN" starttime="20230301 19:01:35.455" endtime="20230301 19:01:35.455"/>
</kw>
<status status="NOT RUN" starttime="20230301 19:01:35.455" endtime="20230301 19:01:35.455"/>
</branch>
<status status="NOT RUN" starttime="20230301 19:01:35.454" endtime="20230301 19:01:35.455"/>
</if>
<status status="FAIL" starttime="20230301 19:01:30.356" endtime="20230301 19:01:35.455"/>
</kw>
<status status="FAIL" starttime="20230301 19:01:30.355" endtime="20230301 19:01:35.455">Element with locator 'xpath://iframe[@id='webklipper-publisher-widget-container-notification-frame']' not found.</status>
</test>
<test id="s1-s1-t2" name="select round trip in MMT landing Page" line="19">
<kw name="select round trip" library="homepage_resource">
<kw name="Sleep" library="BuiltIn">
<arg>3</arg>
<doc>Pauses the test executed for the given time.</doc>
<msg timestamp="20230301 19:01:38.466" level="INFO">Slept 3 seconds</msg>
<status status="PASS" starttime="20230301 19:01:35.457" endtime="20230301 19:01:38.466"/>
</kw>
<kw name="Click Element" library="SeleniumLibrary">
<arg>xpath://body/div[@id='root']/div[1]/div[2]/div[1]/div[1]/div[1]/ul[1]/li[2]/span[1]</arg>
<doc>Click the element identified by ``locator``.</doc>
<msg timestamp="20230301 19:01:38.467" level="INFO">Clicking element 'xpath://body/div[@id='root']/div[1]/div[2]/div[1]/div[1]/div[1]/ul[1]/li[2]/span[1]'.</msg>
<status status="PASS" starttime="20230301 19:01:38.466" endtime="20230301 19:01:38.718"/>
</kw>
<status status="PASS" starttime="20230301 19:01:35.456" endtime="20230301 19:01:38.719"/>
</kw>
<status status="PASS" starttime="20230301 19:01:35.456" endtime="20230301 19:01:38.719"/>
</test>
<test id="s1-s1-t3" name="select from and to airports" line="22">
<kw name="select airports from" library="homepage_resource">
<arg>BLR</arg>
<arg>HYD</arg>
<kw name="Sleep" library="BuiltIn">
<arg>5</arg>
<doc>Pauses the test executed for the given time.</doc>
<msg timestamp="20230301 19:01:43.721" level="INFO">Slept 5 seconds</msg>
<status status="PASS" starttime="20230301 19:01:38.720" endtime="20230301 19:01:43.721"/>
</kw>
<kw name="close additional windows" library="initialize_resource">
<kw name="Get Window Handles" library="SeleniumLibrary">
<var>@{window_titles}</var>
<doc>Returns all child window handles of the selected browser as a list.</doc>
<msg timestamp="20230301 19:01:43.723" level="INFO">@{window_titles} = [ 9d2e8f60-2836-4a17-afc1-ece4f9a125bf ]</msg>
<status status="PASS" starttime="20230301 19:01:43.721" endtime="20230301 19:01:43.723"/>
</kw>
<kw name="Get Length" library="BuiltIn">
<var>${length_of_windows}</var>
<arg>${window_titles}</arg>
<doc>Returns and logs the length of the given item as an integer.</doc>
<msg timestamp="20230301 19:01:43.724" level="INFO">Length is 1</msg>
<msg timestamp="20230301 19:01:43.724" level="INFO">${length_of_windows} = 1</msg>
<status status="PASS" starttime="20230301 19:01:43.723" endtime="20230301 19:01:43.724"/>
</kw>
<kw name="Run Keyword If" library="BuiltIn">
<arg>'${length_of_windows}'&gt;'1'</arg>
<arg>run keywords</arg>
<arg>switch window</arg>
<arg>index=1</arg>
<arg>AND</arg>
<arg>close window</arg>
<arg>AND</arg>
<arg>switch window</arg>
<arg>index=0</arg>
<arg>ELSE</arg>
<arg>log</arg>
<arg>no additional tabs opened</arg>
<doc>Runs the given keyword with the given arguments, if ``condition`` is true.</doc>
<kw name="Log" library="BuiltIn">
<arg>no additional tabs opened</arg>
<doc>Logs the given message with the given level.</doc>
<msg timestamp="20230301 19:01:43.724" level="INFO">no additional tabs opened</msg>
<status status="PASS" starttime="20230301 19:01:43.724" endtime="20230301 19:01:43.725"/>
</kw>
<status status="PASS" starttime="20230301 19:01:43.724" endtime="20230301 19:01:43.725"/>
</kw>
<status status="PASS" starttime="20230301 19:01:43.721" endtime="20230301 19:01:43.725"/>
</kw>
<kw name="Click Element" library="SeleniumLibrary">
<arg>css:#fromCity</arg>
<doc>Click the element identified by ``locator``.</doc>
<msg timestamp="20230301 19:01:43.725" level="INFO">Clicking element 'css:#fromCity'.</msg>
<status status="PASS" starttime="20230301 19:01:43.725" endtime="20230301 19:01:43.958"/>
</kw>
<kw name="Sleep" library="BuiltIn">
<arg>2</arg>
<doc>Pauses the test executed for the given time.</doc>
<msg timestamp="20230301 19:01:45.969" level="INFO">Slept 2 seconds</msg>
<status status="PASS" starttime="20230301 19:01:43.959" endtime="20230301 19:01:45.969"/>
</kw>
<kw name="Input Text" library="SeleniumLibrary">
<arg>xpath://input[@placeholder='From']</arg>
<arg>${from}</arg>
<doc>Types the given ``text`` into the text field identified by ``locator``.</doc>
<msg timestamp="20230301 19:01:45.970" level="INFO">Typing text 'BLR' into text field 'xpath://input[@placeholder='From']'.</msg>
<status status="PASS" starttime="20230301 19:01:45.969" endtime="20230301 19:01:45.989"/>
</kw>
<kw name="Sleep" library="BuiltIn">
<arg>2</arg>
<doc>Pauses the test executed for the given time.</doc>
<msg timestamp="20230301 19:01:48.004" level="INFO">Slept 2 seconds</msg>
<status status="PASS" starttime="20230301 19:01:45.989" endtime="20230301 19:01:48.004"/>
</kw>
<kw name="Press Keys" library="SeleniumLibrary">
<arg>None</arg>
<arg>DOWN</arg>
<doc>Simulates the user pressing key(s) to an element or on the active browser.</doc>
<msg timestamp="20230301 19:01:48.005" level="INFO">Sending key(s) ('DOWN',) to page.</msg>
<msg timestamp="20230301 19:01:48.005" level="INFO">Pressing special key DOWN to browser.</msg>
<msg timestamp="20230301 19:01:48.005" level="INFO">Releasing special key DOWN.</msg>
<status status="PASS" starttime="20230301 19:01:48.004" endtime="20230301 19:01:48.024"/>
</kw>
<kw name="Press Keys" library="SeleniumLibrary">
<arg>None</arg>
<arg>ENTER</arg>
<doc>Simulates the user pressing key(s) to an element or on the active browser.</doc>
<msg timestamp="20230301 19:01:48.025" level="INFO">Sending key(s) ('ENTER',) to page.</msg>
<msg timestamp="20230301 19:01:48.026" level="INFO">Pressing special key ENTER to browser.</msg>
<msg timestamp="20230301 19:01:48.026" level="INFO">Releasing special key ENTER.</msg>
<status status="PASS" starttime="20230301 19:01:48.025" endtime="20230301 19:01:48.066"/>
</kw>
<kw name="Click Element" library="SeleniumLibrary">
<arg>css:#toCity</arg>
<doc>Click the element identified by ``locator``.</doc>
<msg timestamp="20230301 19:01:48.066" level="INFO">Clicking element 'css:#toCity'.</msg>
<status status="PASS" starttime="20230301 19:01:48.066" endtime="20230301 19:01:48.319"/>
</kw>
<kw name="Input Text" library="SeleniumLibrary">
<arg>xpath://input[@placeholder='To']</arg>
<arg>${to}</arg>
<doc>Types the given ``text`` into the text field identified by ``locator``.</doc>
<msg timestamp="20230301 19:01:48.320" level="INFO">Typing text 'HYD' into text field 'xpath://input[@placeholder='To']'.</msg>
<status status="PASS" starttime="20230301 19:01:48.319" endtime="20230301 19:01:48.343"/>
</kw>
<kw name="Sleep" library="BuiltIn">
<arg>2</arg>
<doc>Pauses the test executed for the given time.</doc>
<msg timestamp="20230301 19:01:50.347" level="INFO">Slept 2 seconds</msg>
<status status="PASS" starttime="20230301 19:01:48.344" endtime="20230301 19:01:50.347"/>
</kw>
<kw name="Press Keys" library="SeleniumLibrary">
<arg>None</arg>
<arg>DOWN</arg>
<doc>Simulates the user pressing key(s) to an element or on the active browser.</doc>
<msg timestamp="20230301 19:01:50.348" level="INFO">Sending key(s) ('DOWN',) to page.</msg>
<msg timestamp="20230301 19:01:50.348" level="INFO">Pressing special key DOWN to browser.</msg>
<msg timestamp="20230301 19:01:50.348" level="INFO">Releasing special key DOWN.</msg>
<status status="PASS" starttime="20230301 19:01:50.347" endtime="20230301 19:01:50.355"/>
</kw>
<kw name="Press Keys" library="SeleniumLibrary">
<arg>None</arg>
<arg>ENTER</arg>
<doc>Simulates the user pressing key(s) to an element or on the active browser.</doc>
<msg timestamp="20230301 19:01:50.356" level="INFO">Sending key(s) ('ENTER',) to page.</msg>
<msg timestamp="20230301 19:01:50.356" level="INFO">Pressing special key ENTER to browser.</msg>
<msg timestamp="20230301 19:01:50.356" level="INFO">Releasing special key ENTER.</msg>
<status status="PASS" starttime="20230301 19:01:50.356" endtime="20230301 19:01:50.413"/>
</kw>
<status status="PASS" starttime="20230301 19:01:38.719" endtime="20230301 19:01:50.414"/>
</kw>
<status status="PASS" starttime="20230301 19:01:38.719" endtime="20230301 19:01:50.414"/>
</test>
<test id="s1-s1-t4" name="select departure and arrival dates in MMT" line="25">
<kw name="Create List" library="BuiltIn">
<var>@{Arrival_date}</var>
<arg>Sat</arg>
<arg>May</arg>
<arg>13</arg>
<arg>2023</arg>
<doc>Returns a list containing given items.</doc>
<msg timestamp="20230301 19:01:50.415" level="INFO">@{Arrival_date} = [ Sat | May | 13 | 2023 ]</msg>
<status status="PASS" starttime="20230301 19:01:50.415" endtime="20230301 19:01:50.415"/>
</kw>
<kw name="Create List" library="BuiltIn">
<var>@{Departure_date}</var>
<arg>Tue</arg>
<arg>May</arg>
<arg>09</arg>
<arg>2023</arg>
<doc>Returns a list containing given items.</doc>
<msg timestamp="20230301 19:01:50.416" level="INFO">@{Departure_date} = [ Tue | May | 09 | 2023 ]</msg>
<status status="PASS" starttime="20230301 19:01:50.416" endtime="20230301 19:01:50.416"/>
</kw>
<kw name="select departure and arrival dates" library="homepage_resource">
<arg>${Departure_date}</arg>
<arg>${Arrival_date}</arg>
<kw name="Compute Selector" library="Dateselection">
<arg>${Departure_date}[0]</arg>
<arg>${Departure_date}[1]</arg>
<arg>${Departure_date}[2]</arg>
<arg>${Departure_date}[3]</arg>
<msg timestamp="20230301 19:01:50.417" level="INFO">Clicking element 'xpath://div[@aria-label='Tue May 09 2023']'.</msg>
<msg timestamp="20230301 19:01:55.422" level="INFO">Clicking element 'xpath://span[@aria-label='Next Month']'.</msg>
<msg timestamp="20230301 19:01:55.662" level="INFO">Clicking element 'xpath://div[@aria-label='Tue May 09 2023']'.</msg>
<status status="PASS" starttime="20230301 19:01:50.416" endtime="20230301 19:01:55.899"/>
</kw>
<kw name="Compute Selector" library="Dateselection">
<arg>${Arrival_date}[0]</arg>
<arg>${Arrival_date}[1]</arg>
<arg>${Arrival_date}[2]</arg>
<arg>${Arrival_date}[3]</arg>
<msg timestamp="20230301 19:01:55.900" level="INFO">Clicking element 'xpath://div[@aria-label='Sat May 13 2023']'.</msg>
<status status="PASS" starttime="20230301 19:01:55.900" endtime="20230301 19:01:56.142"/>
</kw>
<status status="PASS" starttime="20230301 19:01:50.416" endtime="20230301 19:01:56.143"/>
</kw>
<status status="PASS" starttime="20230301 19:01:50.414" endtime="20230301 19:01:56.143"/>
</test>
<test id="s1-s1-t5" name="click on search" line="30">
<kw name="click on search" library="homepage_resource">
<kw name="Click Element" library="SeleniumLibrary">
<arg>xpath://a[contains(text(),'Search')]</arg>
<doc>Click the element identified by ``locator``.</doc>
<msg timestamp="20230301 19:01:56.145" level="INFO">Clicking element 'xpath://a[contains(text(),'Search')]'.</msg>
<status status="PASS" starttime="20230301 19:01:56.144" endtime="20230301 19:01:57.801"/>
</kw>
<kw name="Sleep" library="BuiltIn">
<arg>10</arg>
<doc>Pauses the test executed for the given time.</doc>
<msg timestamp="20230301 19:02:07.809" level="INFO">Slept 10 seconds</msg>
<status status="PASS" starttime="20230301 19:01:57.801" endtime="20230301 19:02:07.809"/>
</kw>
<status status="PASS" starttime="20230301 19:01:56.144" endtime="20230301 19:02:07.809"/>
</kw>
<tag>smoke</tag>
<status status="PASS" starttime="20230301 19:01:56.143" endtime="20230301 19:02:07.809"/>
</test>
<test id="s1-s1-t6" name="Scrape flight details and store in file" line="34">
<kw name="Extract All Flight Details" library="flight_details">
<kw name="Sleep" library="BuiltIn">
<arg>5</arg>
<doc>Pauses the test executed for the given time.</doc>
<msg timestamp="20230301 19:02:12.820" level="INFO">Slept 5 seconds</msg>
<status status="PASS" starttime="20230301 19:02:07.810" endtime="20230301 19:02:12.820"/>
</kw>
<kw name="Element Occurrence" library="Searchpageelements">
<arg>xpath://span[@class='bgProperties icon20 overlayCrossIcon']</arg>
<arg>timeout=10</arg>
<msg timestamp="20230301 19:02:15.831" level="INFO">Clicking element 'xpath://span[@class='bgProperties icon20 overlayCrossIcon']'.</msg>
<status status="PASS" starttime="20230301 19:02:12.820" endtime="20230301 19:02:16.076"/>
</kw>
<kw name="Element Occurrence" library="Searchpageelements">
<arg>//label[contains(@id,'flightCard')]</arg>
<msg timestamp="20230301 19:02:19.103" level="INFO">Clicking element '//label[contains(@id,'flightCard')]'.</msg>
<status status="PASS" starttime="20230301 19:02:16.077" endtime="20230301 19:02:19.322"/>
</kw>
<kw name="Set Variable" library="BuiltIn">
<var>${xpath}</var>
<arg>//label[contains(@id,'flightCard')]</arg>
<doc>Returns the given values which can then be assigned to a variables.</doc>
<msg timestamp="20230301 19:02:19.323" level="INFO">${xpath} = //label[contains(@id,'flightCard')]</msg>
<status status="PASS" starttime="20230301 19:02:19.323" endtime="20230301 19:02:19.323"/>
</kw>
<kw name="Create Excel Document" library="ExcelLibrary">
<var>${workbook}</var>
<arg>../Outputfile/example.xlsx</arg>
<doc>Creates new excel document.</doc>
<msg timestamp="20230301 19:02:19.324" level="INFO">${workbook} = ../Outputfile/example.xlsx</msg>
<status status="PASS" starttime="20230301 19:02:19.323" endtime="20230301 19:02:19.324"/>
</kw>
<kw name="Create File" library="OperatingSystem">
<arg>../Outputfile/output.txt</arg>
<arg>content="Flight Details are as Follows"${\n}</arg>
<doc>Creates a file with the given content and encoding.</doc>
<msg timestamp="20230301 19:02:19.325" level="INFO" html="true">Created file '&lt;a href="file://C:\Users\Ashish\PycharmProjects\Robot_framework_makemytrip\Outputfile\output.txt"&gt;C:\Users\Ashish\PycharmProjects\Robot_framework_makemytrip\Outputfile\output.txt&lt;/a&gt;'.</msg>
<status status="PASS" starttime="20230301 19:02:19.325" endtime="20230301 19:02:19.325"/>
</kw>
<for flavor="IN RANGE">
<var>${i}</var>
<value>0</value>
<value>100</value>
<iter>
<var name="${i}">0</var>
<kw name="Get Element Count" library="SeleniumLibrary">
<var>${count_individual_xpath}</var>
<arg>xpath://label[@id='flightCard-${i}']/div/div/div/span/span[1]</arg>
<doc>Returns the number of elements matching ``locator``.</doc>
<msg timestamp="20230301 19:02:19.328" level="INFO">${count_individual_xpath} = 2</msg>
<status status="PASS" starttime="20230301 19:02:19.326" endtime="20230301 19:02:19.328"/>
</kw>
<if>
<branch type="IF" condition="${count_individual_xpath} &gt; 0">
<kw name="Get Text" library="SeleniumLibrary">
<var>${fight_name}</var>
<arg>xpath://label[@id='flightCard-${i}']/div/div/div/span/span[1]</arg>
<doc>Returns the text value of the element identified by ``locator``.</doc>
<msg timestamp="20230301 19:02:19.343" level="INFO">${fight_name} = AirAsia</msg>
<status status="PASS" starttime="20230301 19:02:19.329" endtime="20230301 19:02:19.343"/>
</kw>
<kw name="Get Text" library="SeleniumLibrary">
<var>${fight_departure_time}</var>
<arg>xpath://label[@id='flightCard-${i}']/div/div[2]/div/div/p/span</arg>
<doc>Returns the text value of the element identified by ``locator``.</doc>
<msg timestamp="20230301 19:02:19.349" level="INFO">${fight_departure_time} = 06:05</msg>
<status status="PASS" starttime="20230301 19:02:19.344" endtime="20230301 19:02:19.349"/>
</kw>
<kw name="Get Text" library="SeleniumLibrary">
<var>${fight_arrival_time}</var>
<arg>xpath://label[@id='flightCard-${i}']/div/div[2]/div/div[3]/p/span</arg>
<doc>Returns the text value of the element identified by ``locator``.</doc>
<msg timestamp="20230301 19:02:19.353" level="INFO">${fight_arrival_time} = 07:15</msg>
<status status="PASS" starttime="20230301 19:02:19.349" endtime="20230301 19:02:19.353"/>
</kw>
<kw name="Get Text" library="SeleniumLibrary">
<var>${flight_cost}</var>
<arg>xpath://label[@id='flightCard-${i}']/div/div[2]/div[2]/div/p</arg>
<doc>Returns the text value of the element identified by ``locator``.</doc>
<msg timestamp="20230301 19:02:19.359" level="INFO">${flight_cost} = ₹ 2,304</msg>
<status status="PASS" starttime="20230301 19:02:19.353" endtime="20230301 19:02:19.359"/>
</kw>
<kw name="Set Variable" library="BuiltIn">
<var>${ival}</var>
<arg>${i}</arg>
<doc>Returns the given values which can then be assigned to a variables.</doc>
<msg timestamp="20230301 19:02:19.360" level="INFO">${ival} = 0</msg>
<status status="PASS" starttime="20230301 19:02:19.359" endtime="20230301 19:02:19.360"/>
</kw>
<kw name="Evaluate" library="BuiltIn">
<var>${ivalappended}</var>
<arg>${i} + 1</arg>
<doc>Evaluates the given expression in Python and returns the result.</doc>
<msg timestamp="20230301 19:02:19.360" level="INFO">${ivalappended} = 1</msg>
<status status="PASS" starttime="20230301 19:02:19.360" endtime="20230301 19:02:19.360"/>
</kw>
<kw name="Append To File" library="OperatingSystem">
<arg>../Outputfile/output.txt</arg>
<arg>${fight_name}${\n}Departure-${fight_departure_time}${\n}Arrival-${fight_arrival_time}${\n}Cost-${flight_cost}${\n}</arg>
<doc>Appends the given content to the specified file.</doc>
<msg timestamp="20230301 19:02:19.361" level="INFO" html="true">Appended to file '&lt;a href="file://C:\Users\Ashish\PycharmProjects\Robot_framework_makemytrip\Outputfile\output.txt"&gt;C:\Users\Ashish\PycharmProjects\Robot_framework_makemytrip\Outputfile\output.txt&lt;/a&gt;'.</msg>
<status status="PASS" starttime="20230301 19:02:19.360" endtime="20230301 19:02:19.361"/>
</kw>
<kw name="Write Excel Cell" library="ExcelLibrary">
<arg>${ivalappended}</arg>
<arg>1</arg>
<arg>${fight_name}</arg>
<arg>Sheet</arg>
<doc>Writes value to the cell.</doc>
<status status="PASS" starttime="20230301 19:02:19.361" endtime="20230301 19:02:19.362"/>
</kw>
<kw name="Write Excel Cell" library="ExcelLibrary">
<arg>${ivalappended}</arg>
<arg>2</arg>
<arg>${fight_departure_time}</arg>
<arg>Sheet</arg>
<doc>Writes value to the cell.</doc>
<status status="PASS" starttime="20230301 19:02:19.362" endtime="20230301 19:02:19.362"/>
</kw>
<kw name="Write Excel Cell" library="ExcelLibrary">
<arg>${ivalappended}</arg>
<arg>3</arg>
<arg>${fight_arrival_time}</arg>
<arg>Sheet</arg>
<doc>Writes value to the cell.</doc>
<status status="PASS" starttime="20230301 19:02:19.362" endtime="20230301 19:02:19.363"/>
</kw>
<kw name="Write Excel Cell" library="ExcelLibrary">
<arg>${ivalappended}</arg>
<arg>4</arg>
<arg>${flight_cost}</arg>
<arg>Sheet</arg>
<doc>Writes value to the cell.</doc>
<status status="PASS" starttime="20230301 19:02:19.363" endtime="20230301 19:02:19.363"/>
</kw>
<status status="PASS" starttime="20230301 19:02:19.329" endtime="20230301 19:02:19.363"/>
</branch>
<status status="PASS" starttime="20230301 19:02:19.329" endtime="20230301 19:02:19.363"/>
</if>
<status status="PASS" starttime="20230301 19:02:19.326" endtime="20230301 19:02:19.363"/>
</iter>
<iter>
<var name="${i}">1</var>
<kw name="Get Element Count" library="SeleniumLibrary">
<var>${count_individual_xpath}</var>
<arg>xpath://label[@id='flightCard-${i}']/div/div/div/span/span[1]</arg>
<doc>Returns the number of elements matching ``locator``.</doc>
<msg timestamp="20230301 19:02:19.367" level="INFO">${count_individual_xpath} = 2</msg>
<status status="PASS" starttime="20230301 19:02:19.364" endtime="20230301 19:02:19.367"/>
</kw>
<if>
<branch type="IF" condition="${count_individual_xpath} &gt; 0">
<kw name="Get Text" library="SeleniumLibrary">
<var>${fight_name}</var>
<arg>xpath://label[@id='flightCard-${i}']/div/div/div/span/span[1]</arg>
<doc>Returns the text value of the element identified by ``locator``.</doc>
<msg timestamp="20230301 19:02:19.372" level="INFO">${fight_name} = AirAsia</msg>
<status status="PASS" starttime="20230301 19:02:19.367" endtime="20230301 19:02:19.373"/>
</kw>
<kw name="Get Text" library="SeleniumLibrary">
<var>${fight_departure_time}</var>
<arg>xpath://label[@id='flightCard-${i}']/div/div[2]/div/div/p/span</arg>
<doc>Returns the text value of the element identified by ``locator``.</doc>
<msg timestamp="20230301 19:02:19.379" level="INFO">${fight_departure_time} = 07:35</msg>
<status status="PASS" starttime="20230301 19:02:19.373" endtime="20230301 19:02:19.379"/>
</kw>
<kw name="Get Text" library="SeleniumLibrary">
<var>${fight_arrival_time}</var>
<arg>xpath://label[@id='flightCard-${i}']/div/div[2]/div/div[3]/p/span</arg>
<doc>Returns the text value of the element identified by ``locator``.</doc>
<msg timestamp="20230301 19:02:19.384" level="INFO">${fight_arrival_time} = 08:45</msg>
<status status="PASS" starttime="20230301 19:02:19.379" endtime="20230301 19:02:19.384"/>
</kw>
<kw name="Get Text" library="SeleniumLibrary">
<var>${flight_cost}</var>
<arg>xpath://label[@id='flightCard-${i}']/div/div[2]/div[2]/div/p</arg>
<doc>Returns the text value of the element identified by ``locator``.</doc>
<msg timestamp="20230301 19:02:19.390" level="INFO">${flight_cost} = ₹ 2,304</msg>
<status status="PASS" starttime="20230301 19:02:19.384" endtime="20230301 19:02:19.390"/>
</kw>
<kw name="Set Variable" library="BuiltIn">
<var>${ival}</var>
<arg>${i}</arg>
<doc>Returns the given values which can then be assigned to a variables.</doc>
<msg timestamp="20230301 19:02:19.390" level="INFO">${ival} = 1</msg>
<status status="PASS" starttime="20230301 19:02:19.390" endtime="20230301 19:02:19.390"/>
</kw>
<kw name="Evaluate" library="BuiltIn">
<var>${ivalappended}</var>
<arg>${i} + 1</arg>
<doc>Evaluates the given expression in Python and returns the result.</doc>
<msg timestamp="20230301 19:02:19.390" level="INFO">${ivalappended} = 2</msg>
<status status="PASS" starttime="20230301 19:02:19.390" endtime="20230301 19:02:19.391"/>
</kw>
<kw name="Append To File" library="OperatingSystem">
<arg>../Outputfile/output.txt</arg>
<arg>${fight_name}${\n}Departure-${fight_departure_time}${\n}Arrival-${fight_arrival_time}${\n}Cost-${flight_cost}${\n}</arg>
<doc>Appends the given content to the specified file.</doc>
<msg timestamp="20230301 19:02:19.391" level="INFO" html="true">Appended to file '&lt;a href="file://C:\Users\Ashish\PycharmProjects\Robot_framework_makemytrip\Outputfile\output.txt"&gt;C:\Users\Ashish\PycharmProjects\Robot_framework_makemytrip\Outputfile\output.txt&lt;/a&gt;'.</msg>
<status status="PASS" starttime="20230301 19:02:19.391" endtime="20230301 19:02:19.391"/>
</kw>
<kw name="Write Excel Cell" library="ExcelLibrary">
<arg>${ivalappended}</arg>
<arg>1</arg>
<arg>${fight_name}</arg>
<arg>Sheet</arg>
<doc>Writes value to the cell.</doc>
<status status="PASS" starttime="20230301 19:02:19.391" endtime="20230301 19:02:19.392"/>
</kw>
<kw name="Write Excel Cell" library="ExcelLibrary">
<arg>${ivalappended}</arg>
<arg>2</arg>
<arg>${fight_departure_time}</arg>
<arg>Sheet</arg>
<doc>Writes value to the cell.</doc>
<status status="PASS" starttime="20230301 19:02:19.392" endtime="20230301 19:02:19.392"/>
</kw>
<kw name="Write Excel Cell" library="ExcelLibrary">
<arg>${ivalappended}</arg>
<arg>3</arg>
<arg>${fight_arrival_time}</arg>
<arg>Sheet</arg>
<doc>Writes value to the cell.</doc>
<status status="PASS" starttime="20230301 19:02:19.392" endtime="20230301 19:02:19.393"/>
</kw>
<kw name="Write Excel Cell" library="ExcelLibrary">
<arg>${ivalappended}</arg>
<arg>4</arg>
<arg>${flight_cost}</arg>
<arg>Sheet</arg>
<doc>Writes value to the cell.</doc>
<status status="PASS" starttime="20230301 19:02:19.393" endtime="20230301 19:02:19.393"/>
</kw>
<status status="PASS" starttime="20230301 19:02:19.367" endtime="20230301 19:02:19.393"/>
</branch>
<status status="PASS" starttime="20230301 19:02:19.367" endtime="20230301 19:02:19.394"/>
</if>
<status status="PASS" starttime="20230301 19:02:19.364" endtime="20230301 19:02:19.394"/>
</iter>
<iter>
<var name="${i}">2</var>
<kw name="Get Element Count" library="SeleniumLibrary">
<var>${count_individual_xpath}</var>
<arg>xpath://label[@id='flightCard-${i}']/div/div/div/span/span[1]</arg>
<doc>Returns the number of elements matching ``locator``.</doc>
<msg timestamp="20230301 19:02:19.396" level="INFO">${count_individual_xpath} = 2</msg>
<status status="PASS" starttime="20230301 19:02:19.394" endtime="20230301 19:02:19.396"/>
</kw>
<if>
<branch type="IF" condition="${count_individual_xpath} &gt; 0">
<kw name="Get Text" library="SeleniumLibrary">
<var>${fight_name}</var>
<arg>xpath://label[@id='flightCard-${i}']/div/div/div/span/span[1]</arg>
<doc>Returns the text value of the element identified by ``locator``.</doc>
<msg timestamp="20230301 19:02:19.401" level="INFO">${fight_name} = Akasa Air</msg>
<status status="PASS" starttime="20230301 19:02:19.397" endtime="20230301 19:02:19.401"/>
</kw>
<kw name="Get Text" library="SeleniumLibrary">
<var>${fight_departure_time}</var>
<arg>xpath://label[@id='flightCard-${i}']/div/div[2]/div/div/p/span</arg>
<doc>Returns the text value of the element identified by ``locator``.</doc>
<msg timestamp="20230301 19:02:19.407" level="INFO">${fight_departure_time} = 19:00</msg>
<status status="PASS" starttime="20230301 19:02:19.401" endtime="20230301 19:02:19.407"/>
</kw>
<kw name="Get Text" library="SeleniumLibrary">
<var>${fight_arrival_time}</var>
<arg>xpath://label[@id='flightCard-${i}']/div/div[2]/div/div[3]/p/span</arg>
<doc>Returns the text value of the element identified by ``locator``.</doc>
<msg timestamp="20230301 19:02:19.412" level="INFO">${fight_arrival_time} = 20:15</msg>
<status status="PASS" starttime="20230301 19:02:19.407" endtime="20230301 19:02:19.412"/>
</kw>
<kw name="Get Text" library="SeleniumLibrary">
<var>${flight_cost}</var>
<arg>xpath://label[@id='flightCard-${i}']/div/div[2]/div[2]/div/p</arg>
<doc>Returns the text value of the element identified by ``locator``.</doc>
<msg timestamp="20230301 19:02:19.417" level="INFO">${flight_cost} = ₹ 2,305</msg>
<status status="PASS" starttime="20230301 19:02:19.413" endtime="20230301 19:02:19.417"/>
</kw>
<kw name="Set Variable" library="BuiltIn">
<var>${ival}</var>
<arg>${i}</arg>
<doc>Returns the given values which can then be assigned to a variables.</doc>
<msg timestamp="20230301 19:02:19.418" level="INFO">${ival} = 2</msg>
<status status="PASS" starttime="20230301 19:02:19.418" endtime="20230301 19:02:19.418"/>
</kw>
<kw name="Evaluate" library="BuiltIn">
<var>${ivalappended}</var>
<arg>${i} + 1</arg>
<doc>Evaluates the given expression in Python and returns the result.</doc>
<msg timestamp="20230301 19:02:19.418" level="INFO">${ivalappended} = 3</msg>
<status status="PASS" starttime="20230301 19:02:19.418" endtime="20230301 19:02:19.418"/>
</kw>
<kw name="Append To File" library="OperatingSystem">
<arg>../Outputfile/output.txt</arg>
<arg>${fight_name}${\n}Departure-${fight_departure_time}${\n}Arrival-${fight_arrival_time}${\n}Cost-${flight_cost}${\n}</arg>
<doc>Appends the given content to the specified file.</doc>
<msg timestamp="20230301 19:02:19.419" level="INFO" html="true">Appended to file '&lt;a href="file://C:\Users\Ashish\PycharmProjects\Robot_framework_makemytrip\Outputfile\output.txt"&gt;C:\Users\Ashish\PycharmProjects\Robot_framework_makemytrip\Outputfile\output.txt&lt;/a&gt;'.</msg>
<status status="PASS" starttime="20230301 19:02:19.418" endtime="20230301 19:02:19.419"/>
</kw>
<kw name="Write Excel Cell" library="ExcelLibrary">
<arg>${ivalappended}</arg>
<arg>1</arg>
<arg>${fight_name}</arg>
<arg>Sheet</arg>
<doc>Writes value to the cell.</doc>
<status status="PASS" starttime="20230301 19:02:19.419" endtime="20230301 19:02:19.420"/>
</kw>
<kw name="Write Excel Cell" library="ExcelLibrary">
<arg>${ivalappended}</arg>
<arg>2</arg>
<arg>${fight_departure_time}</arg>
<arg>Sheet</arg>
<doc>Writes value to the cell.</doc>
<status status="PASS" starttime="20230301 19:02:19.420" endtime="20230301 19:02:19.420"/>
</kw>
<kw name="Write Excel Cell" library="ExcelLibrary">
<arg>${ivalappended}</arg>
<arg>3</arg>
<arg>${fight_arrival_time}</arg>
<arg>Sheet</arg>
<doc>Writes value to the cell.</doc>
<status status="PASS" starttime="20230301 19:02:19.420" endtime="20230301 19:02:19.421"/>
</kw>
<kw name="Write Excel Cell" library="ExcelLibrary">
<arg>${ivalappended}</arg>
<arg>4</arg>
<arg>${flight_cost}</arg>
<arg>Sheet</arg>
<doc>Writes value to the cell.</doc>
<status status="PASS" starttime="20230301 19:02:19.421" endtime="20230301 19:02:19.421"/>
</kw>
<status status="PASS" starttime="20230301 19:02:19.396" endtime="20230301 19:02:19.421"/>
</branch>
<status status="PASS" starttime="20230301 19:02:19.396" endtime="20230301 19:02:19.421"/>
</if>
<status status="PASS" starttime="20230301 19:02:19.394" endtime="20230301 19:02:19.421"/>
</iter>
<iter>
<var name="${i}">3</var>
<kw name="Get Element Count" library="SeleniumLibrary">
<var>${count_individual_xpath}</var>
<arg>xpath://label[@id='flightCard-${i}']/div/div/div/span/span[1]</arg>
<doc>Returns the number of elements matching ``locator``.</doc>
<msg timestamp="20230301 19:02:19.424" level="INFO">${count_individual_xpath} = 2</msg>
<status status="PASS" starttime="20230301 19:02:19.422" endtime="20230301 19:02:19.424"/>
</kw>
<if>
<branch type="IF" condition="${count_individual_xpath} &gt; 0">
<kw name="Get Text" library="SeleniumLibrary">
<var>${fight_name}</var>
<arg>xpath://label[@id='flightCard-${i}']/div/div/div/span/span[1]</arg>
<doc>Returns the text value of the element identified by ``locator``.</doc>
<msg timestamp="20230301 19:02:19.429" level="INFO">${fight_name} = Akasa Air</msg>
<status status="PASS" starttime="20230301 19:02:19.424" endtime="20230301 19:02:19.429"/>
</kw>
<kw name="Get Text" library="SeleniumLibrary">
<var>${fight_departure_time}</var>
<arg>xpath://label[@id='flightCard-${i}']/div/div[2]/div/div/p/span</arg>
<doc>Returns the text value of the element identified by ``locator``.</doc>
<msg timestamp="20230301 19:02:19.435" level="INFO">${fight_departure_time} = 10:05</msg>
<status status="PASS" starttime="20230301 19:02:19.429" endtime="20230301 19:02:19.435"/>
</kw>
<kw name="Get Text" library="SeleniumLibrary">
<var>${fight_arrival_time}</var>
<arg>xpath://label[@id='flightCard-${i}']/div/div[2]/div/div[3]/p/span</arg>
<doc>Returns the text value of the element identified by ``locator``.</doc>
<msg timestamp="20230301 19:02:19.440" level="INFO">${fight_arrival_time} = 11:25</msg>
<status status="PASS" starttime="20230301 19:02:19.435" endtime="20230301 19:02:19.440"/>
</kw>
<kw name="Get Text" library="SeleniumLibrary">
<var>${flight_cost}</var>
<arg>xpath://label[@id='flightCard-${i}']/div/div[2]/div[2]/div/p</arg>
<doc>Returns the text value of the element identified by ``locator``.</doc>
<msg timestamp="20230301 19:02:19.445" level="INFO">${flight_cost} = ₹ 2,305</msg>
<status status="PASS" starttime="20230301 19:02:19.440" endtime="20230301 19:02:19.445"/>
</kw>
<kw name="Set Variable" library="BuiltIn">
<var>${ival}</var>
<arg>${i}</arg>
<doc>Returns the given values which can then be assigned to a variables.</doc>
<msg timestamp="20230301 19:02:19.445" level="INFO">${ival} = 3</msg>
<status status="PASS" starttime="20230301 19:02:19.445" endtime="20230301 19:02:19.445"/>
</kw>
<kw name="Evaluate" library="BuiltIn">
<var>${ivalappended}</var>
<arg>${i} + 1</arg>
<doc>Evaluates the given expression in Python and returns the result.</doc>
<msg timestamp="20230301 19:02:19.446" level="INFO">${ivalappended} = 4</msg>
<status status="PASS" starttime="20230301 19:02:19.446" endtime="20230301 19:02:19.446"/>
</kw>
<kw name="Append To File" library="OperatingSystem">
<arg>../Outputfile/output.txt</arg>
<arg>${fight_name}${\n}Departure-${fight_departure_time}${\n}Arrival-${fight_arrival_time}${\n}Cost-${flight_cost}${\n}</arg>
<doc>Appends the given content to the specified file.</doc>
<msg timestamp="20230301 19:02:19.447" level="INFO" html="true">Appended to file '&lt;a href="file://C:\Users\Ashish\PycharmProjects\Robot_framework_makemytrip\Outputfile\output.txt"&gt;C:\Users\Ashish\PycharmProjects\Robot_framework_makemytrip\Outputfile\output.txt&lt;/a&gt;'.</msg>
<status status="PASS" starttime="20230301 19:02:19.446" endtime="20230301 19:02:19.447"/>
</kw>
<kw name="Write Excel Cell" library="ExcelLibrary">
<arg>${ivalappended}</arg>
<arg>1</arg>
<arg>${fight_name}</arg>
<arg>Sheet</arg>
<doc>Writes value to the cell.</doc>
<status status="PASS" starttime="20230301 19:02:19.447" endtime="20230301 19:02:19.447"/>
</kw>
<kw name="Write Excel Cell" library="ExcelLibrary">
<arg>${ivalappended}</arg>
<arg>2</arg>
<arg>${fight_departure_time}</arg>
<arg>Sheet</arg>
<doc>Writes value to the cell.</doc>
<status status="PASS" starttime="20230301 19:02:19.448" endtime="20230301 19:02:19.448"/>
</kw>
<kw name="Write Excel Cell" library="ExcelLibrary">
<arg>${ivalappended}</arg>
<arg>3</arg>
<arg>${fight_arrival_time}</arg>
<arg>Sheet</arg>
<doc>Writes value to the cell.</doc>
<status status="PASS" starttime="20230301 19:02:19.448" endtime="20230301 19:02:19.448"/>
</kw>
<kw name="Write Excel Cell" library="ExcelLibrary">
<arg>${ivalappended}</arg>
<arg>4</arg>
<arg>${flight_cost}</arg>
<arg>Sheet</arg>
<doc>Writes value to the cell.</doc>
<status status="PASS" starttime="20230301 19:02:19.449" endtime="20230301 19:02:19.449"/>
</kw>
<status status="PASS" starttime="20230301 19:02:19.424" endtime="20230301 19:02:19.449"/>
</branch>
<status status="PASS" starttime="20230301 19:02:19.424" endtime="20230301 19:02:19.449"/>
</if>
<status status="PASS" starttime="20230301 19:02:19.422" endtime="20230301 19:02:19.449"/>
</iter>
<iter>
<var name="${i}">4</var>
<kw name="Get Element Count" library="SeleniumLibrary">
<var>${count_individual_xpath}</var>
<arg>xpath://label[@id='flightCard-${i}']/div/div/div/span/span[1]</arg>
<doc>Returns the number of elements matching ``locator``.</doc>
<msg timestamp="20230301 19:02:19.452" level="INFO">${count_individual_xpath} = 2</msg>
<status status="PASS" starttime="20230301 19:02:19.449" endtime="20230301 19:02:19.452"/>
</kw>
<if>
<branch type="IF" condition="${count_individual_xpath} &gt; 0">
<kw name="Get Text" library="SeleniumLibrary">
<var>${fight_name}</var>
<arg>xpath://label[@id='flightCard-${i}']/div/div/div/span/span[1]</arg>
<doc>Returns the text value of the element identified by ``locator``.</doc>
<msg timestamp="20230301 19:02:19.457" level="INFO">${fight_name} = Akasa Air</msg>
<status status="PASS" starttime="20230301 19:02:19.453" endtime="20230301 19:02:19.457"/>
</kw>
<kw name="Get Text" library="SeleniumLibrary">
<var>${fight_departure_time}</var>
<arg>xpath://label[@id='flightCard-${i}']/div/div[2]/div/div/p/span</arg>
<doc>Returns the text value of the element identified by ``locator``.</doc>
<msg timestamp="20230301 19:02:19.462" level="INFO">${fight_departure_time} = 05:50</msg>
<status status="PASS" starttime="20230301 19:02:19.457" endtime="20230301 19:02:19.462"/>
</kw>
<kw name="Get Text" library="SeleniumLibrary">
<var>${fight_arrival_time}</var>
<arg>xpath://label[@id='flightCard-${i}']/div/div[2]/div/div[3]/p/span</arg>
<doc>Returns the text value of the element identified by ``locator``.</doc>
<msg timestamp="20230301 19:02:19.467" level="INFO">${fight_arrival_time} = 07:00</msg>
<status status="PASS" starttime="20230301 19:02:19.462" endtime="20230301 19:02:19.467"/>
</kw>
<kw name="Get Text" library="SeleniumLibrary">
<var>${flight_cost}</var>
<arg>xpath://label[@id='flightCard-${i}']/div/div[2]/div[2]/div/p</arg>
<doc>Returns the text value of the element identified by ``locator``.</doc>
<msg timestamp="20230301 19:02:19.472" level="INFO">${flight_cost} = ₹ 2,305</msg>
<status status="PASS" starttime="20230301 19:02:19.467" endtime="20230301 19:02:19.472"/>
</kw>
<kw name="Set Variable" library="BuiltIn">
<var>${ival}</var>
<arg>${i}</arg>
<doc>Returns the given values which can then be assigned to a variables.</doc>
<msg timestamp="20230301 19:02:19.473" level="INFO">${ival} = 4</msg>
<status status="PASS" starttime="20230301 19:02:19.472" endtime="20230301 19:02:19.473"/>
</kw>
<kw name="Evaluate" library="BuiltIn">
<var>${ivalappended}</var>
<arg>${i} + 1</arg>
<doc>Evaluates the given expression in Python and returns the result.</doc>
<msg timestamp="20230301 19:02:19.473" level="INFO">${ivalappended} = 5</msg>
<status status="PASS" starttime="20230301 19:02:19.473" endtime="20230301 19:02:19.473"/>
</kw>
<kw name="Append To File" library="OperatingSystem">
<arg>../Outputfile/output.txt</arg>
<arg>${fight_name}${\n}Departure-${fight_departure_time}${\n}Arrival-${fight_arrival_time}${\n}Cost-${flight_cost}${\n}</arg>
<doc>Appends the given content to the specified file.</doc>
<msg timestamp="20230301 19:02:19.474" level="INFO" html="true">Appended to file '&lt;a href="file://C:\Users\Ashish\PycharmProjects\Robot_framework_makemytrip\Outputfile\output.txt"&gt;C:\Users\Ashish\PycharmProjects\Robot_framework_makemytrip\Outputfile\output.txt&lt;/a&gt;'.</msg>
<status status="PASS" starttime="20230301 19:02:19.473" endtime="20230301 19:02:19.474"/>
</kw>
<kw name="Write Excel Cell" library="ExcelLibrary">
<arg>${ivalappended}</arg>
<arg>1</arg>
<arg>${fight_name}</arg>
<arg>Sheet</arg>
<doc>Writes value to the cell.</doc>
<status status="PASS" starttime="20230301 19:02:19.474" endtime="20230301 19:02:19.475"/>
</kw>
<kw name="Write Excel Cell" library="ExcelLibrary">
<arg>${ivalappended}</arg>
<arg>2</arg>
<arg>${fight_departure_time}</arg>
<arg>Sheet</arg>
<doc>Writes value to the cell.</doc>
<status status="PASS" starttime="20230301 19:02:19.475" endtime="20230301 19:02:19.475"/>
</kw>
<kw name="Write Excel Cell" library="ExcelLibrary">
<arg>${ivalappended}</arg>
<arg>3</arg>
<arg>${fight_arrival_time}</arg>
<arg>Sheet</arg>
<doc>Writes value to the cell.</doc>
<status status="PASS" starttime="20230301 19:02:19.475" endtime="20230301 19:02:19.476"/>
</kw>
<kw name="Write Excel Cell" library="ExcelLibrary">
<arg>${ivalappended}</arg>
<arg>4</arg>
<arg>${flight_cost}</arg>
<arg>Sheet</arg>
<doc>Writes value to the cell.</doc>
<status status="PASS" starttime="20230301 19:02:19.476" endtime="20230301 19:02:19.476"/>
</kw>
<status status="PASS" starttime="20230301 19:02:19.452" endtime="20230301 19:02:19.476"/>
</branch>
<status status="PASS" starttime="20230301 19:02:19.452" endtime="20230301 19:02:19.476"/>
</if>
<status status="PASS" starttime="20230301 19:02:19.449" endtime="20230301 19:02:19.476"/>
</iter>
<iter>
<var name="${i}">5</var>
<kw name="Get Element Count" library="SeleniumLibrary">
<var>${count_individual_xpath}</var>
<arg>xpath://label[@id='flightCard-${i}']/div/div/div/span/span[1]</arg>
<doc>Returns the number of elements matching ``locator``.</doc>
<msg timestamp="20230301 19:02:19.479" level="INFO">${count_individual_xpath} = 2</msg>
<status status="PASS" starttime="20230301 19:02:19.477" endtime="20230301 19:02:19.479"/>
</kw>
<if>
<branch type="IF" condition="${count_individual_xpath} &gt; 0">
<kw name="Get Text" library="SeleniumLibrary">
<var>${fight_name}</var>
<arg>xpath://label[@id='flightCard-${i}']/div/div/div/span/span[1]</arg>
<doc>Returns the text value of the element identified by ``locator``.</doc>
<msg timestamp="20230301 19:02:19.484" level="INFO">${fight_name} = AirAsia</msg>
<status status="PASS" starttime="20230301 19:02:19.479" endtime="20230301 19:02:19.484"/>
</kw>
<kw name="Get Text" library="SeleniumLibrary">
<var>${fight_departure_time}</var>
<arg>xpath://label[@id='flightCard-${i}']/div/div[2]/div/div/p/span</arg>
<doc>Returns the text value of the element identified by ``locator``.</doc>
<msg timestamp="20230301 19:02:19.489" level="INFO">${fight_departure_time} = 14:05</msg>
<status status="PASS" starttime="20230301 19:02:19.484" endtime="20230301 19:02:19.489"/>
</kw>
<kw name="Get Text" library="SeleniumLibrary">
<var>${fight_arrival_time}</var>
<arg>xpath://label[@id='flightCard-${i}']/div/div[2]/div/div[3]/p/span</arg>
<doc>Returns the text value of the element identified by ``locator``.</doc>
<msg timestamp="20230301 19:02:19.493" level="INFO">${fight_arrival_time} = 15:15</msg>
<status status="PASS" starttime="20230301 19:02:19.489" endtime="20230301 19:02:19.493"/>
</kw>
<kw name="Get Text" library="SeleniumLibrary">
<var>${flight_cost}</var>
<arg>xpath://label[@id='flightCard-${i}']/div/div[2]/div[2]/div/p</arg>
<doc>Returns the text value of the element identified by ``locator``.</doc>
<msg timestamp="20230301 19:02:19.498" level="INFO">${flight_cost} = ₹ 2,499</msg>
<status status="PASS" starttime="20230301 19:02:19.493" endtime="20230301 19:02:19.498"/>
</kw>
<kw name="Set Variable" library="BuiltIn">
<var>${ival}</var>
<arg>${i}</arg>
<doc>Returns the given values which can then be assigned to a variables.</doc>
<msg timestamp="20230301 19:02:19.499" level="INFO">${ival} = 5</msg>
<status status="PASS" starttime="20230301 19:02:19.499" endtime="20230301 19:02:19.499"/>
</kw>
<kw name="Evaluate" library="BuiltIn">
<var>${ivalappended}</var>
<arg>${i} + 1</arg>
<doc>Evaluates the given expression in Python and returns the result.</doc>
<msg timestamp="20230301 19:02:19.499" level="INFO">${ivalappended} = 6</msg>
<status status="PASS" starttime="20230301 19:02:19.499" endtime="20230301 19:02:19.499"/>
</kw>
<kw name="Append To File" library="OperatingSystem">
<arg>../Outputfile/output.txt</arg>
<arg>${fight_name}${\n}Departure-${fight_departure_time}${\n}Arrival-${fight_arrival_time}${\n}Cost-${flight_cost}${\n}</arg>
<doc>Appends the given content to the specified file.</doc>
<msg timestamp="20230301 19:02:19.500" level="INFO" html="true">Appended to file '&lt;a href="file://C:\Users\Ashish\PycharmProjects\Robot_framework_makemytrip\Outputfile\output.txt"&gt;C:\Users\Ashish\PycharmProjects\Robot_framework_makemytrip\Outputfile\output.txt&lt;/a&gt;'.</msg>
<status status="PASS" starttime="20230301 19:02:19.499" endtime="20230301 19:02:19.500"/>
</kw>
<kw name="Write Excel Cell" library="ExcelLibrary">
<arg>${ivalappended}</arg>
<arg>1</arg>
<arg>${fight_name}</arg>
<arg>Sheet</arg>
<doc>Writes value to the cell.</doc>
<status status="PASS" starttime="20230301 19:02:19.500" endtime="20230301 19:02:19.501"/>
</kw>
<kw name="Write Excel Cell" library="ExcelLibrary">
<arg>${ivalappended}</arg>
<arg>2</arg>
<arg>${fight_departure_time}</arg>
<arg>Sheet</arg>
<doc>Writes value to the cell.</doc>
<status status="PASS" starttime="20230301 19:02:19.501" endtime="20230301 19:02:19.501"/>
</kw>
<kw name="Write Excel Cell" library="ExcelLibrary">
<arg>${ivalappended}</arg>
<arg>3</arg>
<arg>${fight_arrival_time}</arg>
<arg>Sheet</arg>
<doc>Writes value to the cell.</doc>
<status status="PASS" starttime="20230301 19:02:19.501" endtime="20230301 19:02:19.502"/>
</kw>
<kw name="Write Excel Cell" library="ExcelLibrary">
<arg>${ivalappended}</arg>
<arg>4</arg>
<arg>${flight_cost}</arg>
<arg>Sheet</arg>
<doc>Writes value to the cell.</doc>
<status status="PASS" starttime="20230301 19:02:19.502" endtime="20230301 19:02:19.502"/>
</kw>
<status status="PASS" starttime="20230301 19:02:19.479" endtime="20230301 19:02:19.502"/>
</branch>
<status status="PASS" starttime="20230301 19:02:19.479" endtime="20230301 19:02:19.502"/>
</if>
<status status="PASS" starttime="20230301 19:02:19.476" endtime="20230301 19:02:19.502"/>
</iter>
<iter>
<var name="${i}">6</var>
<kw name="Get Element Count" library="SeleniumLibrary">
<var>${count_individual_xpath}</var>
<arg>xpath://label[@id='flightCard-${i}']/div/div/div/span/span[1]</arg>
<doc>Returns the number of elements matching ``locator``.</doc>
<msg timestamp="20230301 19:02:19.505" level="INFO">${count_individual_xpath} = 2</msg>
<status status="PASS" starttime="20230301 19:02:19.503" endtime="20230301 19:02:19.505"/>
</kw>
<if>
<branch type="IF" condition="${count_individual_xpath} &gt; 0">
<kw name="Get Text" library="SeleniumLibrary">
<var>${fight_name}</var>
<arg>xpath://label[@id='flightCard-${i}']/div/div/div/span/span[1]</arg>
<doc>Returns the text value of the element identified by ``locator``.</doc>
<msg timestamp="20230301 19:02:19.511" level="INFO">${fight_name} = AirAsia</msg>
<status status="PASS" starttime="20230301 19:02:19.506" endtime="20230301 19:02:19.511"/>
</kw>
<kw name="Get Text" library="SeleniumLibrary">
<var>${fight_departure_time}</var>
<arg>xpath://label[@id='flightCard-${i}']/div/div[2]/div/div/p/span</arg>
<doc>Returns the text value of the element identified by ``locator``.</doc>
<msg timestamp="20230301 19:02:19.516" level="INFO">${fight_departure_time} = 13:05</msg>
<status status="PASS" starttime="20230301 19:02:19.511" endtime="20230301 19:02:19.516"/>
</kw>
<kw name="Get Text" library="SeleniumLibrary">
<var>${fight_arrival_time}</var>
<arg>xpath://label[@id='flightCard-${i}']/div/div[2]/div/div[3]/p/span</arg>
<doc>Returns the text value of the element identified by ``locator``.</doc>
<msg timestamp="20230301 19:02:19.520" level="INFO">${fight_arrival_time} = 14:10</msg>
<status status="PASS" starttime="20230301 19:02:19.516" endtime="20230301 19:02:19.520"/>
</kw>
<kw name="Get Text" library="SeleniumLibrary">
<var>${flight_cost}</var>
<arg>xpath://label[@id='flightCard-${i}']/div/div[2]/div[2]/div/p</arg>
<doc>Returns the text value of the element identified by ``locator``.</doc>
<msg timestamp="20230301 19:02:19.525" level="INFO">${flight_cost} = ₹ 2,499</msg>
<status status="PASS" starttime="20230301 19:02:19.521" endtime="20230301 19:02:19.525"/>
</kw>
<kw name="Set Variable" library="BuiltIn">
<var>${ival}</var>
<arg>${i}</arg>
<doc>Returns the given values which can then be assigned to a variables.</doc>
<msg timestamp="20230301 19:02:19.525" level="INFO">${ival} = 6</msg>
<status status="PASS" starttime="20230301 19:02:19.525" endtime="20230301 19:02:19.525"/>
</kw>
<kw name="Evaluate" library="BuiltIn">
<var>${ivalappended}</var>
<arg>${i} + 1</arg>
<doc>Evaluates the given expression in Python and returns the result.</doc>
<msg timestamp="20230301 19:02:19.526" level="INFO">${ivalappended} = 7</msg>
<status status="PASS" starttime="20230301 19:02:19.526" endtime="20230301 19:02:19.526"/>
</kw>
<kw name="Append To File" library="OperatingSystem">
<arg>../Outputfile/output.txt</arg>
<arg>${fight_name}${\n}Departure-${fight_departure_time}${\n}Arrival-${fight_arrival_time}${\n}Cost-${flight_cost}${\n}</arg>
<doc>Appends the given content to the specified file.</doc>
<msg timestamp="20230301 19:02:19.527" level="INFO" html="true">Appended to file '&lt;a href="file://C:\Users\Ashish\PycharmProjects\Robot_framework_makemytrip\Outputfile\output.txt"&gt;C:\Users\Ashish\PycharmProjects\Robot_framework_makemytrip\Outputfile\output.txt&lt;/a&gt;'.</msg>
<status status="PASS" starttime="20230301 19:02:19.526" endtime="20230301 19:02:19.527"/>
</kw>
<kw name="Write Excel Cell" library="ExcelLibrary">
<arg>${ivalappended}</arg>
<arg>1</arg>
<arg>${fight_name}</arg>
<arg>Sheet</arg>
<doc>Writes value to the cell.</doc>
<status status="PASS" starttime="20230301 19:02:19.527" endtime="20230301 19:02:19.527"/>
</kw>
<kw name="Write Excel Cell" library="ExcelLibrary">
<arg>${ivalappended}</arg>
<arg>2</arg>
<arg>${fight_departure_time}</arg>
<arg>Sheet</arg>
<doc>Writes value to the cell.</doc>
<status status="PASS" starttime="20230301 19:02:19.527" endtime="20230301 19:02:19.528"/>
</kw>
<kw name="Write Excel Cell" library="ExcelLibrary">
<arg>${ivalappended}</arg>
<arg>3</arg>
<arg>${fight_arrival_time}</arg>
<arg>Sheet</arg>
<doc>Writes value to the cell.</doc>
<status status="PASS" starttime="20230301 19:02:19.528" endtime="20230301 19:02:19.528"/>
</kw>
<kw name="Write Excel Cell" library="ExcelLibrary">
<arg>${ivalappended}</arg>
<arg>4</arg>
<arg>${flight_cost}</arg>
<arg>Sheet</arg>
<doc>Writes value to the cell.</doc>
<status status="PASS" starttime="20230301 19:02:19.528" endtime="20230301 19:02:19.529"/>
</kw>
<status status="PASS" starttime="20230301 19:02:19.505" endtime="20230301 19:02:19.529"/>
</branch>
<status status="PASS" starttime="20230301 19:02:19.505" endtime="20230301 19:02:19.529"/>
</if>
<status status="PASS" starttime="20230301 19:02:19.502" endtime="20230301 19:02:19.529"/>
</iter>
<iter>
<var name="${i}">7</var>
<kw name="Get Element Count" library="SeleniumLibrary">
<var>${count_individual_xpath}</var>
<arg>xpath://label[@id='flightCard-${i}']/div/div/div/span/span[1]</arg>
<doc>Returns the number of elements matching ``locator``.</doc>
<msg timestamp="20230301 19:02:19.532" level="INFO">${count_individual_xpath} = 2</msg>
<status status="PASS" starttime="20230301 19:02:19.529" endtime="20230301 19:02:19.532"/>
</kw>
<if>
<branch type="IF" condition="${count_individual_xpath} &gt; 0">
<kw name="Get Text" library="SeleniumLibrary">
<var>${fight_name}</var>
<arg>xpath://label[@id='flightCard-${i}']/div/div/div/span/span[1]</arg>
<doc>Returns the text value of the element identified by ``locator``.</doc>
<msg timestamp="20230301 19:02:19.537" level="INFO">${fight_name} = AirAsia</msg>
<status status="PASS" starttime="20230301 19:02:19.532" endtime="20230301 19:02:19.537"/>
</kw>
<kw name="Get Text" library="SeleniumLibrary">
<var>${fight_departure_time}</var>
<arg>xpath://label[@id='flightCard-${i}']/div/div[2]/div/div/p/span</arg>
<doc>Returns the text value of the element identified by ``locator``.</doc>
<msg timestamp="20230301 19:02:19.542" level="INFO">${fight_departure_time} = 15:40</msg>
<status status="PASS" starttime="20230301 19:02:19.537" endtime="20230301 19:02:19.542"/>
</kw>
<kw name="Get Text" library="SeleniumLibrary">
<var>${fight_arrival_time}</var>
<arg>xpath://label[@id='flightCard-${i}']/div/div[2]/div/div[3]/p/span</arg>
<doc>Returns the text value of the element identified by ``locator``.</doc>
<msg timestamp="20230301 19:02:19.547" level="INFO">${fight_arrival_time} = 16:50</msg>
<status status="PASS" starttime="20230301 19:02:19.542" endtime="20230301 19:02:19.547"/>
</kw>
<kw name="Get Text" library="SeleniumLibrary">
<var>${flight_cost}</var>
<arg>xpath://label[@id='flightCard-${i}']/div/div[2]/div[2]/div/p</arg>
<doc>Returns the text value of the element identified by ``locator``.</doc>
<msg timestamp="20230301 19:02:19.552" level="INFO">${flight_cost} = ₹ 2,499</msg>
<status status="PASS" starttime="20230301 19:02:19.548" endtime="20230301 19:02:19.552"/>
</kw>
<kw name="Set Variable" library="BuiltIn">
<var>${ival}</var>
<arg>${i}</arg>
<doc>Returns the given values which can then be assigned to a variables.</doc>
<msg timestamp="20230301 19:02:19.552" level="INFO">${ival} = 7</msg>
<status status="PASS" starttime="20230301 19:02:19.552" endtime="20230301 19:02:19.552"/>
</kw>
<kw name="Evaluate" library="BuiltIn">
<var>${ivalappended}</var>
<arg>${i} + 1</arg>
<doc>Evaluates the given expression in Python and returns the result.</doc>
<msg timestamp="20230301 19:02:19.553" level="INFO">${ivalappended} = 8</msg>
<status status="PASS" starttime="20230301 19:02:19.553" endtime="20230301 19:02:19.553"/>
</kw>
<kw name="Append To File" library="OperatingSystem">
<arg>../Outputfile/output.txt</arg>
<arg>${fight_name}${\n}Departure-${fight_departure_time}${\n}Arrival-${fight_arrival_time}${\n}Cost-${flight_cost}${\n}</arg>
<doc>Appends the given content to the specified file.</doc>
<msg timestamp="20230301 19:02:19.554" level="INFO" html="true">Appended to file '&lt;a href="file://C:\Users\Ashish\PycharmProjects\Robot_framework_makemytrip\Outputfile\output.txt"&gt;C:\Users\Ashish\PycharmProjects\Robot_framework_makemytrip\Outputfile\output.txt&lt;/a&gt;'.</msg>
<status status="PASS" starttime="20230301 19:02:19.553" endtime="20230301 19:02:19.554"/>
</kw>
<kw name="Write Excel Cell" library="ExcelLibrary">
<arg>${ivalappended}</arg>
<arg>1</arg>
<arg>${fight_name}</arg>
<arg>Sheet</arg>
<doc>Writes value to the cell.</doc>
<status status="PASS" starttime="20230301 19:02:19.554" endtime="20230301 19:02:19.554"/>
</kw>
<kw name="Write Excel Cell" library="ExcelLibrary">
<arg>${ivalappended}</arg>
<arg>2</arg>
<arg>${fight_departure_time}</arg>
<arg>Sheet</arg>
<doc>Writes value to the cell.</doc>
<status status="PASS" starttime="20230301 19:02:19.555" endtime="20230301 19:02:19.555"/>
</kw>
<kw name="Write Excel Cell" library="ExcelLibrary">
<arg>${ivalappended}</arg>
<arg>3</arg>
<arg>${fight_arrival_time}</arg>
<arg>Sheet</arg>
<doc>Writes value to the cell.</doc>
<status status="PASS" starttime="20230301 19:02:19.555" endtime="20230301 19:02:19.555"/>
</kw>
<kw name="Write Excel Cell" library="ExcelLibrary">
<arg>${ivalappended}</arg>
<arg>4</arg>
<arg>${flight_cost}</arg>
<arg>Sheet</arg>
<doc>Writes value to the cell.</doc>
<status status="PASS" starttime="20230301 19:02:19.556" endtime="20230301 19:02:19.556"/>
</kw>
<status status="PASS" starttime="20230301 19:02:19.532" endtime="20230301 19:02:19.556"/>
</branch>
<status status="PASS" starttime="20230301 19:02:19.532" endtime="20230301 19:02:19.556"/>
</if>
<status status="PASS" starttime="20230301 19:02:19.529" endtime="20230301 19:02:19.556"/>
</iter>
<iter>
<var name="${i}">8</var>
<kw name="Get Element Count" library="SeleniumLibrary">
<var>${count_individual_xpath}</var>
<arg>xpath://label[@id='flightCard-${i}']/div/div/div/span/span[1]</arg>
<doc>Returns the number of elements matching ``locator``.</doc>
<msg timestamp="20230301 19:02:19.559" level="INFO">${count_individual_xpath} = 2</msg>
<status status="PASS" starttime="20230301 19:02:19.556" endtime="20230301 19:02:19.559"/>
</kw>
<if>
<branch type="IF" condition="${count_individual_xpath} &gt; 0">
<kw name="Get Text" library="SeleniumLibrary">
<var>${fight_name}</var>
<arg>xpath://label[@id='flightCard-${i}']/div/div/div/span/span[1]</arg>
<doc>Returns the text value of the element identified by ``locator``.</doc>
<msg timestamp="20230301 19:02:19.564" level="INFO">${fight_name} = IndiGo</msg>
<status status="PASS" starttime="20230301 19:02:19.559" endtime="20230301 19:02:19.564"/>
</kw>
<kw name="Get Text" library="SeleniumLibrary">
<var>${fight_departure_time}</var>
<arg>xpath://label[@id='flightCard-${i}']/div/div[2]/div/div/p/span</arg>
<doc>Returns the text value of the element identified by ``locator``.</doc>
<msg timestamp="20230301 19:02:19.569" level="INFO">${fight_departure_time} = 09:40</msg>
<status status="PASS" starttime="20230301 19:02:19.564" endtime="20230301 19:02:19.569"/>
</kw>
<kw name="Get Text" library="SeleniumLibrary">
<var>${fight_arrival_time}</var>
<arg>xpath://label[@id='flightCard-${i}']/div/div[2]/div/div[3]/p/span</arg>
<doc>Returns the text value of the element identified by ``locator``.</doc>
<msg timestamp="20230301 19:02:19.574" level="INFO">${fight_arrival_time} = 13:05</msg>
<status status="PASS" starttime="20230301 19:02:19.569" endtime="20230301 19:02:19.574"/>
</kw>
<kw name="Get Text" library="SeleniumLibrary">
<var>${flight_cost}</var>
<arg>xpath://label[@id='flightCard-${i}']/div/div[2]/div[2]/div/p</arg>
<doc>Returns the text value of the element identified by ``locator``.</doc>
<msg timestamp="20230301 19:02:19.579" level="INFO">${flight_cost} = ₹ 2,949</msg>
<status status="PASS" starttime="20230301 19:02:19.574" endtime="20230301 19:02:19.579"/>
</kw>
<kw name="Set Variable" library="BuiltIn">
<var>${ival}</var>
<arg>${i}</arg>
<doc>Returns the given values which can then be assigned to a variables.</doc>
<msg timestamp="20230301 19:02:19.579" level="INFO">${ival} = 8</msg>
<status status="PASS" starttime="20230301 19:02:19.579" endtime="20230301 19:02:19.579"/>
</kw>
<kw name="Evaluate" library="BuiltIn">
<var>${ivalappended}</var>
<arg>${i} + 1</arg>
<doc>Evaluates the given expression in Python and returns the result.</doc>
<msg timestamp="20230301 19:02:19.580" level="INFO">${ivalappended} = 9</msg>
<status status="PASS" starttime="20230301 19:02:19.580" endtime="20230301 19:02:19.580"/>
</kw>
<kw name="Append To File" library="OperatingSystem">
<arg>../Outputfile/output.txt</arg>
<arg>${fight_name}${\n}Departure-${fight_departure_time}${\n}Arrival-${fight_arrival_time}${\n}Cost-${flight_cost}${\n}</arg>
<doc>Appends the given content to the specified file.</doc>
<msg timestamp="20230301 19:02:19.581" level="INFO" html="true">Appended to file '&lt;a href="file://C:\Users\Ashish\PycharmProjects\Robot_framework_makemytrip\Outputfile\output.txt"&gt;C:\Users\Ashish\PycharmProjects\Robot_framework_makemytrip\Outputfile\output.txt&lt;/a&gt;'.</msg>
<status status="PASS" starttime="20230301 19:02:19.580" endtime="20230301 19:02:19.581"/>
</kw>
<kw name="Write Excel Cell" library="ExcelLibrary">
<arg>${ivalappended}</arg>
<arg>1</arg>
<arg>${fight_name}</arg>
<arg>Sheet</arg>
<doc>Writes value to the cell.</doc>
<status status="PASS" starttime="20230301 19:02:19.581" endtime="20230301 19:02:19.581"/>
</kw>
<kw name="Write Excel Cell" library="ExcelLibrary">
<arg>${ivalappended}</arg>
<arg>2</arg>
<arg>${fight_departure_time}</arg>
<arg>Sheet</arg>
<doc>Writes value to the cell.</doc>
<status status="PASS" starttime="20230301 19:02:19.581" endtime="20230301 19:02:19.582"/>
</kw>
<kw name="Write Excel Cell" library="ExcelLibrary">
<arg>${ivalappended}</arg>
<arg>3</arg>
<arg>${fight_arrival_time}</arg>
<arg>Sheet</arg>
<doc>Writes value to the cell.</doc>
<status status="PASS" starttime="20230301 19:02:19.582" endtime="20230301 19:02:19.582"/>
</kw>
<kw name="Write Excel Cell" library="ExcelLibrary">
<arg>${ivalappended}</arg>
<arg>4</arg>
<arg>${flight_cost}</arg>
<arg>Sheet</arg>
<doc>Writes value to the cell.</doc>
<status status="PASS" starttime="20230301 19:02:19.582" endtime="20230301 19:02:19.583"/>
</kw>
<status status="PASS" starttime="20230301 19:02:19.559" endtime="20230301 19:02:19.583"/>
</branch>
<status status="PASS" starttime="20230301 19:02:19.559" endtime="20230301 19:02:19.583"/>
</if>
<status status="PASS" starttime="20230301 19:02:19.556" endtime="20230301 19:02:19.583"/>
</iter>
<iter>
<var name="${i}">9</var>
<kw name="Get Element Count" library="SeleniumLibrary">
<var>${count_individual_xpath}</var>
<arg>xpath://label[@id='flightCard-${i}']/div/div/div/span/span[1]</arg>
<doc>Returns the number of elements matching ``locator``.</doc>
<msg timestamp="20230301 19:02:19.586" level="INFO">${count_individual_xpath} = 2</msg>
<status status="PASS" starttime="20230301 19:02:19.583" endtime="20230301 19:02:19.586"/>
</kw>
<if>
<branch type="IF" condition="${count_individual_xpath} &gt; 0">
<kw name="Get Text" library="SeleniumLibrary">
<var>${fight_name}</var>
<arg>xpath://label[@id='flightCard-${i}']/div/div/div/span/span[1]</arg>
<doc>Returns the text value of the element identified by ``locator``.</doc>
<msg timestamp="20230301 19:02:19.591" level="INFO">${fight_name} = Alliance Air</msg>
<status status="PASS" starttime="20230301 19:02:19.586" endtime="20230301 19:02:19.591"/>
</kw>
<kw name="Get Text" library="SeleniumLibrary">
<var>${fight_departure_time}</var>
<arg>xpath://label[@id='flightCard-${i}']/div/div[2]/div/div/p/span</arg>
<doc>Returns the text value of the element identified by ``locator``.</doc>
<msg timestamp="20230301 19:02:19.596" level="INFO">${fight_departure_time} = 09:35</msg>
<status status="PASS" starttime="20230301 19:02:19.591" endtime="20230301 19:02:19.596"/>
</kw>
<kw name="Get Text" library="SeleniumLibrary">
<var>${fight_arrival_time}</var>
<arg>xpath://label[@id='flightCard-${i}']/div/div[2]/div/div[3]/p/span</arg>
<doc>Returns the text value of the element identified by ``locator``.</doc>
<msg timestamp="20230301 19:02:19.600" level="INFO">${fight_arrival_time} = 11:15</msg>
<status status="PASS" starttime="20230301 19:02:19.596" endtime="20230301 19:02:19.600"/>
</kw>
<kw name="Get Text" library="SeleniumLibrary">
<var>${flight_cost}</var>
<arg>xpath://label[@id='flightCard-${i}']/div/div[2]/div[2]/div/p</arg>
<doc>Returns the text value of the element identified by ``locator``.</doc>
<msg timestamp="20230301 19:02:19.605" level="INFO">${flight_cost} = ₹ 3,064</msg>
<status status="PASS" starttime="20230301 19:02:19.601" endtime="20230301 19:02:19.605"/>
</kw>
<kw name="Set Variable" library="BuiltIn">
<var>${ival}</var>
<arg>${i}</arg>
<doc>Returns the given values which can then be assigned to a variables.</doc>
<msg timestamp="20230301 19:02:19.606" level="INFO">${ival} = 9</msg>
<status status="PASS" starttime="20230301 19:02:19.606" endtime="20230301 19:02:19.606"/>
</kw>
<kw name="Evaluate" library="BuiltIn">
<var>${ivalappended}</var>
<arg>${i} + 1</arg>
<doc>Evaluates the given expression in Python and returns the result.</doc>
<msg timestamp="20230301 19:02:19.606" level="INFO">${ivalappended} = 10</msg>
<status status="PASS" starttime="20230301 19:02:19.606" endtime="20230301 19:02:19.606"/>
</kw>
<kw name="Append To File" library="OperatingSystem">
<arg>../Outputfile/output.txt</arg>
<arg>${fight_name}${\n}Departure-${fight_departure_time}${\n}Arrival-${fight_arrival_time}${\n}Cost-${flight_cost}${\n}</arg>
<doc>Appends the given content to the specified file.</doc>
<msg timestamp="20230301 19:02:19.607" level="INFO" html="true">Appended to file '&lt;a href="file://C:\Users\Ashish\PycharmProjects\Robot_framework_makemytrip\Outputfile\output.txt"&gt;C:\Users\Ashish\PycharmProjects\Robot_framework_makemytrip\Outputfile\output.txt&lt;/a&gt;'.</msg>
<status status="PASS" starttime="20230301 19:02:19.607" endtime="20230301 19:02:19.607"/>
</kw>
<kw name="Write Excel Cell" library="ExcelLibrary">
<arg>${ivalappended}</arg>
<arg>1</arg>
<arg>${fight_name}</arg>
<arg>Sheet</arg>
<doc>Writes value to the cell.</doc>
<status status="PASS" starttime="20230301 19:02:19.607" endtime="20230301 19:02:19.608"/>
</kw>
<kw name="Write Excel Cell" library="ExcelLibrary">
<arg>${ivalappended}</arg>
<arg>2</arg>
<arg>${fight_departure_time}</arg>
<arg>Sheet</arg>
<doc>Writes value to the cell.</doc>
<status status="PASS" starttime="20230301 19:02:19.608" endtime="20230301 19:02:19.608"/>
</kw>
<kw name="Write Excel Cell" library="ExcelLibrary">
<arg>${ivalappended}</arg>
<arg>3</arg>
<arg>${fight_arrival_time}</arg>
<arg>Sheet</arg>
<doc>Writes value to the cell.</doc>
<status status="PASS" starttime="20230301 19:02:19.608" endtime="20230301 19:02:19.609"/>
</kw>
<kw name="Write Excel Cell" library="ExcelLibrary">
<arg>${ivalappended}</arg>
<arg>4</arg>
<arg>${flight_cost}</arg>
<arg>Sheet</arg>
<doc>Writes value to the cell.</doc>
<status status="PASS" starttime="20230301 19:02:19.609" endtime="20230301 19:02:19.609"/>
</kw>
<status status="PASS" starttime="20230301 19:02:19.586" endtime="20230301 19:02:19.609"/>
</branch>
<status status="PASS" starttime="20230301 19:02:19.586" endtime="20230301 19:02:19.609"/>
</if>
<status status="PASS" starttime="20230301 19:02:19.583" endtime="20230301 19:02:19.609"/>
</iter>
<iter>
<var name="${i}">10</var>
<kw name="Get Element Count" library="SeleniumLibrary">
<var>${count_individual_xpath}</var>
<arg>xpath://label[@id='flightCard-${i}']/div/div/div/span/span[1]</arg>
<doc>Returns the number of elements matching ``locator``.</doc>
<msg timestamp="20230301 19:02:19.612" level="INFO">${count_individual_xpath} = 2</msg>
<status status="PASS" starttime="20230301 19:02:19.610" endtime="20230301 19:02:19.612"/>
</kw>
<if>
<branch type="IF" condition="${count_individual_xpath} &gt; 0">
<kw name="Get Text" library="SeleniumLibrary">
<var>${fight_name}</var>
<arg>xpath://label[@id='flightCard-${i}']/div/div/div/span/span[1]</arg>
<doc>Returns the text value of the element identified by ``locator``.</doc>
<msg timestamp="20230301 19:02:19.618" level="INFO">${fight_name} = Vistara</msg>
<status status="PASS" starttime="20230301 19:02:19.612" endtime="20230301 19:02:19.618"/>
</kw>
<kw name="Get Text" library="SeleniumLibrary">
<var>${fight_departure_time}</var>
<arg>xpath://label[@id='flightCard-${i}']/div/div[2]/div/div/p/span</arg>
<doc>Returns the text value of the element identified by ``locator``.</doc>
<msg timestamp="20230301 19:02:19.622" level="INFO">${fight_departure_time} = 07:00</msg>
<status status="PASS" starttime="20230301 19:02:19.618" endtime="20230301 19:02:19.622"/>
</kw>
<kw name="Get Text" library="SeleniumLibrary">
<var>${fight_arrival_time}</var>
<arg>xpath://label[@id='flightCard-${i}']/div/div[2]/div/div[3]/p/span</arg>
<doc>Returns the text value of the element identified by ``locator``.</doc>
<msg timestamp="20230301 19:02:19.626" level="INFO">${fight_arrival_time} = 08:10</msg>
<status status="PASS" starttime="20230301 19:02:19.622" endtime="20230301 19:02:19.627"/>
</kw>
<kw name="Get Text" library="SeleniumLibrary">
<var>${flight_cost}</var>
<arg>xpath://label[@id='flightCard-${i}']/div/div[2]/div[2]/div/p</arg>
<doc>Returns the text value of the element identified by ``locator``.</doc>
<msg timestamp="20230301 19:02:19.631" level="INFO">${flight_cost} = ₹ 3,337</msg>
<status status="PASS" starttime="20230301 19:02:19.627" endtime="20230301 19:02:19.631"/>
</kw>
<kw name="Set Variable" library="BuiltIn">
<var>${ival}</var>
<arg>${i}</arg>
<doc>Returns the given values which can then be assigned to a variables.</doc>
<msg timestamp="20230301 19:02:19.631" level="INFO">${ival} = 10</msg>
<status status="PASS" starttime="20230301 19:02:19.631" endtime="20230301 19:02:19.631"/>
</kw>
<kw name="Evaluate" library="BuiltIn">
<var>${ivalappended}</var>
<arg>${i} + 1</arg>
<doc>Evaluates the given expression in Python and returns the result.</doc>
<msg timestamp="20230301 19:02:19.632" level="INFO">${ivalappended} = 11</msg>
<status status="PASS" starttime="20230301 19:02:19.631" endtime="20230301 19:02:19.632"/>
</kw>
<kw name="Append To File" library="OperatingSystem">
<arg>../Outputfile/output.txt</arg>
<arg>${fight_name}${\n}Departure-${fight_departure_time}${\n}Arrival-${fight_arrival_time}${\n}Cost-${flight_cost}${\n}</arg>
<doc>Appends the given content to the specified file.</doc>
<msg timestamp="20230301 19:02:19.633" level="INFO" html="true">Appended to file '&lt;a href="file://C:\Users\Ashish\PycharmProjects\Robot_framework_makemytrip\Outputfile\output.txt"&gt;C:\Users\Ashish\PycharmProjects\Robot_framework_makemytrip\Outputfile\output.txt&lt;/a&gt;'.</msg>
<status status="PASS" starttime="20230301 19:02:19.632" endtime="20230301 19:02:19.633"/>
</kw>
<kw name="Write Excel Cell" library="ExcelLibrary">
<arg>${ivalappended}</arg>
<arg>1</arg>
<arg>${fight_name}</arg>
<arg>Sheet</arg>
<doc>Writes value to the cell.</doc>
<status status="PASS" starttime="20230301 19:02:19.633" endtime="20230301 19:02:19.633"/>
</kw>
<kw name="Write Excel Cell" library="ExcelLibrary">
<arg>${ivalappended}</arg>
<arg>2</arg>
<arg>${fight_departure_time}</arg>
<arg>Sheet</arg>
<doc>Writes value to the cell.</doc>
<status status="PASS" starttime="20230301 19:02:19.633" endtime="20230301 19:02:19.634"/>
</kw>
<kw name="Write Excel Cell" library="ExcelLibrary">
<arg>${ivalappended}</arg>
<arg>3</arg>
<arg>${fight_arrival_time}</arg>
<arg>Sheet</arg>
<doc>Writes value to the cell.</doc>
<status status="PASS" starttime="20230301 19:02:19.634" endtime="20230301 19:02:19.634"/>
</kw>
<kw name="Write Excel Cell" library="ExcelLibrary">
<arg>${ivalappended}</arg>
<arg>4</arg>
<arg>${flight_cost}</arg>
<arg>Sheet</arg>
<doc>Writes value to the cell.</doc>
<status status="PASS" starttime="20230301 19:02:19.634" endtime="20230301 19:02:19.635"/>
</kw>
<status status="PASS" starttime="20230301 19:02:19.612" endtime="20230301 19:02:19.635"/>
</branch>
<status status="PASS" starttime="20230301 19:02:19.612" endtime="20230301 19:02:19.635"/>
</if>
<status status="PASS" starttime="20230301 19:02:19.610" endtime="20230301 19:02:19.635"/>
</iter>
<iter>
<var name="${i}">11</var>
<kw name="Get Element Count" library="SeleniumLibrary">
<var>${count_individual_xpath}</var>
<arg>xpath://label[@id='flightCard-${i}']/div/div/div/span/span[1]</arg>
<doc>Returns the number of elements matching ``locator``.</doc>
<msg timestamp="20230301 19:02:19.638" level="INFO">${count_individual_xpath} = 2</msg>
<status status="PASS" starttime="20230301 19:02:19.635" endtime="20230301 19:02:19.638"/>
</kw>
<if>
<branch type="IF" condition="${count_individual_xpath} &gt; 0">
<kw name="Get Text" library="SeleniumLibrary">
<var>${fight_name}</var>
<arg>xpath://label[@id='flightCard-${i}']/div/div/div/span/span[1]</arg>
<doc>Returns the text value of the element identified by ``locator``.</doc>
<msg timestamp="20230301 19:02:19.643" level="INFO">${fight_name} = Vistara</msg>
<status status="PASS" starttime="20230301 19:02:19.638" endtime="20230301 19:02:19.643"/>
</kw>
<kw name="Get Text" library="SeleniumLibrary">
<var>${fight_departure_time}</var>
<arg>xpath://label[@id='flightCard-${i}']/div/div[2]/div/div/p/span</arg>
<doc>Returns the text value of the element identified by ``locator``.</doc>
<msg timestamp="20230301 19:02:19.647" level="INFO">${fight_departure_time} = 18:30</msg>
<status status="PASS" starttime="20230301 19:02:19.643" endtime="20230301 19:02:19.647"/>
</kw>
<kw name="Get Text" library="SeleniumLibrary">
<var>${fight_arrival_time}</var>
<arg>xpath://label[@id='flightCard-${i}']/div/div[2]/div/div[3]/p/span</arg>
<doc>Returns the text value of the element identified by ``locator``.</doc>
<msg timestamp="20230301 19:02:19.651" level="INFO">${fight_arrival_time} = 19:40</msg>
<status status="PASS" starttime="20230301 19:02:19.647" endtime="20230301 19:02:19.651"/>
</kw>
<kw name="Get Text" library="SeleniumLibrary">
<var>${flight_cost}</var>
<arg>xpath://label[@id='flightCard-${i}']/div/div[2]/div[2]/div/p</arg>
<doc>Returns the text value of the element identified by ``locator``.</doc>
<msg timestamp="20230301 19:02:19.656" level="INFO">${flight_cost} = ₹ 3,358</msg>
<status status="PASS" starttime="20230301 19:02:19.652" endtime="20230301 19:02:19.656"/>
</kw>
<kw name="Set Variable" library="BuiltIn">
<var>${ival}</var>
<arg>${i}</arg>
<doc>Returns the given values which can then be assigned to a variables.</doc>
<msg timestamp="20230301 19:02:19.657" level="INFO">${ival} = 11</msg>
<status status="PASS" starttime="20230301 19:02:19.656" endtime="20230301 19:02:19.657"/>
</kw>
<kw name="Evaluate" library="BuiltIn">
<var>${ivalappended}</var>
<arg>${i} + 1</arg>
<doc>Evaluates the given expression in Python and returns the result.</doc>
<msg timestamp="20230301 19:02:19.657" level="INFO">${ivalappended} = 12</msg>
<status status="PASS" starttime="20230301 19:02:19.657" endtime="20230301 19:02:19.657"/>
</kw>
<kw name="Append To File" library="OperatingSystem">
<arg>../Outputfile/output.txt</arg>
<arg>${fight_name}${\n}Departure-${fight_departure_time}${\n}Arrival-${fight_arrival_time}${\n}Cost-${flight_cost}${\n}</arg>
<doc>Appends the given content to the specified file.</doc>
<msg timestamp="20230301 19:02:19.658" level="INFO" html="true">Appended to file '&lt;a href="file://C:\Users\Ashish\PycharmProjects\Robot_framework_makemytrip\Outputfile\output.txt"&gt;C:\Users\Ashish\PycharmProjects\Robot_framework_makemytrip\Outputfile\output.txt&lt;/a&gt;'.</msg>
<status status="PASS" starttime="20230301 19:02:19.657" endtime="20230301 19:02:19.658"/>
</kw>
<kw name="Write Excel Cell" library="ExcelLibrary">
<arg>${ivalappended}</arg>
<arg>1</arg>
<arg>${fight_name}</arg>
<arg>Sheet</arg>
<doc>Writes value to the cell.</doc>
<status status="PASS" starttime="20230301 19:02:19.658" endtime="20230301 19:02:19.659"/>
</kw>
<kw name="Write Excel Cell" library="ExcelLibrary">
<arg>${ivalappended}</arg>
<arg>2</arg>
<arg>${fight_departure_time}</arg>
<arg>Sheet</arg>
<doc>Writes value to the cell.</doc>
<status status="PASS" starttime="20230301 19:02:19.659" endtime="20230301 19:02:19.659"/>
</kw>
<kw name="Write Excel Cell" library="ExcelLibrary">
<arg>${ivalappended}</arg>
<arg>3</arg>
<arg>${fight_arrival_time}</arg>
<arg>Sheet</arg>
<doc>Writes value to the cell.</doc>
<status status="PASS" starttime="20230301 19:02:19.659" endtime="20230301 19:02:19.660"/>
</kw>
<kw name="Write Excel Cell" library="ExcelLibrary">
<arg>${ivalappended}</arg>
<arg>4</arg>
<arg>${flight_cost}</arg>
<arg>Sheet</arg>
<doc>Writes value to the cell.</doc>
<status status="PASS" starttime="20230301 19:02:19.660" endtime="20230301 19:02:19.660"/>
</kw>
<status status="PASS" starttime="20230301 19:02:19.638" endtime="20230301 19:02:19.660"/>
</branch>
<status status="PASS" starttime="20230301 19:02:19.638" endtime="20230301 19:02:19.660"/>
</if>
<status status="PASS" starttime="20230301 19:02:19.635" endtime="20230301 19:02:19.660"/>
</iter>
<iter>
<var name="${i}">12</var>
<kw name="Get Element Count" library="SeleniumLibrary">
<var>${count_individual_xpath}</var>
<arg>xpath://label[@id='flightCard-${i}']/div/div/div/span/span[1]</arg>
<doc>Returns the number of elements matching ``locator``.</doc>
<msg timestamp="20230301 19:02:19.663" level="INFO">${count_individual_xpath} = 2</msg>
<status status="PASS" starttime="20230301 19:02:19.660" endtime="20230301 19:02:19.663"/>
</kw>
<if>
<branch type="IF" condition="${count_individual_xpath} &gt; 0">
<kw name="Get Text" library="SeleniumLibrary">
<var>${fight_name}</var>
<arg>xpath://label[@id='flightCard-${i}']/div/div/div/span/span[1]</arg>
<doc>Returns the text value of the element identified by ``locator``.</doc>
<msg timestamp="20230301 19:02:19.668" level="INFO">${fight_name} = IndiGo</msg>
<status status="PASS" starttime="20230301 19:02:19.663" endtime="20230301 19:02:19.668"/>
</kw>
<kw name="Get Text" library="SeleniumLibrary">
<var>${fight_departure_time}</var>
<arg>xpath://label[@id='flightCard-${i}']/div/div[2]/div/div/p/span</arg>
<doc>Returns the text value of the element identified by ``locator``.</doc>
<msg timestamp="20230301 19:02:19.673" level="INFO">${fight_departure_time} = 09:20</msg>
<status status="PASS" starttime="20230301 19:02:19.668" endtime="20230301 19:02:19.673"/>
</kw>
<kw name="Get Text" library="SeleniumLibrary">
<var>${fight_arrival_time}</var>
<arg>xpath://label[@id='flightCard-${i}']/div/div[2]/div/div[3]/p/span</arg>
<doc>Returns the text value of the element identified by ``locator``.</doc>
<msg timestamp="20230301 19:02:19.678" level="INFO">${fight_arrival_time} = 10:25</msg>
<status status="PASS" starttime="20230301 19:02:19.673" endtime="20230301 19:02:19.678"/>
</kw>
<kw name="Get Text" library="SeleniumLibrary">
<var>${flight_cost}</var>
<arg>xpath://label[@id='flightCard-${i}']/div/div[2]/div[2]/div/p</arg>
<doc>Returns the text value of the element identified by ``locator``.</doc>
<msg timestamp="20230301 19:02:19.682" level="INFO">${flight_cost} = ₹ 3,436</msg>
<status status="PASS" starttime="20230301 19:02:19.678" endtime="20230301 19:02:19.682"/>
</kw>
<kw name="Set Variable" library="BuiltIn">
<var>${ival}</var>
<arg>${i}</arg>
<doc>Returns the given values which can then be assigned to a variables.</doc>
<msg timestamp="20230301 19:02:19.683" level="INFO">${ival} = 12</msg>
<status status="PASS" starttime="20230301 19:02:19.682" endtime="20230301 19:02:19.683"/>
</kw>
<kw name="Evaluate" library="BuiltIn">
<var>${ivalappended}</var>
<arg>${i} + 1</arg>
<doc>Evaluates the given expression in Python and returns the result.</doc>
<msg timestamp="20230301 19:02:19.683" level="INFO">${ivalappended} = 13</msg>
[...]
<arg>${fight_name}${\n}Departure-${fight_departure_time}${\n}Arrival-${fight_arrival_time}${\n}Cost-${flight_cost}${\n}</arg>
<doc>Appends the given content to the specified file.</doc>
<status status="NOT RUN" starttime="20230301 19:07:01.041" endtime="20230301 19:07:01.041"/>
</kw>
<kw name="Write Excel Cell" library="ExcelLibrary">
<arg>${ivalappended}</arg>
<arg>1</arg>
<arg>${fight_name}</arg>
<arg>Sheet</arg>
<doc>Writes value to the cell.</doc>
<status status="NOT RUN" starttime="20230301 19:07:01.042" endtime="20230301 19:07:01.042"/>
</kw>
<kw name="Write Excel Cell" library="ExcelLibrary">
<arg>${ivalappended}</arg>
<arg>2</arg>
<arg>${fight_departure_time}</arg>
<arg>Sheet</arg>
<doc>Writes value to the cell.</doc>
<status status="NOT RUN" starttime="20230301 19:07:01.042" endtime="20230301 19:07:01.042"/>
</kw>
<kw name="Write Excel Cell" library="ExcelLibrary">
<arg>${ivalappended}</arg>
<arg>3</arg>
<arg>${fight_arrival_time}</arg>
<arg>Sheet</arg>
<doc>Writes value to the cell.</doc>
<status status="NOT RUN" starttime="20230301 19:07:01.042" endtime="20230301 19:07:01.042"/>
</kw>
<kw name="Write Excel Cell" library="ExcelLibrary">
<arg>${ivalappended}</arg>
<arg>4</arg>
<arg>${flight_cost}</arg>
<arg>Sheet</arg>
<doc>Writes value to the cell.</doc>
<status status="NOT RUN" starttime="20230301 19:07:01.042" endtime="20230301 19:07:01.042"/>
</kw>
<status status="NOT RUN" starttime="20230301 19:07:01.040" endtime="20230301 19:07:01.042"/>
</branch>
<status status="PASS" starttime="20230301 19:07:01.040" endtime="20230301 19:07:01.042"/>
</if>
<status status="PASS" starttime="20230301 19:06:56.035" endtime="20230301 19:07:01.042"/>
</iter>
<iter>
<var name="${i}">96</var>
<kw name="Get Element Count" library="SeleniumLibrary">
<var>${count_individual_xpath}</var>
<arg>xpath://label[@id='flightCard-${i}']/div/div/div/span/span[1]</arg>
<doc>Returns the number of elements matching ``locator``.</doc>
<msg timestamp="20230301 19:07:06.053" level="INFO">${count_individual_xpath} = 0</msg>
<status status="PASS" starttime="20230301 19:07:01.043" endtime="20230301 19:07:06.053"/>
</kw>
<if>
<branch type="IF" condition="${count_individual_xpath} &gt; 0">
<kw name="Get Text" library="SeleniumLibrary">
<var>${fight_name}</var>
<arg>xpath://label[@id='flightCard-${i}']/div/div/div/span/span[1]</arg>
<doc>Returns the text value of the element identified by ``locator``.</doc>
<status status="NOT RUN" starttime="20230301 19:07:06.053" endtime="20230301 19:07:06.054"/>
</kw>
<kw name="Get Text" library="SeleniumLibrary">
<var>${fight_departure_time}</var>
<arg>xpath://label[@id='flightCard-${i}']/div/div[2]/div/div/p/span</arg>
<doc>Returns the text value of the element identified by ``locator``.</doc>
<status status="NOT RUN" starttime="20230301 19:07:06.054" endtime="20230301 19:07:06.054"/>
</kw>
<kw name="Get Text" library="SeleniumLibrary">
<var>${fight_arrival_time}</var>
<arg>xpath://label[@id='flightCard-${i}']/div/div[2]/div/div[3]/p/span</arg>
<doc>Returns the text value of the element identified by ``locator``.</doc>
<status status="NOT RUN" starttime="20230301 19:07:06.054" endtime="20230301 19:07:06.054"/>
</kw>
<kw name="Get Text" library="SeleniumLibrary">
<var>${flight_cost}</var>
<arg>xpath://label[@id='flightCard-${i}']/div/div[2]/div[2]/div/p</arg>
<doc>Returns the text value of the element identified by ``locator``.</doc>
<status status="NOT RUN" starttime="20230301 19:07:06.054" endtime="20230301 19:07:06.054"/>
</kw>
<kw name="Set Variable" library="BuiltIn">
<var>${ival}</var>
<arg>${i}</arg>
<doc>Returns the given values which can then be assigned to a variables.</doc>
<status status="NOT RUN" starttime="20230301 19:07:06.054" endtime="20230301 19:07:06.054"/>
</kw>
<kw name="Evaluate" library="BuiltIn">
<var>${ivalappended}</var>
<arg>${i} + 1</arg>
<doc>Evaluates the given expression in Python and returns the result.</doc>
<status status="NOT RUN" starttime="20230301 19:07:06.054" endtime="20230301 19:07:06.055"/>
</kw>
<kw name="Append To File" library="OperatingSystem">
<arg>../Outputfile/output.txt</arg>
<arg>${fight_name}${\n}Departure-${fight_departure_time}${\n}Arrival-${fight_arrival_time}${\n}Cost-${flight_cost}${\n}</arg>
<doc>Appends the given content to the specified file.</doc>
<status status="NOT RUN" starttime="20230301 19:07:06.055" endtime="20230301 19:07:06.055"/>
</kw>
<kw name="Write Excel Cell" library="ExcelLibrary">
<arg>${ivalappended}</arg>
<arg>1</arg>
<arg>${fight_name}</arg>
<arg>Sheet</arg>
<doc>Writes value to the cell.</doc>
<status status="NOT RUN" starttime="20230301 19:07:06.055" endtime="20230301 19:07:06.055"/>
</kw>
<kw name="Write Excel Cell" library="ExcelLibrary">
<arg>${ivalappended}</arg>
<arg>2</arg>
<arg>${fight_departure_time}</arg>
<arg>Sheet</arg>
<doc>Writes value to the cell.</doc>
<status status="NOT RUN" starttime="20230301 19:07:06.055" endtime="20230301 19:07:06.055"/>
</kw>
<kw name="Write Excel Cell" library="ExcelLibrary">
<arg>${ivalappended}</arg>
<arg>3</arg>
<arg>${fight_arrival_time}</arg>
<arg>Sheet</arg>
<doc>Writes value to the cell.</doc>
<status status="NOT RUN" starttime="20230301 19:07:06.055" endtime="20230301 19:07:06.055"/>
</kw>
<kw name="Write Excel Cell" library="ExcelLibrary">
<arg>${ivalappended}</arg>
<arg>4</arg>
<arg>${flight_cost}</arg>
<arg>Sheet</arg>
<doc>Writes value to the cell.</doc>
<status status="NOT RUN" starttime="20230301 19:07:06.056" endtime="20230301 19:07:06.056"/>
</kw>
<status status="NOT RUN" starttime="20230301 19:07:06.053" endtime="20230301 19:07:06.056"/>
</branch>
<status status="PASS" starttime="20230301 19:07:06.053" endtime="20230301 19:07:06.056"/>
</if>
<status status="PASS" starttime="20230301 19:07:01.043" endtime="20230301 19:07:06.056"/>
</iter>
<iter>
<var name="${i}">97</var>
<kw name="Get Element Count" library="SeleniumLibrary">
<var>${count_individual_xpath}</var>
<arg>xpath://label[@id='flightCard-${i}']/div/div/div/span/span[1]</arg>
<doc>Returns the number of elements matching ``locator``.</doc>
<msg timestamp="20230301 19:07:11.062" level="INFO">${count_individual_xpath} = 0</msg>
<status status="PASS" starttime="20230301 19:07:06.056" endtime="20230301 19:07:11.062"/>
</kw>
<if>
<branch type="IF" condition="${count_individual_xpath} &gt; 0">
<kw name="Get Text" library="SeleniumLibrary">
<var>${fight_name}</var>
<arg>xpath://label[@id='flightCard-${i}']/div/div/div/span/span[1]</arg>
<doc>Returns the text value of the element identified by ``locator``.</doc>
<status status="NOT RUN" starttime="20230301 19:07:11.062" endtime="20230301 19:07:11.062"/>
</kw>
<kw name="Get Text" library="SeleniumLibrary">
<var>${fight_departure_time}</var>
<arg>xpath://label[@id='flightCard-${i}']/div/div[2]/div/div/p/span</arg>
<doc>Returns the text value of the element identified by ``locator``.</doc>
<status status="NOT RUN" starttime="20230301 19:07:11.062" endtime="20230301 19:07:11.063"/>
</kw>
<kw name="Get Text" library="SeleniumLibrary">
<var>${fight_arrival_time}</var>
<arg>xpath://label[@id='flightCard-${i}']/div/div[2]/div/div[3]/p/span</arg>
<doc>Returns the text value of the element identified by ``locator``.</doc>
<status status="NOT RUN" starttime="20230301 19:07:11.063" endtime="20230301 19:07:11.063"/>
</kw>
<kw name="Get Text" library="SeleniumLibrary">
<var>${flight_cost}</var>
<arg>xpath://label[@id='flightCard-${i}']/div/div[2]/div[2]/div/p</arg>
<doc>Returns the text value of the element identified by ``locator``.</doc>
<status status="NOT RUN" starttime="20230301 19:07:11.063" endtime="20230301 19:07:11.063"/>
</kw>
<kw name="Set Variable" library="BuiltIn">
<var>${ival}</var>
<arg>${i}</arg>
<doc>Returns the given values which can then be assigned to a variables.</doc>
<status status="NOT RUN" starttime="20230301 19:07:11.063" endtime="20230301 19:07:11.063"/>
</kw>
<kw name="Evaluate" library="BuiltIn">
<var>${ivalappended}</var>
<arg>${i} + 1</arg>
<doc>Evaluates the given expression in Python and returns the result.</doc>
<status status="NOT RUN" starttime="20230301 19:07:11.063" endtime="20230301 19:07:11.063"/>
</kw>
<kw name="Append To File" library="OperatingSystem">
<arg>../Outputfile/output.txt</arg>
<arg>${fight_name}${\n}Departure-${fight_departure_time}${\n}Arrival-${fight_arrival_time}${\n}Cost-${flight_cost}${\n}</arg>
<doc>Appends the given content to the specified file.</doc>
<status status="NOT RUN" starttime="20230301 19:07:11.063" endtime="20230301 19:07:11.064"/>
</kw>
<kw name="Write Excel Cell" library="ExcelLibrary">
<arg>${ivalappended}</arg>
<arg>1</arg>
<arg>${fight_name}</arg>
<arg>Sheet</arg>
<doc>Writes value to the cell.</doc>
<status status="NOT RUN" starttime="20230301 19:07:11.064" endtime="20230301 19:07:11.064"/>
</kw>
<kw name="Write Excel Cell" library="ExcelLibrary">
<arg>${ivalappended}</arg>
<arg>2</arg>
<arg>${fight_departure_time}</arg>
<arg>Sheet</arg>
<doc>Writes value to the cell.</doc>
<status status="NOT RUN" starttime="20230301 19:07:11.064" endtime="20230301 19:07:11.064"/>
</kw>
<kw name="Write Excel Cell" library="ExcelLibrary">
<arg>${ivalappended}</arg>
<arg>3</arg>
<arg>${fight_arrival_time}</arg>
<arg>Sheet</arg>
<doc>Writes value to the cell.</doc>
<status status="NOT RUN" starttime="20230301 19:07:11.064" endtime="20230301 19:07:11.064"/>
</kw>
<kw name="Write Excel Cell" library="ExcelLibrary">
<arg>${ivalappended}</arg>
<arg>4</arg>
<arg>${flight_cost}</arg>
<arg>Sheet</arg>
<doc>Writes value to the cell.</doc>
<status status="NOT RUN" starttime="20230301 19:07:11.064" endtime="20230301 19:07:11.064"/>
</kw>
<status status="NOT RUN" starttime="20230301 19:07:11.062" endtime="20230301 19:07:11.065"/>
</branch>
<status status="PASS" starttime="20230301 19:07:11.062" endtime="20230301 19:07:11.065"/>
</if>
<status status="PASS" starttime="20230301 19:07:06.056" endtime="20230301 19:07:11.065"/>
</iter>
<iter>
<var name="${i}">98</var>
<kw name="Get Element Count" library="SeleniumLibrary">
<var>${count_individual_xpath}</var>
<arg>xpath://label[@id='flightCard-${i}']/div/div/div/span/span[1]</arg>
<doc>Returns the number of elements matching ``locator``.</doc>
<msg timestamp="20230301 19:07:16.077" level="INFO">${count_individual_xpath} = 0</msg>
<status status="PASS" starttime="20230301 19:07:11.065" endtime="20230301 19:07:16.077"/>
</kw>
<if>
<branch type="IF" condition="${count_individual_xpath} &gt; 0">
<kw name="Get Text" library="SeleniumLibrary">
<var>${fight_name}</var>
<arg>xpath://label[@id='flightCard-${i}']/div/div/div/span/span[1]</arg>
<doc>Returns the text value of the element identified by ``locator``.</doc>
<status status="NOT RUN" starttime="20230301 19:07:16.077" endtime="20230301 19:07:16.077"/>
</kw>
<kw name="Get Text" library="SeleniumLibrary">
<var>${fight_departure_time}</var>
<arg>xpath://label[@id='flightCard-${i}']/div/div[2]/div/div/p/span</arg>
<doc>Returns the text value of the element identified by ``locator``.</doc>
<status status="NOT RUN" starttime="20230301 19:07:16.077" endtime="20230301 19:07:16.077"/>
</kw>
<kw name="Get Text" library="SeleniumLibrary">
<var>${fight_arrival_time}</var>
<arg>xpath://label[@id='flightCard-${i}']/div/div[2]/div/div[3]/p/span</arg>
<doc>Returns the text value of the element identified by ``locator``.</doc>
<status status="NOT RUN" starttime="20230301 19:07:16.078" endtime="20230301 19:07:16.078"/>
</kw>
<kw name="Get Text" library="SeleniumLibrary">
<var>${flight_cost}</var>
<arg>xpath://label[@id='flightCard-${i}']/div/div[2]/div[2]/div/p</arg>
<doc>Returns the text value of the element identified by ``locator``.</doc>
<status status="NOT RUN" starttime="20230301 19:07:16.078" endtime="20230301 19:07:16.078"/>
</kw>
<kw name="Set Variable" library="BuiltIn">
<var>${ival}</var>
<arg>${i}</arg>
<doc>Returns the given values which can then be assigned to a variables.</doc>
<status status="NOT RUN" starttime="20230301 19:07:16.078" endtime="20230301 19:07:16.078"/>
</kw>
<kw name="Evaluate" library="BuiltIn">
<var>${ivalappended}</var>
<arg>${i} + 1</arg>
<doc>Evaluates the given expression in Python and returns the result.</doc>
<status status="NOT RUN" starttime="20230301 19:07:16.078" endtime="20230301 19:07:16.078"/>
</kw>
<kw name="Append To File" library="OperatingSystem">
<arg>../Outputfile/output.txt</arg>
<arg>${fight_name}${\n}Departure-${fight_departure_time}${\n}Arrival-${fight_arrival_time}${\n}Cost-${flight_cost}${\n}</arg>
<doc>Appends the given content to the specified file.</doc>
<status status="NOT RUN" starttime="20230301 19:07:16.078" endtime="20230301 19:07:16.078"/>
</kw>
<kw name="Write Excel Cell" library="ExcelLibrary">
<arg>${ivalappended}</arg>
<arg>1</arg>
<arg>${fight_name}</arg>
<arg>Sheet</arg>
<doc>Writes value to the cell.</doc>
<status status="NOT RUN" starttime="20230301 19:07:16.079" endtime="20230301 19:07:16.079"/>
</kw>
<kw name="Write Excel Cell" library="ExcelLibrary">
<arg>${ivalappended}</arg>
<arg>2</arg>
<arg>${fight_departure_time}</arg>
<arg>Sheet</arg>
<doc>Writes value to the cell.</doc>
<status status="NOT RUN" starttime="20230301 19:07:16.079" endtime="20230301 19:07:16.079"/>
</kw>
<kw name="Write Excel Cell" library="ExcelLibrary">
<arg>${ivalappended}</arg>
<arg>3</arg>
<arg>${fight_arrival_time}</arg>
<arg>Sheet</arg>
<doc>Writes value to the cell.</doc>
<status status="NOT RUN" starttime="20230301 19:07:16.079" endtime="20230301 19:07:16.079"/>
</kw>
<kw name="Write Excel Cell" library="ExcelLibrary">
<arg>${ivalappended}</arg>
<arg>4</arg>
<arg>${flight_cost}</arg>
<arg>Sheet</arg>
<doc>Writes value to the cell.</doc>
<status status="NOT RUN" starttime="20230301 19:07:16.079" endtime="20230301 19:07:16.079"/>
</kw>
<status status="NOT RUN" starttime="20230301 19:07:16.077" endtime="20230301 19:07:16.079"/>
</branch>
<status status="PASS" starttime="20230301 19:07:16.077" endtime="20230301 19:07:16.079"/>
</if>
<status status="PASS" starttime="20230301 19:07:11.065" endtime="20230301 19:07:16.079"/>
</iter>
<iter>
<var name="${i}">99</var>
<kw name="Get Element Count" library="SeleniumLibrary">
<var>${count_individual_xpath}</var>
<arg>xpath://label[@id='flightCard-${i}']/div/div/div/span/span[1]</arg>
<doc>Returns the number of elements matching ``locator``.</doc>
<msg timestamp="20230301 19:07:21.085" level="INFO">${count_individual_xpath} = 0</msg>
<status status="PASS" starttime="20230301 19:07:16.080" endtime="20230301 19:07:21.085"/>
</kw>
<if>
<branch type="IF" condition="${count_individual_xpath} &gt; 0">
<kw name="Get Text" library="SeleniumLibrary">
<var>${fight_name}</var>
<arg>xpath://label[@id='flightCard-${i}']/div/div/div/span/span[1]</arg>
<doc>Returns the text value of the element identified by ``locator``.</doc>
<status status="NOT RUN" starttime="20230301 19:07:21.085" endtime="20230301 19:07:21.085"/>
</kw>
<kw name="Get Text" library="SeleniumLibrary">
<var>${fight_departure_time}</var>
<arg>xpath://label[@id='flightCard-${i}']/div/div[2]/div/div/p/span</arg>
<doc>Returns the text value of the element identified by ``locator``.</doc>
<status status="NOT RUN" starttime="20230301 19:07:21.085" endtime="20230301 19:07:21.085"/>
</kw>
<kw name="Get Text" library="SeleniumLibrary">
<var>${fight_arrival_time}</var>
<arg>xpath://label[@id='flightCard-${i}']/div/div[2]/div/div[3]/p/span</arg>
<doc>Returns the text value of the element identified by ``locator``.</doc>
<status status="NOT RUN" starttime="20230301 19:07:21.086" endtime="20230301 19:07:21.086"/>
</kw>
<kw name="Get Text" library="SeleniumLibrary">
<var>${flight_cost}</var>
<arg>xpath://label[@id='flightCard-${i}']/div/div[2]/div[2]/div/p</arg>
<doc>Returns the text value of the element identified by ``locator``.</doc>
<status status="NOT RUN" starttime="20230301 19:07:21.086" endtime="20230301 19:07:21.086"/>
</kw>
<kw name="Set Variable" library="BuiltIn">
<var>${ival}</var>
<arg>${i}</arg>
<doc>Returns the given values which can then be assigned to a variables.</doc>
<status status="NOT RUN" starttime="20230301 19:07:21.086" endtime="20230301 19:07:21.086"/>
</kw>
<kw name="Evaluate" library="BuiltIn">
<var>${ivalappended}</var>
<arg>${i} + 1</arg>
<doc>Evaluates the given expression in Python and returns the result.</doc>
<status status="NOT RUN" starttime="20230301 19:07:21.086" endtime="20230301 19:07:21.086"/>
</kw>
<kw name="Append To File" library="OperatingSystem">
<arg>../Outputfile/output.txt</arg>
<arg>${fight_name}${\n}Departure-${fight_departure_time}${\n}Arrival-${fight_arrival_time}${\n}Cost-${flight_cost}${\n}</arg>
<doc>Appends the given content to the specified file.</doc>
<status status="NOT RUN" starttime="20230301 19:07:21.086" endtime="20230301 19:07:21.086"/>
</kw>
<kw name="Write Excel Cell" library="ExcelLibrary">
<arg>${ivalappended}</arg>
<arg>1</arg>
<arg>${fight_name}</arg>
<arg>Sheet</arg>
<doc>Writes value to the cell.</doc>
<status status="NOT RUN" starttime="20230301 19:07:21.087" endtime="20230301 19:07:21.087"/>
</kw>
<kw name="Write Excel Cell" library="ExcelLibrary">
<arg>${ivalappended}</arg>
<arg>2</arg>
<arg>${fight_departure_time}</arg>
<arg>Sheet</arg>
<doc>Writes value to the cell.</doc>
<status status="NOT RUN" starttime="20230301 19:07:21.087" endtime="20230301 19:07:21.087"/>
</kw>
<kw name="Write Excel Cell" library="ExcelLibrary">
<arg>${ivalappended}</arg>
<arg>3</arg>
<arg>${fight_arrival_time}</arg>
<arg>Sheet</arg>
<doc>Writes value to the cell.</doc>
<status status="NOT RUN" starttime="20230301 19:07:21.087" endtime="20230301 19:07:21.087"/>
</kw>
<kw name="Write Excel Cell" library="ExcelLibrary">
<arg>${ivalappended}</arg>
<arg>4</arg>
<arg>${flight_cost}</arg>
<arg>Sheet</arg>
<doc>Writes value to the cell.</doc>
<status status="NOT RUN" starttime="20230301 19:07:21.087" endtime="20230301 19:07:21.087"/>
</kw>
<status status="NOT RUN" starttime="20230301 19:07:21.085" endtime="20230301 19:07:21.087"/>
</branch>
<status status="PASS" starttime="20230301 19:07:21.085" endtime="20230301 19:07:21.087"/>
</if>
<status status="PASS" starttime="20230301 19:07:16.079" endtime="20230301 19:07:21.087"/>
</iter>
<status status="PASS" starttime="20230301 19:02:19.325" endtime="20230301 19:07:21.087"/>
</for>
<kw name="Save Excel Document" library="ExcelLibrary">
<arg>../Outputfile/example.xlsx</arg>
<doc>Saves the current document to disk.</doc>
<status status="PASS" starttime="20230301 19:07:21.088" endtime="20230301 19:07:21.100"/>
</kw>
<status status="PASS" starttime="20230301 19:02:07.810" endtime="20230301 19:07:21.101"/>
</kw>
<kw name="Sleep" library="BuiltIn">
<arg>10</arg>
<doc>Pauses the test executed for the given time.</doc>
<msg timestamp="20230301 19:07:31.104" level="INFO">Slept 10 seconds</msg>
<status status="PASS" starttime="20230301 19:07:21.101" endtime="20230301 19:07:31.104"/>
</kw>
<tag>smoke</tag>
<status status="PASS" starttime="20230301 19:02:07.809" endtime="20230301 19:07:31.104"/>
</test>
<kw name="close all windows" library="initialize_resource" type="TEARDOWN">
<kw name="Close Window" library="SeleniumLibrary">
<doc>Closes currently opened and selected browser window/tab.</doc>
<status status="PASS" starttime="20230301 19:07:31.105" endtime="20230301 19:07:32.055"/>
</kw>
<status status="PASS" starttime="20230301 19:07:31.105" endtime="20230301 19:07:32.056"/>
</kw>
<doc>Validation of Login Page contents search page
Login to ibibo website
Enter Valid and Invalid cases</doc>
<status status="FAIL" starttime="20230301 19:01:18.948" endtime="20230301 19:07:32.056"/>
</suite>
<status status="FAIL" starttime="20230301 19:01:18.935" endtime="20230301 19:07:32.057"/>
</suite>
<statistics>
<total>
<stat pass="5" fail="1" skip="0">All Tests</stat>
</total>
<tag>
<stat pass="2" fail="0" skip="0">smoke</stat>
</tag>
<suite>
<stat pass="5" fail="1" skip="0" id="s1" name="Tests">Tests</stat>
<stat pass="5" fail="1" skip="0" id="s1-s1" name="Test Two">Tests.Test Two</stat>
</suite>
</statistics>
<errors>
</errors>
</robot>
